-0.88,-70.55
-0.85,-70.06
-0.82,-69.53
-0.79,-69.10
-0.79,-69.49
-0.78,-69.14
-0.79,-69.90
-0.78,-69.36
-0.78,-69.07
-0.77,-68.42
-0.77,-68.33
-0.73,-67.00
-0.68,-66.30
-0.64,-66.16
-0.60,-65.36
-0.57,-65.22
-0.54,-64.96
-0.52,-65.65
-0.48,-65.09
-0.45,-64.97
-0.43,-65.31
-0.41,-65.82
-0.39,-65.79
-0.38,-66.18
-0.38,-66.24
-0.38,-66.27
-0.38,-66.54
-0.39,-67.03
-0.42,-69.00
-0.45,-69.41
-0.48,-69.97
-0.51,-70.33
-0.53,-70.97
-0.57,-71.60
-0.59,-72.18
-0.63,-72.92
-0.69,-73.62
-0.73,-73.37
-0.78,-74.02
-0.76,-69.59
-0.74,-69.57
-0.73,-70.02
-0.71,-69.67
-0.72,-69.97
-0.72,-70.08
-0.73,-70.19
-0.74,-70.16
-0.74,-70.05
-0.76,-69.95
-0.74,-69.45
-0.73,-69.19
-0.72,-69.41
-0.68,-68.85
-0.68,-69.62
-0.67,-69.37
-0.67,-69.76
-0.67,-69.81
-0.66,-69.06
-0.64,-68.86
-0.65,-68.42
-0.61,-67.38
-0.62,-71.42
-0.66,-72.18
-0.69,-72.55
-0.70,-72.69
-0.72,-72.98
-0.73,-73.22
-0.76,-73.71
-0.80,-74.50
-0.81,-74.35
-0.85,-74.71
-0.89,-74.64
-0.87,-72.88
-0.88,-72.98
-0.86,-72.79
-0.85,-73.10
-0.88,-74.29
-0.87,-73.99
-0.86,-74.21
-0.87,-74.25
-0.89,-75.16
-0.90,-75.10
-0.90,-74.93
-0.93,-74.88
-0.89,-73.62
-0.89,-74.01
-0.89,-74.03
-0.86,-73.45
-0.83,-74.27
-0.85,-74.36
-0.85,-74.74
-0.87,-75.60
-0.89,-75.75
-0.94,-76.44
-0.98,-78.21
-1.05,-78.56
-1.08,-78.00
-1.08,-78.15
-1.07,-78.16
-1.06,-79.44
-1.06,-79.92
-1.06,-81.24
-1.08,-81.93
-1.14,-83.31
-1.17,-83.59
-1.18,-83.05
-1.17,-83.04
-1.15,-83.25
-1.12,-83.78
-1.15,-85.33
-1.17,-86.04
-1.21,-86.10
-1.22,-86.49
-1.22,-85.92
-1.18,-85.88
-1.17,-85.83
-1.13,-85.43
-1.11,-85.73
-1.11,-86.47
-1.08,-85.45
-1.05,-85.86
-1.02,-85.89
-1.01,-86.84
-1.00,-86.28
-1.01,-86.92
-1.00,-86.72
-0.99,-85.24
-1.00,-88.38
-0.99,-88.31
-0.97,-87.15
-0.96,-87.35
-0.94,-87.17
-0.93,-87.22
-0.95,-87.39
-0.96,-87.55
-0.97,-86.46
-0.94,-85.19
-0.89,-84.34
-0.84,-80.76
-0.75,-79.53
-0.68,-78.49
-0.61,-77.41
-0.52,-76.20
-0.45,-75.66
-0.39,-74.57
-0.33,-73.79
-0.26,-72.18
-0.19,-71.20
-0.12,-70.17
-0.07,-72.01
-0.02,-71.79
0.01,-71.34
0.04,-70.31
0.08,-69.13
0.12,-68.34
0.15,-67.13
0.19,-66.07
0.22,-65.16
0.26,-64.14
0.30,-63.34
0.37,-62.43
0.42,-62.42
0.40,-65.65
0.37,-65.58
0.34,-65.46
0.33,-65.13
0.30,-64.97
0.27,-64.62
0.28,-63.36
0.26,-63.05
0.26,-62.13
0.27,-60.90
0.28,-59.95
0.30,-59.51
0.31,-59.38
0.29,-60.86
0.28,-59.69
0.27,-59.79
0.25,-59.68
0.24,-59.85
0.21,-60.26
0.20,-60.42
0.18,-60.55
0.15,-60.45
0.12,-61.03
0.08,-61.22
0.02,-61.87
-0.03,-62.37
-0.07,-62.14
-0.13,-64.19
-0.18,-64.95
-0.25,-65.74
-0.29,-65.61
-0.33,-66.30
-0.37,-66.55
-0.42,-67.39
-0.45,-67.90
-0.49,-68.62
-0.52,-69.23
-0.56,-70.37
-0.63,-69.45
-0.67,-69.46
-0.72,-69.69
-0.74,-70.05
-0.76,-69.95
-0.77,-69.72
-0.79,-70.07
-0.79,-70.55
-0.82,-71.35
-0.85,-71.61
-0.85,-71.54
-0.86,-70.98
-0.85,-71.17
-0.88,-72.36
-0.89,-72.48
-0.92,-73.60
-0.94,-74.16
-0.99,-74.83
-1.01,-74.76
-1.04,-75.49
-1.06,-75.67
-1.07,-75.84
-1.05,-72.68
-1.02,-72.01
-0.96,-71.08
-0.94,-71.42
-0.90,-70.69
-0.86,-70.34
-0.84,-70.55
-0.77,-69.58
-0.71,-68.73
-0.71,-69.24
-0.69,-69.59
-0.64,-68.51
-0.63,-67.89
-0.59,-67.51
-0.56,-67.61
-0.54,-67.80
-0.51,-67.46
-0.52,-67.37
-0.53,-67.21
-0.54,-66.59
-0.51,-65.46
-0.48,-65.04
-0.49,-67.86
-0.50,-68.04
-0.51,-68.46
-0.51,-68.26
-0.54,-68.57
-0.55,-68.33
-0.53,-67.45
-0.52,-67.18
-0.51,-67.43
-0.49,-67.65
-0.49,-68.09
-0.51,-67.54
-0.50,-66.86
-0.47,-66.89
-0.44,-66.45
-0.42,-67.00
-0.44,-68.42
-0.47,-70.29
-0.54,-71.82
-0.60,-71.81
-0.66,-71.72
-0.69,-72.18
-0.71,-72.07
-0.72,-72.39
-0.75,-72.26
-0.78,-72.34
-0.79,-72.48
-0.80,-72.34
-0.82,-72.58
-0.84,-72.16
-0.85,-71.52
-0.83,-70.39
-0.79,-70.35
-0.79,-71.20
-0.76,-70.41
-0.74,-70.09
-0.73,-69.85
-0.72,-69.71
-0.69,-69.38
-0.68,-69.35
-0.68,-69.47
-0.68,-69.53
-0.66,-69.30
-0.65,-69.00
-0.64,-69.30
-0.63,-69.19
-0.62,-69.33
-0.63,-69.24
-0.64,-69.90
-0.62,-69.65
-0.63,-70.03
-0.63,-69.88
-0.63,-70.12
-0.64,-70.67
-0.65,-71.02
-0.63,-66.38
-0.60,-65.92
-0.55,-65.38
-0.53,-65.16
-0.49,-64.65
-0.45,-64.75
-0.42,-64.64
-0.39,-64.50
-0.35,-63.88
-0.32,-64.12
-0.31,-64.28
-0.32,-65.92
-0.32,-66.03
-0.33,-66.26
-0.34,-66.96
-0.36,-67.23
-0.38,-67.18
-0.39,-67.78
-0.42,-68.33
-0.44,-68.76
-0.47,-69.55
-0.48,-69.74
-0.51,-69.76
-0.54,-69.43
-0.54,-69.04
-0.56,-69.30
-0.56,-69.25
-0.57,-69.55
-0.58,-69.85
-0.58,-69.96
-0.59,-70.46
-0.60,-71.03
-0.62,-71.84
-0.59,-68.14
-0.58,-68.91
-0.59,-70.21
-0.62,-70.58
-0.61,-70.76
-0.62,-71.27
-0.66,-72.09
-0.69,-72.55
-0.72,-72.26
-0.77,-73.14
-0.79,-71.84
-0.83,-74.63
-0.83,-74.03
-0.86,-74.53
-0.88,-74.35
-0.86,-73.60
-0.84,-73.36
-0.87,-74.25
-0.90,-75.22
-0.91,-75.80
-0.95,-76.41
-0.97,-76.35
-0.98,-75.99
-0.98,-76.38
-0.98,-76.36
-1.02,-77.79
-1.02,-77.25
-1.05,-77.47
-1.04,-77.04
-1.03,-77.56
-1.00,-77.64
-1.01,-78.99
-1.00,-80.19
-0.97,-76.63
-0.94,-76.90
-0.92,-77.23
-0.90,-77.24
-0.89,-77.00
-0.89,-77.22
-0.88,-77.02
-0.86,-77.16
-0.88,-77.83
-0.90,-77.31
-0.92,-77.03
-0.95,-78.81
-0.96,-78.96
-0.97,-79.71
-0.99,-79.51
-0.99,-79.06
-0.99,-79.00
-1.00,-79.04
-0.99,-78.99
-0.98,-78.83
-0.97,-79.58
-0.99,-80.14
-1.03,-80.53
-1.02,-79.97
-1.01,-80.27
-1.00,-80.07
-1.01,-81.56
-1.01,-81.57
-1.02,-82.49
-1.03,-82.62
-1.00,-81.94
-0.98,-81.79
-0.97,-81.76
-0.98,-82.32
-0.99,-83.07
-0.99,-83.36
-1.02,-84.14
-1.06,-85.29
-1.10,-85.99
-1.12,-86.73
-1.12,-87.01
-1.12,-87.76
-1.13,-88.42
-1.14,-89.34
-1.11,-86.66
-1.09,-86.94
-1.08,-87.19
-1.06,-87.76
0.32,51.48
0.36,51.45
0.39,51.17
0.42,51.63
0.40,48.92
0.38,48.73
0.35,48.34
0.32,48.08
0.29,48.31
0.27,48.39
0.26,48.26
0.25,47.99
0.25,48.68
0.25,48.58
0.25,48.20
0.24,48.55
0.24,48.47
0.24,48.40
0.24,48.40
0.23,48.74
0.24,48.88
0.25,49.02
0.27,51.05
0.31,51.69
0.34,51.83
0.36,51.29
0.36,51.02
0.36,51.23
0.36,51.22
0.37,51.28
0.36,50.83
0.37,51.06
0.37,51.14
0.39,51.34
0.41,51.45
0.42,51.22
0.42,51.20
0.41,51.18
0.40,51.61
0.40,51.97
0.38,51.39
0.38,51.10
0.37,51.57
0.35,51.28
0.36,52.08
0.39,53.25
0.43,53.88
0.48,54.34
0.53,54.28
0.58,54.95
0.59,54.68
0.59,54.65
0.58,55.02
0.57,55.60
0.59,56.55
0.60,57.07
0.64,57.62
0.69,58.45
0.70,55.87
0.72,56.18
0.75,56.42
0.77,56.15
0.79,55.65
0.78,55.58
0.77,55.13
0.73,54.53
0.69,54.87
0.68,55.66
0.68,56.24
0.70,56.49
0.73,57.13
0.77,57.35
0.79,57.01
0.80,56.52
0.79,56.08
0.78,55.96
0.77,56.11
0.76,55.98
0.74,55.67
0.76,56.50
0.76,56.00
0.80,56.63
0.83,57.03
0.84,56.88
0.83,56.36
0.82,56.93
0.81,57.14
0.82,57.63
0.83,57.75
0.84,57.60
0.86,57.42
0.85,56.71
0.83,56.31
0.83,56.38
0.81,57.29
0.80,58.00
0.79,57.84
0.81,58.71
0.85,59.42
0.88,59.62
0.91,59.02
0.93,58.85
0.92,58.71
0.92,58.16
0.91,57.66
0.88,57.02
0.89,57.88
0.91,58.24
0.88,57.81
0.87,58.37
0.90,59.19
0.90,58.81
0.91,60.30
0.92,60.44
0.96,61.75
0.99,62.30
1.02,62.43
1.04,62.16
1.05,62.61
1.03,61.67
1.03,62.52
1.04,64.16
1.03,64.54
1.05,65.44
1.05,66.35
1.08,67.46
1.09,66.40
1.10,66.44
1.09,66.83
1.10,67.29
1.07,64.47
1.01,63.20
0.95,62.33
0.91,63.11
0.87,62.51
0.82,61.82
0.79,61.62
0.76,62.31
0.74,61.26
0.72,60.72
0.70,60.51
0.68,60.16
0.64,58.08
0.59,57.48
0.54,57.58
0.49,56.70
0.46,57.78
0.43,58.19
0.41,56.36
0.38,55.89
0.35,54.97
0.30,54.36
0.27,55.11
0.25,54.71
0.23,54.68
0.22,54.49
0.20,54.84
0.19,54.16
0.17,53.85
0.15,54.16
0.13,53.61
0.12,53.33
0.10,53.74
0.08,53.47
0.06,52.79
0.06,53.31
0.05,53.37
0.06,54.35
0.07,54.49
0.07,54.01
0.07,54.22
0.08,54.80
0.08,54.30
0.08,54.29
0.09,54.54
0.09,54.61
0.08,53.86
0.08,54.31
0.09,54.78
0.09,54.31
0.09,54.72
0.09,54.77
0.10,54.95
0.09,54.72
0.07,50.97
0.02,50.06
-0.00,49.47
-0.03,48.62
-0.06,47.63
-0.10,46.65
-0.13,45.78
-0.16,44.89
-0.19,44.18
-0.22,43.48
-0.24,42.60
-0.27,41.61
-0.29,40.96
-0.31,40.30
-0.27,48.20
-0.20,49.41
-0.13,50.27
-0.06,50.82
-0.00,51.59
0.07,52.55
0.14,53.69
0.21,54.95
0.28,55.99
0.35,57.31
0.44,58.59
0.53,60.11
0.62,60.95
0.74,62.20
0.86,62.58
0.95,62.33
1.03,63.95
0.98,55.85
0.94,55.48
0.91,55.36
0.89,54.56
0.86,53.72
0.81,52.69
0.75,51.83
0.69,50.79
0.63,50.86
0.58,50.85
0.55,50.90
0.53,51.11
0.51,51.45
0.48,51.02
0.45,50.60
0.44,50.92
0.42,51.30
0.43,51.60
0.46,56.54
0.51,57.25
0.57,58.19
0.63,59.39
0.68,59.67
0.74,60.31
0.77,60.73
0.80,61.46
0.84,62.06
0.88,63.30
0.93,64.71
0.99,65.63
1.07,67.35
1.16,68.87
1.24,70.70
1.30,71.21
1.35,72.22
1.41,73.30
1.40,67.11
1.37,67.38
1.35,67.52
1.33,67.69
1.30,67.94
1.29,68.94
1.29,69.40
1.27,69.33
1.25,70.15
1.23,70.48
1.21,70.75
1.21,71.65
1.21,72.42
1.22,72.94
1.23,73.32
1.25,73.76
1.24,74.24
1.21,73.53
1.19,73.60
1.17,73.73
1.13,73.77
1.11,74.00
1.09,73.43
1.08,73.72
1.08,74.09
1.06,73.50
1.04,72.89
1.00,72.72
0.97,72.15
0.93,71.64
0.91,71.00
0.86,70.36
0.79,69.32
0.73,68.94
0.69,69.23
0.65,68.83
0.67,72.01
0.68,72.36
0.69,72.04
0.69,72.37
0.71,73.09
0.75,73.59
0.77,73.75
0.82,74.47
0.83,72.92
0.81,70.24
0.75,68.77
0.68,67.36
0.62,67.95
0.57,67.20
0.55,68.47
0.56,69.52
0.58,69.71
0.57,69.06
0.57,67.86
0.55,67.13
0.53,66.25
0.49,65.67
0.45,65.65
0.42,65.95
0.40,65.89
0.38,65.30
0.36,64.62
0.33,64.25
0.32,63.35
0.28,61.95
0.23,61.15
0.18,60.54
0.13,60.53
0.10,60.10
0.06,60.52
0.04,60.50
0.02,63.78
0.03,64.07
0.06,65.15
0.09,64.92
0.12,65.25
0.12,63.68
0.13,63.87
0.13,63.68
0.11,62.76
0.12,63.90
0.12,64.02
0.13,64.33
0.13,63.16
0.13,63.56
0.12,62.18
0.10,60.62
0.09,60.82
0.06,60.40
0.05,62.77
0.04,62.80
0.04,61.55
0.02,61.11
0.00,60.81
-0.03,59.55
-0.04,58.76
-0.06,59.09
-0.07,59.27
-0.07,58.20
-0.07,58.33
-0.07,57.43
-0.06,57.00
-0.06,55.73
-0.07,55.79
-0.07,54.56
-0.09,54.22
-0.09,53.05
-0.10,52.78
-0.10,52.21
-0.12,51.85
-0.13,50.91
-0.13,50.29
-0.14,49.90
-0.14,49.05
-0.14,48.89
-0.15,48.29
-0.16,47.72
-0.16,46.52
-0.18,45.88
-0.20,45.12
-0.22,44.92
-0.24,43.93
-0.28,42.92
-0.31,42.87
-0.32,43.33
-0.31,43.47
-0.28,43.62
-0.26,43.85
-0.23,43.75
-0.22,43.55
-0.19,44.09
-0.16,44.97
-0.11,45.93
-0.06,45.83
-0.02,45.75
0.03,46.36
0.08,47.29
0.11,47.44
0.13,48.21
0.18,49.69
0.22,50.79
0.28,53.48
0.33,53.07
0.39,54.14
0.43,54.61
0.49,56.17
0.56,57.52
0.62,57.97
0.69,59.02
0.70,52.87
0.71,53.43
0.72,54.28
0.75,55.13
0.78,55.78
0.81,57.02
0.86,57.78
0.89,58.71
0.94,60.28
0.98,60.94
1.05,62.48
1.11,63.59
1.22,65.81
1.31,65.21
1.40,63.57
1.39,60.92
1.33,58.68
1.27,57.68
1.23,61.58
1.18,61.45
1.18,62.16
1.17,62.69
1.16,62.34
1.16,62.32
1.13,61.90
1.09,60.41
1.04,60.15
0.98,58.90
0.92,57.50
0.83,55.64
0.77,55.23
0.71,54.42
0.64,53.42
0.58,52.48
0.54,52.06
0.47,50.60
0.45,55.22
0.44,54.63
0.41,54.17
0.40,53.94
0.39,54.03
0.36,52.87
0.33,52.61
0.32,52.58
0.28,51.72
0.24,51.14
0.19,50.79
0.17,51.32
0.13,50.89
0.12,51.43
0.12,51.78
0.12,51.28
0.13,51.40
0.14,51.35
0.15,52.50
0.16,52.44
0.15,51.92
0.13,51.59
0.12,51.90
0.10,51.59
0.09,51.76
0.11,52.66
0.11,52.41
0.12,52.63
0.14,52.52
0.16,52.90
0.17,52.58
0.17,52.13
0.17,52.16
0.15,51.87
0.16,52.13
0.17,52.32
0.17,52.45
0.14,51.44
0.15,51.96
0.15,52.29
0.16,52.04
0.18,51.97
0.19,51.66
0.17,51.37
0.17,51.00
0.15,50.69
0.11,50.30
0.11,50.93
0.12,51.24
0.10,51.05
0.12,52.01
0.13,52.10
0.14,51.84
0.14,51.55
0.13,51.18
0.12,50.12
0.10,49.78
0.06,49.37
0.04,49.40
0.02,49.50
0.02,49.75
0.02,49.92
0.02,49.90
0.00,49.45
-0.00,48.78
-0.01,48.24
-0.01,47.65
-0.03,46.89
-0.05,46.05
-0.04,45.63
-0.05,44.86
-0.04,45.11
-0.04,44.48
-0.05,43.81
-0.05,43.40
-0.05,42.69
-0.06,42.00
-0.07,41.27
-0.07,40.85
-0.08,40.11
-0.09,39.37
-0.09,39.25
-0.10,38.61
-0.11,38.04
-0.11,37.44
-0.12,37.94
-0.11,37.80
-0.11,37.65
-0.11,37.22
-0.10,36.82
-0.09,36.87
-0.08,36.77
-0.07,36.55
-0.06,36.65
-0.04,36.55
-0.03,36.29
-0.00,36.49
0.03,37.34
0.05,38.05
0.09,37.83
0.11,37.95
0.13,38.60
0.15,38.93
0.19,39.96
0.21,40.22
0.24,41.21
0.28,42.14
0.31,42.44
0.34,42.94
0.39,44.26
0.44,45.19
0.49,45.27
0.54,45.45
0.57,44.84
0.58,43.21
0.60,44.64
0.61,44.80
0.64,45.46
0.66,46.28
0.68,46.48
0.72,47.46
0.76,48.07
0.79,48.75
0.83,49.04
0.88,49.29
0.91,49.12
0.96,48.97
1.00,48.83
1.02,49.64
1.04,50.02
1.05,50.23
1.05,50.72
1.04,51.09
1.03,51.24
1.01,51.44
1.02,51.79
1.02,51.87
1.03,52.28
1.02,51.85
0.99,51.16
0.97,51.16
0.93,50.63
0.90,49.95
0.88,49.88
0.85,49.36
0.82,48.81
0.80,48.62
0.77,48.18
0.74,47.67
0.72,47.35
0.69,47.30
0.66,47.25
0.64,47.06
0.63,47.21
0.62,47.08
0.60,46.70
0.59,46.50
0.57,46.11
0.56,46.33
0.55,46.47
0.54,46.34
0.53,45.97
0.52,46.26
0.51,46.03
0.50,45.97
0.50,46.50
0.50,46.43
0.50,46.40
0.49,46.24
0.49,46.44
0.49,46.43
0.49,46.80
0.50,46.55
0.51,46.62
0.52,46.72
0.52,46.81
0.52,46.35
0.52,46.19
0.50,45.72
0.49,45.35
0.47,45.11
0.46,45.15
0.45,45.19
0.44,45.11
0.44,45.40
0.44,45.22
0.43,45.20
0.44,45.35
0.45,45.64
0.45,45.66
0.45,46.10
0.45,46.03
0.46,46.46
0.46,46.49
0.46,46.70
0.47,46.64
0.48,47.30
0.49,47.54
0.50,47.73
0.52,48.51
0.54,48.82
0.56,48.88
0.57,49.03
0.59,49.57
0.61,49.77
0.63,50.05
0.66,50.45
0.63,45.82
0.61,45.86
0.58,45.77
0.56,45.41
0.54,45.48
0.52,45.35
0.51,45.18
0.49,44.69
0.48,44.87
0.46,44.67
0.45,44.46
0.44,44.66
0.43,44.51
0.42,44.43
0.41,44.28
0.40,44.45
0.39,44.25
0.39,44.21
0.39,44.93
0.38,44.92
0.38,45.16
0.38,45.34
0.38,45.36
0.38,45.85
0.38,45.99
0.38,46.19
0.39,46.22
0.40,47.08
0.43,47.33
0.47,47.40
0.50,47.67
0.53,47.30
0.54,47.56
0.55,47.09
0.54,46.58
0.52,46.09
0.53,47.33
0.52,46.85
0.52,47.32
0.50,46.90
0.47,47.57
0.49,48.34
0.51,49.43
0.55,49.93
0.59,49.74
0.63,50.33
0.65,50.09
0.67,49.38
0.66,48.92
0.64,48.90
0.63,49.34
0.63,49.83
0.62,49.79
0.64,50.57
0.63,49.73
0.64,50.30
0.65,50.90
0.66,51.33
0.68,51.99
0.71,52.50
0.75,52.93
0.78,53.26
0.83,53.50
0.87,53.49
0.91,53.40
0.92,53.55
0.92,53.28
0.91,53.43
0.90,53.59
0.92,54.30
0.96,55.26
0.98,55.63
0.99,54.88
0.99,55.23
0.99,55.82
1.02,57.25
1.04,57.88
1.07,59.01
1.10,59.98
1.15,60.86
1.19,61.44
1.22,61.61
1.24,61.82
1.22,61.73
1.21,62.17
1.20,62.40
1.20,63.20
1.19,63.60
1.22,64.35
1.25,64.74
1.27,64.90
1.28,65.03
1.29,65.62
1.28,65.45
1.24,64.92
1.21,64.98
1.15,64.80
1.09,65.02
1.07,65.30
1.06,65.90
1.07,66.60
1.09,66.44
1.06,65.40
1.04,65.08
1.00,65.08
0.94,63.72
0.89,63.47
0.85,63.30
0.82,62.51
0.78,61.69
0.72,61.06
0.67,60.28
0.63,60.24
0.59,59.93
0.58,59.93
0.55,59.00
0.52,58.29
0.49,58.04
0.45,57.36
0.40,57.07
0.36,56.56
0.34,56.85
0.32,57.06
0.31,56.74
0.30,56.65
0.27,55.87
0.25,56.47
0.22,57.12
0.21,57.95
0.25,59.58
0.29,59.87
0.33,60.45
0.36,60.26
0.37,59.39
0.36,58.54
0.34,58.13
0.32,58.69
0.32,58.68
0.32,58.95
0.33,59.63
0.34,60.18
0.35,59.96
0.35,60.56
0.34,60.52
0.32,58.28
0.30,59.34
0.31,59.77
0.31,60.10
0.33,61.63
0.36,61.47
0.38,61.16
0.39,61.34
0.41,61.87
0.41,60.49
0.40,60.14
0.40,60.76
0.39,60.07
0.37,59.77
0.38,61.19
0.38,62.22
0.40,62.37
0.44,63.52
0.44,62.29
0.46,63.88
0.51,64.67
0.52,63.66
0.53,62.66
0.57,63.61
0.55,61.67
0.52,61.46
0.52,61.33
0.52,62.64
0.49,61.92
0.51,63.60
0.55,65.27
0.58,64.67
0.62,64.92
0.65,65.45
0.67,64.88
0.66,62.48
0.66,63.34
0.65,62.30
0.63,63.17
0.61,62.53
0.60,62.32
0.59,62.77
0.60,64.26
0.61,63.24
0.62,63.01
0.63,63.49
0.62,63.35
0.60,61.89
0.59,62.36
0.59,63.65
0.60,63.09
0.62,63.98
0.64,64.29
0.64,63.87
0.63,62.11
0.62,60.71
0.59,59.60
0.56,59.73
0.54,58.72
0.51,58.35
0.47,57.49
0.44,58.05
0.40,57.10
0.39,57.34
0.36,57.12
0.33,55.68
0.31,55.38
0.28,54.93
0.24,53.87
0.20,52.26
0.15,52.19
0.10,51.81
0.07,51.86
0.03,51.25
-0.00,50.03
-0.03,49.27
-0.06,48.41
-0.10,47.19
-0.10,46.64
-0.13,45.73
-0.16,45.04
-0.20,43.84
-0.24,43.21
-0.28,42.67
-0.31,42.14
-0.34,42.54
-0.31,46.02
-0.28,45.79
-0.23,46.47
-0.20,46.00
-0.17,45.68
-0.13,46.04
-0.09,45.69
-0.07,45.61
-0.04,45.46
-0.00,45.46
0.03,45.54
0.06,45.86
0.09,46.21
0.12,46.65
0.12,46.18
0.14,46.56
0.16,46.65
0.17,47.35
0.18,47.35
0.20,47.50
0.22,47.88
0.25,48.48
0.28,48.66
0.29,48.42
0.30,48.67
0.31,48.68
0.32,48.81
0.33,49.14
0.34,49.73
0.36,49.75
0.37,50.31
0.39,50.70
0.41,50.92
0.44,52.44
0.47,52.93
0.50,53.62
0.55,54.36
0.59,54.44
0.64,54.15
0.67,53.37
0.70,53.85
0.70,52.15
0.67,50.81
0.63,50.36
0.59,50.37
0.57,50.86
0.53,50.27
0.51,50.96
0.52,51.60
0.53,52.10
0.57,52.63
0.59,53.48
0.62,53.52
0.64,53.89
0.65,53.86
0.66,54.32
0.67,54.17
0.68,54.55
0.70,55.12
0.71,55.37
0.75,55.34
0.76,55.41
0.77,55.16
0.77,54.79
0.74,54.31
0.72,54.59
0.71,54.52
0.70,54.31
0.71,54.86
0.71,55.97
0.73,57.09
0.79,58.19
0.84,58.72
0.89,59.49
0.94,59.88
0.98,59.66
0.99,59.57
0.99,59.72
1.00,60.56
1.00,61.13
1.02,62.53
1.08,64.30
1.14,65.67
1.21,66.14
1.26,65.76
1.30,66.99
1.31,66.62
1.31,65.60
1.31,65.64
1.27,65.19
1.23,65.88
1.20,66.35
1.18,68.38
1.17,67.56
1.19,69.01
1.21,69.47
1.21,69.22
1.18,68.88
1.15,69.35
1.13,69.59
1.11,70.14
1.12,71.22
1.14,71.78
1.17,71.85
1.20,71.60
1.16,70.26
1.13,70.32
1.10,70.40
1.07,70.44
1.06,70.49
1.02,69.81
0.96,68.87
0.90,68.02
0.84,67.37
0.79,67.09
0.75,66.92
0.75,67.26
0.73,66.40
0.70,65.99
0.66,65.34
0.63,64.97
0.57,64.42
0.54,64.56
0.52,62.92
0.47,62.30
0.42,62.14
0.39,61.78
0.37,61.52
0.35,61.41
0.33,61.27
0.30,60.58
0.28,60.54
0.24,60.05
0.23,60.43
0.20,60.12
0.19,60.10
0.17,59.23
0.15,57.98
0.13,57.64
0.09,56.85
0.04,56.20
0.02,57.32
-0.02,56.61
-0.02,56.47
-0.04,55.86
-0.06,55.30
-0.07,54.68
-0.07,53.86
-0.08,52.87
-0.08,52.15
-0.12,50.49
-0.14,49.73
-0.17,48.78
-0.20,48.24
-0.22,47.86
-0.26,47.65
-0.28,48.08
-0.31,48.61
-0.33,48.48
-0.36,47.58
-0.34,48.11
-0.32,48.51
-0.29,47.86
-0.25,48.36
-0.21,48.51
-0.18,48.48
-0.13,48.44
-0.10,49.01
-0.05,50.16
-0.02,48.53
0.03,49.63
0.08,50.00
0.12,50.68
0.18,51.51
0.21,50.39
0.24,49.77
0.25,49.96
0.25,49.58
0.25,49.64
0.26,50.35
0.28,51.55
0.30,51.53
0.33,52.17
0.35,52.69
0.38,52.14
0.39,52.40
0.41,52.97
0.41,51.11
0.41,51.60
0.41,51.18
0.41,51.19
0.41,51.74
0.41,51.74
0.41,51.56
0.41,51.69
0.41,52.18
0.42,51.97
0.43,52.27
0.44,52.49
0.46,52.92
0.48,52.74
0.51,53.12
0.54,52.89
0.56,52.15
0.58,52.46
0.54,50.11
0.50,49.78
0.48,50.02
0.44,49.89
0.43,50.61
0.42,51.23
0.41,51.42
0.40,51.29
0.41,51.90
0.43,52.37
0.44,52.45
0.45,52.87
0.47,53.53
0.48,53.69
0.49,53.49
0.51,53.95
0.52,54.51
0.54,55.04
0.60,56.79
0.65,57.25
0.71,58.14
0.76,58.52
0.81,57.77
0.83,57.55
0.84,56.94
0.85,55.67
0.84,53.76
0.82,54.03
0.77,52.37
0.74,51.77
0.69,51.32
0.66,51.14
0.61,50.38
0.58,49.89
0.54,49.79
0.51,49.45
0.49,49.41
0.47,52.57
0.48,53.25
0.50,54.06
0.50,54.10
0.52,54.53
0.55,55.09
0.58,55.28
0.60,54.58
0.61,53.97
0.61,54.02
0.61,53.17
0.60,52.76
0.59,52.45
0.57,52.24
0.55,51.68
0.54,52.09
0.53,51.88
0.51,51.79
0.51,52.73
0.51,52.43
0.51,52.65
0.51,52.97
0.51,52.71
0.51,52.70
0.52,53.22
0.54,53.80
0.57,53.58
0.59,53.39
0.60,52.93
0.63,53.27
0.62,51.54
0.58,50.72
0.52,49.87
0.49,49.65
0.45,50.07
0.42,49.59
0.43,51.30
0.43,51.39
0.43,51.02
0.42,51.10
0.41,51.41
0.40,51.44
0.39,51.29
0.39,51.85
0.39,52.31
0.41,52.60
0.43,53.08
0.45,53.31
0.47,53.23
0.49,53.59
0.50,53.70
0.51,53.58
0.51,53.64
0.51,53.93
0.51,53.44
0.51,53.73
0.50,53.63
0.49,54.04
0.50,54.66
0.52,55.49
0.57,56.43
0.62,56.79
0.68,57.71
0.71,57.10
0.74,56.60
0.74,55.56
0.72,55.57
0.71,55.77
0.69,55.52
0.68,56.02
0.69,56.66
0.72,57.43
0.71,56.86
0.72,58.01
0.77,58.80
0.80,59.33
0.85,60.06
0.92,60.23
0.95,59.74
0.96,58.99
0.95,58.45
0.95,58.38
0.91,57.85
0.90,58.51
0.89,58.90
0.91,59.79
0.94,60.28
0.96,59.77
1.00,60.82
1.02,61.09
1.02,61.62
1.03,62.30
1.00,61.93
1.00,62.78
1.01,63.98
1.02,64.62
1.03,64.91
1.05,65.47
1.05,65.22
1.03,64.56
0.99,63.36
0.95,62.76
0.92,62.17
0.90,61.72
0.88,61.90
0.87,62.10
0.86,61.88
0.85,61.73
0.84,61.06
0.86,62.49
0.88,61.63
0.85,60.56
0.81,59.78
0.74,59.37
0.69,60.04
0.66,59.49
0.65,60.57
0.64,60.45
0.64,60.06
0.62,59.07
0.60,58.43
0.60,58.30
0.57,57.84
0.56,57.65
0.56,58.11
0.53,58.17
0.52,58.92
0.53,59.82
0.54,60.03
0.54,60.46
0.59,61.71
0.60,61.14
0.60,59.99
0.61,60.15
0.62,59.38
0.58,58.80
0.57,59.12
0.56,59.99
0.55,60.33
0.59,61.34
0.62,61.98
0.63,62.10
0.67,61.56
0.68,60.98
0.67,59.82
0.67,59.67
0.64,58.83
0.61,58.06
0.59,57.75
0.57,58.64
0.56,58.65
0.55,58.09
0.55,58.39
0.53,56.95
0.51,56.65
0.49,55.95
0.46,56.49
0.45,56.09
0.43,56.55
0.42,57.43
0.42,57.34
0.41,56.30
0.42,59.11
0.43,58.60
0.46,59.83
0.47,60.04
0.49,60.59
0.53,63.01
0.58,62.60
0.61,61.56
0.63,60.52
0.63,60.36
0.62,58.93
0.61,58.84
0.59,58.53
0.58,59.34
0.56,58.67
0.55,58.70
0.55,59.32
0.55,58.48
0.53,56.55
0.50,56.11
0.47,55.07
0.45,55.53
0.42,54.75
0.39,54.16
0.35,53.99
0.33,53.66
0.29,52.90
0.28,52.73
0.25,52.72
0.22,51.53
0.20,51.35
0.18,51.49
0.15,51.10
0.12,50.05
0.09,49.84
0.07,49.84
0.06,51.79
0.05,51.69
0.04,51.66
0.02,51.36
0.01,51.94
0.02,52.37
0.03,52.33
0.04,52.72
0.04,52.69
0.06,52.93
0.07,53.15
0.09,53.55
0.10,53.49
0.10,53.76
0.12,54.18
0.14,54.34
0.15,54.51
0.16,55.17
0.19,55.81
0.18,53.33
0.18,53.43
0.17,52.98
0.16,53.17
0.16,53.07
0.14,52.55
0.13,52.39
0.12,52.50
0.11,52.13
0.11,52.17
0.09,51.96
0.08,51.69
0.07,51.38
0.05,51.16
0.04,51.39
0.03,51.59
0.03,51.51
0.02,52.03
0.03,54.90
0.05,55.99
0.07,56.64
0.09,57.52
0.13,59.00
0.16,60.00
0.19,60.33
0.25,62.03
0.34,63.99
0.44,64.47
0.52,64.70
0.60,65.20
0.66,66.16
0.70,65.72
0.72,65.97
0.73,66.21
0.75,65.98
0.77,65.94
0.78,66.62
0.80,66.92
0.83,68.14
0.90,69.30
0.95,69.17
1.01,69.66
1.03,69.50
1.06,70.40
1.09,70.93
1.12,71.77
1.11,72.07
1.13,73.21
1.15,74.22
1.17,75.02
1.22,76.20
1.24,76.49
1.26,77.07
1.26,77.45
1.26,76.77
1.28,77.11
1.29,76.85
1.27,77.12
1.29,77.67
1.26,77.35
1.24,77.75
1.24,78.74
1.21,78.68
1.19,78.86
1.20,80.06
1.21,80.58
1.20,80.19
1.17,80.11
1.16,80.78
1.15,81.12
1.14,81.45
1.14,82.31
1.14,80.05
1.11,79.64
1.09,79.32
1.04,78.79
1.00,78.80
0.95,78.05
0.91,78.02
0.85,77.10
0.78,76.80
0.78,77.06
0.76,76.57
0.77,76.59
0.74,75.47
0.70,73.63
0.65,72.65
0.58,72.42
0.52,71.97
0.45,71.13
0.40,72.14
0.33,69.52
0.28,69.86
0.27,70.60
0.27,70.40
0.28,70.56
0.29,69.32
0.25,68.77
0.20,66.93
0.15,66.01
0.09,65.72
0.02,65.52
-0.03,65.24
-0.06,64.24
-0.08,63.81
-0.10,63.14
-0.13,62.30
-0.14,62.57
-0.16,62.06
-0.18,61.42
-0.20,60.59
-0.21,59.93
-0.24,59.55
-0.21,60.23
-0.21,58.92
-0.20,58.25
-0.20,56.88
-0.20,56.35
-0.24,53.98
-0.26,53.76
-0.30,52.97
-0.26,59.17
-0.24,58.76
-0.20,59.42
-0.16,59.49
-0.13,60.77
-0.07,60.66
-0.01,61.55
0.05,62.40
0.10,61.69
0.15,62.38
0.19,62.63
0.23,63.58
0.27,62.96
0.30,63.93
0.33,64.09
0.37,64.59
0.40,64.26
0.44,64.35
0.50,64.25
0.56,64.56
0.58,62.45
0.55,60.63
0.52,60.29
0.49,59.83
0.46,59.48
0.42,59.45
0.40,59.80
0.38,59.03
0.36,59.48
0.34,59.24
0.33,59.44
0.31,58.44
0.31,58.67
0.29,58.21
0.28,58.26
0.26,57.93
0.24,57.68
0.22,57.35
0.21,57.54
0.19,56.56
0.16,56.20
0.14,56.22
0.12,55.88
0.09,55.38
0.07,55.31
0.05,55.37
0.03,54.86
0.02,54.92
0.01,54.80
-0.01,54.07
-0.02,53.25
-0.03,53.45
-0.03,52.93
-0.05,52.50
-0.05,51.85
-0.05,51.24
-0.06,50.67
-0.05,50.78
-0.05,50.18
-0.04,49.96
-0.03,49.80
-0.02,49.02
-0.02,48.64
-0.00,48.51
0.01,48.47
0.01,48.07
0.00,47.81
-0.00,47.42
-0.01,47.25
-0.01,46.70
-0.02,45.87
-0.02,45.63
-0.02,45.25
-0.02,44.61
-0.02,44.51
-0.01,44.38
-0.00,44.05
0.00,44.05
0.01,44.30
0.01,44.45
0.02,45.66
0.03,45.74
0.03,46.10
0.05,46.29
0.06,46.84
0.07,47.22
0.09,47.78
0.12,48.68
0.15,49.39
0.17,49.77
0.20,50.32
0.23,51.24
0.27,52.10
0.31,53.00
0.37,54.10
0.44,55.14
0.54,55.91
0.63,56.19
0.64,54.21
0.66,54.67
0.67,54.42
0.67,54.14
0.67,54.24
0.68,54.43
0.68,54.00
0.68,53.68
0.69,53.89
0.68,53.64
0.67,53.75
0.67,53.67
0.67,53.91
0.68,53.85
0.69,53.91
0.71,53.89
0.72,53.09
0.71,52.94
0.74,54.87
0.73,54.33
0.73,54.37
0.71,53.77
0.69,53.86
0.67,53.99
0.67,53.91
0.67,54.02
0.68,54.38
0.70,54.81
0.71,54.82
0.71,54.71
0.71,54.65
0.71,54.97
0.71,55.13
0.72,55.47
0.74,55.87
0.76,55.86
0.80,56.81
0.83,57.28
0.86,57.06
0.87,56.55
0.86,55.85
0.85,55.78
0.84,55.76
0.82,55.77
0.83,55.90
0.83,55.81
0.83,55.48
0.85,55.79
0.83,55.01
0.82,54.62
0.81,54.53
0.79,54.41
0.79,54.47
0.78,54.40
0.79,55.15
0.80,55.08
0.81,54.96
0.81,55.06
0.80,55.08
0.79,54.94
0.79,55.10
0.80,55.50
0.82,55.93
0.84,56.22
0.86,56.55
0.86,55.72
0.85,54.91
0.84,54.36
0.80,53.40
0.76,52.90
0.75,52.68
0.74,53.06
0.71,51.28
0.67,51.14
0.64,50.84
0.62,50.82
0.60,50.75
0.58,50.46
0.56,50.24
0.56,50.41
0.56,50.52
0.54,49.72
0.52,49.70
0.51,49.51
0.49,49.08
0.45,48.59
0.45,49.21
0.44,49.48
0.44,49.65
0.44,50.06
0.41,46.76
0.38,46.58
0.36,46.74
0.34,46.32
0.31,46.47
0.31,46.57
0.29,45.83
0.27,45.50
0.25,45.44
0.23,45.07
0.20,44.56
0.19,45.00
0.18,44.76
0.16,44.53
0.15,44.19
0.11,44.00
0.07,43.25
0.02,43.33
0.05,46.24
0.08,46.56
0.09,46.76
0.10,47.09
0.12,47.37
0.14,48.21
0.16,49.18
0.21,49.72
0.25,50.34
0.28,51.07
0.32,51.37
0.35,50.93
0.37,50.92
0.39,50.49
0.39,48.76
0.39,49.92
0.40,50.49
0.40,50.76
0.40,48.36
0.38,47.65
0.37,47.81
0.38,49.71
0.37,48.24
0.35,47.90
0.36,48.05
0.34,47.28
0.33,46.26
0.32,46.09
0.31,45.90
0.27,45.27
0.24,45.18
0.22,45.82
0.20,45.95
0.19,46.02
0.18,45.93
0.18,46.77
0.18,45.94
0.18,46.20
0.16,45.81
0.17,46.48
0.17,46.89
0.19,47.11
0.18,46.68
0.19,47.20
0.20,47.53
0.20,47.37
0.23,48.13
0.26,48.56
0.28,48.42
0.30,48.13
0.32,48.28
0.34,47.92
0.35,47.63
0.36,47.59
0.36,47.30
0.35,46.94
0.33,46.58
0.31,45.69
0.29,45.67
0.27,45.33
0.24,44.87
0.22,44.55
0.20,44.43
0.18,44.21
0.16,43.68
0.13,43.69
0.11,43.44
0.09,43.10
0.07,42.73
0.05,42.99
0.03,42.48
0.02,42.35
0.01,43.07
0.00,43.23
0.01,43.27
0.01,43.27
0.00,42.69
-0.00,42.02
-0.01,41.28
-0.03,40.36
-0.04,39.68
-0.05,39.50
-0.06,38.58
-0.07,37.77
-0.08,37.45
-0.09,36.62
-0.10,35.94
-0.11,35.44
-0.13,34.42
-0.14,33.83
-0.15,33.24
-0.16,32.35
-0.17,31.80
-0.18,31.14
-0.21,30.41
-0.24,29.52
-0.27,29.60
-0.31,30.09
-0.32,31.30
-0.31,32.96
-0.29,32.69
-0.20,35.92
-0.12,36.59
-0.05,36.83
0.02,38.19
0.08,39.47
0.14,40.35
0.20,41.86
0.30,44.22
0.42,46.38
0.53,46.80
0.64,46.85
0.73,45.89
0.81,47.06
0.84,45.65
0.88,45.77
0.89,45.62
0.90,46.20
0.97,46.46
1.02,47.02
1.04,47.84
1.06,48.66
1.07,48.58
1.06,49.52
1.08,50.54
1.09,51.21
1.12,52.05
1.15,53.18
1.18,53.48
1.19,52.68
1.18,52.53
1.18,52.24
1.17,52.62
1.16,52.80
1.13,52.94
1.12,52.87
1.10,53.93
1.11,54.28
1.11,54.49
1.11,55.01
1.11,55.19
1.09,54.49
1.05,54.26
1.01,54.46
0.97,54.16
0.94,54.33
0.91,53.99
0.89,53.74
0.88,53.42
0.89,53.30
0.88,52.70
0.86,51.63
0.84,51.37
0.81,50.58
0.78,50.52
0.74,49.91
0.68,49.37
0.64,49.48
0.60,49.55
0.57,49.13
0.56,49.53
0.57,49.45
0.56,48.98
0.54,48.19
0.50,47.31
0.47,46.75
0.42,45.99
0.37,45.80
0.33,45.89
0.31,46.52
0.29,46.71
0.28,46.57
0.26,46.35
0.24,47.21
0.24,48.74
0.28,50.37
0.31,51.00
0.37,51.81
0.43,52.69
0.49,53.46
0.53,53.31
0.58,53.80
0.61,53.92
0.61,53.49
0.61,53.88
0.63,54.17
0.66,55.00
0.67,54.98
0.72,55.93
0.77,56.55
0.79,54.83
0.80,54.85
0.82,55.14
0.83,54.99
0.84,55.22
0.84,54.56
0.83,54.56
0.82,54.70
0.82,54.74
0.83,54.37
0.84,54.20
0.85,54.25
0.85,53.55
0.82,52.96
0.78,52.43
0.76,52.45
0.75,52.62
0.72,52.88
0.72,53.74
0.73,54.63
0.79,55.10
0.83,55.74
0.86,55.93
0.88,55.84
0.88,55.35
0.87,55.09
0.85,55.35
0.84,55.10
0.83,55.45
0.84,56.42
0.85,56.97
0.89,57.13
0.93,57.63
0.97,57.75
1.00,58.22
1.01,57.97
0.99,54.09
0.95,53.25
0.89,53.09
0.85,53.40
0.81,53.49
0.77,52.81
0.78,53.77
0.77,52.94
0.79,52.39
0.75,50.82
0.71,50.47
0.67,49.89
0.62,50.58
0.60,51.55
0.62,52.44
0.63,52.68
0.65,52.27
0.65,50.51
0.69,53.98
0.70,53.62
0.69,53.19
0.67,52.81
0.64,53.04
0.64,53.36
0.63,53.28
0.65,54.04
0.68,54.48
0.71,53.91
0.72,53.40
0.73,53.49
0.73,52.95
0.73,52.91
0.70,52.64
0.69,53.29
0.69,53.78
0.70,54.07
0.68,51.70
0.66,52.76
0.66,52.71
0.65,52.80
0.65,52.46
0.66,53.79
0.68,53.61
0.68,52.96
0.69,53.14
0.69,52.77
0.68,51.79
0.66,51.23
0.65,51.49
0.63,50.73
0.61,50.47
0.59,50.90
0.59,51.78
0.58,50.82
0.58,51.68
0.57,50.74
0.57,51.79
0.58,51.92
0.57,51.28
0.56,50.99
0.57,52.66
0.57,52.44
0.58,52.52
0.59,52.65
0.61,54.13
0.63,53.64
0.66,53.81
0.68,54.22
0.67,52.47
0.67,52.69
0.67,52.72
0.67,53.18
0.69,55.07
0.70,54.25
0.72,53.12
0.71,53.54
0.69,52.01
0.68,51.85
0.66,51.19
0.64,52.25
0.64,51.69
0.62,51.85
0.61,52.77
0.61,52.78
0.63,52.46
0.61,51.69
0.62,51.92
0.60,50.37
0.59,51.09
0.57,50.75
0.56,49.81
0.54,49.73
0.53,48.81
0.49,47.96
0.48,49.41
0.47,49.13
0.47,49.11
0.46,49.42
0.50,51.09
0.49,49.38
0.48,48.65
0.47,48.91
0.47,48.86
0.44,47.16
0.43,47.36
0.40,47.67
0.38,46.75
0.39,47.59
0.34,44.82
0.30,44.24
0.28,44.78
0.24,43.94
0.22,43.40
0.20,43.80
0.18,42.57
0.15,42.00
0.11,41.47
0.10,41.76
0.05,40.44
0.01,40.43
0.00,40.87
-0.01,39.69
-0.06,38.59
-0.08,38.24
-0.09,37.66
-0.12,36.55
-0.14,35.73
-0.17,34.68
-0.19,34.05
-0.22,33.14
-0.24,32.24
-0.26,31.27
-0.29,30.73
-0.31,29.52
-0.33,28.75
-0.35,27.88
-0.38,27.01
-0.40,26.01
-0.43,25.18
-0.43,20.40
-0.40,21.75
-0.37,22.50
-0.35,22.17
-0.36,21.70
-0.38,21.21
-0.44,19.51
-0.49,18.43
-0.54,17.03
-0.58,16.03
-0.64,14.44
-0.68,13.23
-0.73,11.85
-0.78,10.36
-0.78,16.01
-0.77,16.01
-0.77,15.60
-0.76,15.28
-0.74,14.77
-0.74,14.07
-0.74,13.29
-0.74,12.90
-0.72,12.63
-0.73,11.84
-0.72,11.25
-0.68,11.03
-0.69,9.48
-0.70,8.78
-0.65,9.26
-0.68,7.42
-0.69,7.05
-0.70,6.99
-0.70,6.97
-0.72,6.18
-0.74,5.29
-0.74,4.84
-0.74,3.90
-0.75,3.01
-0.76,2.21
-0.78,1.44
-0.80,0.31
-0.81,-0.41
-0.83,-1.18
-0.85,-2.30
-0.87,-3.21
-0.87,-2.65
-0.86,-2.71
-0.85,-3.45
-0.85,-3.86
-0.85,-5.11
-0.86,-6.24
-0.89,-7.66
-0.92,-8.88
-0.95,-9.94
-0.98,-10.95
-1.02,-12.62
-1.06,-14.12
-1.09,-15.52
-1.12,-16.03
-1.14,-17.57
-1.17,-18.96
-1.19,-19.82
-1.22,-20.91
-1.25,-21.91
-1.28,-22.83
-1.30,-23.50
-1.33,-24.43
-1.36,-25.36
-1.39,-26.07
-1.41,-26.03
-1.43,-26.06
-1.43,-26.18
-1.44,-26.35
-1.44,-26.85
-1.44,-27.13
-1.43,-27.56
-1.43,-28.09
-1.42,-28.33
-1.42,-29.20
-1.42,-29.67
-1.40,-27.29
-1.37,-27.68
-1.35,-27.75
-1.33,-27.90
-1.31,-28.53
-1.29,-28.62
-1.27,-28.85
-1.25,-28.75
-1.23,-28.91
-1.20,-28.69
-1.18,-28.58
-1.15,-28.68
-1.12,-29.11
-1.09,-29.19
-1.07,-29.30
-1.04,-29.13
-1.03,-29.06
-1.00,-28.21
-0.96,-27.18
-0.94,-26.78
-0.90,-26.07
-0.85,-24.99
-0.80,-24.87
-0.75,-24.14
-0.71,-23.64
-0.67,-23.02
-0.62,-22.38
-0.58,-21.78
-0.54,-21.32
-0.50,-20.83
-0.45,-20.30
-0.41,-19.95
-0.38,-19.45
-0.35,-20.94
-0.34,-21.01
-0.32,-20.79
-0.30,-20.77
-0.31,-21.23
-0.30,-21.08
-0.29,-21.12
-0.29,-21.09
-0.28,-21.23
-0.28,-21.24
-0.28,-21.12
-0.27,-20.45
-0.26,-20.30
-0.25,-20.06
-0.24,-19.95
-0.23,-19.62
-0.21,-19.08
-0.19,-18.57
-0.18,-18.38
-0.16,-18.06
-0.14,-18.15
-0.13,-17.95
-0.13,-19.38
-0.13,-19.57
-0.14,-19.63
-0.14,-19.27
-0.13,-19.19
-0.13,-19.17
-0.13,-19.10
-0.12,-19.33
-0.12,-19.54
-0.12,-19.52
-0.13,-19.73
-0.11,-18.20
-0.11,-18.31
-0.10,-18.24
-0.09,-18.04
-0.11,-20.02
-0.10,-18.24
-0.09,-17.76
-0.09,-17.85
-0.08,-17.29
-0.07,-16.78
-0.05,-16.27
-0.04,-17.27
-0.04,-17.29
-0.03,-17.38
-0.02,-17.48
-0.02,-17.57
-0.02,-17.74
-0.02,-17.73
-0.02,-17.78
-0.02,-17.79
-0.03,-17.54
-0.03,-17.18
-0.02,-17.10
-0.00,-14.99
0.00,-16.08
0.01,-15.33
0.02,-14.50
0.03,-13.65
0.05,-12.76
0.06,-11.98
0.08,-11.24
0.09,-10.68
0.11,-9.87
0.12,-9.28
0.13,-8.55
0.15,-7.72
0.17,-6.34
0.19,-5.36
0.21,-4.63
0.24,-3.90
0.26,-2.90
0.28,-2.17
0.30,-1.23
0.32,-0.40
0.34,0.66
0.37,1.52
0.48,3.70
0.56,3.90
0.63,3.58
0.64,4.22
0.61,4.38
0.61,6.16
0.67,8.22
0.75,9.76
0.77,8.99
0.76,7.62
0.76,8.78
0.75,9.14
0.72,9.06
0.71,10.14
0.70,9.92
0.69,9.88
0.69,9.75
0.68,10.02
0.68,9.83
0.67,9.78
0.67,10.00
0.66,9.69
0.66,9.58
0.65,9.80
0.65,9.78
0.65,9.67
0.65,9.83
0.65,9.90
0.65,9.88
0.65,9.82
0.65,10.02
0.67,10.35
0.68,10.13
0.69,10.07
0.67,9.36
0.66,9.25
0.65,9.12
0.64,9.73
0.65,10.31
0.67,10.55
0.67,10.35
0.68,10.42
0.68,10.42
0.68,10.34
0.68,10.39
0.68,10.66
0.68,10.64
0.68,10.63
0.69,10.72
0.69,10.94
0.70,10.98
0.71,11.06
0.72,11.31
0.72,11.08
0.73,11.14
0.73,11.19
0.74,10.71
0.74,10.96
0.75,11.16
0.75,11.19
0.76,11.51
0.77,11.64
0.78,11.62
0.78,11.32
0.77,11.47
0.77,11.28
0.77,11.23
0.76,11.18
0.77,11.31
0.76,11.16
0.76,11.12
0.76,11.28
0.75,11.12
0.75,11.14
0.76,11.40
0.76,11.24
0.77,11.52
0.77,11.48
0.78,11.44
0.78,11.67
0.79,11.77
0.79,11.65
0.79,11.46
0.79,11.71
0.79,11.53
0.78,11.58
0.78,11.66
0.78,11.68
0.78,11.58
0.78,11.65
0.78,11.79
0.78,11.60
0.79,11.69
0.79,11.73
0.79,11.60
0.79,11.83
0.79,11.74
0.79,11.74
0.79,11.84
0.79,11.84
0.79,11.71
0.79,11.72
0.79,11.90
0.79,11.68
0.79,11.76
0.80,11.91
0.80,11.94
0.80,11.82
0.80,11.86
0.80,12.05
0.80,12.04
0.81,11.93
0.81,11.94
0.81,11.89
0.81,12.13
0.81,11.99
0.81,11.96
0.81,12.19
0.82,12.07
0.81,12.06
0.81,11.98
0.82,12.28
0.82,12.14
0.82,12.18
0.82,12.35
0.83,12.38
0.83,12.20
0.83,12.32
0.83,12.19
0.83,12.49
0.83,12.37
0.83,12.33
0.84,12.36
0.84,12.60
0.84,12.42
0.84,12.50
0.85,12.72
0.85,12.64
0.85,12.66
0.85,12.67
0.86,12.79
0.86,12.63
0.86,12.82
0.86,12.91
0.87,12.95
0.86,12.68
0.87,12.91
0.87,12.82
0.87,13.18
0.88,13.05
0.88,12.93
0.88,12.96
0.88,13.29
0.88,13.00
0.89,13.13
0.89,13.38
0.89,13.10
0.89,13.14
0.90,13.31
0.90,13.36
0.90,13.16
0.90,13.34
0.90,13.43
0.90,13.40
0.91,13.55
0.91,13.45
0.91,13.40
0.91,13.72
0.92,13.54
0.92,13.58
0.92,13.61
0.92,13.80
0.92,13.60
0.92,13.72
0.93,13.87
0.93,13.60
0.93,13.60
0.93,13.77
0.93,13.86
0.93,13.79
0.93,13.87
0.93,13.81
0.94,14.04
0.94,14.09
0.94,13.98
0.94,13.96
0.94,14.18
0.94,13.99
0.94,14.00
0.94,14.00
0.95,14.17
0.95,13.94
0.95,14.09
0.95,14.30
0.95,14.01
0.96,14.19
0.96,14.23
0.96,14.38
0.96,14.20
0.96,14.36
0.96,14.23
0.97,14.45
0.97,14.49
0.97,14.38
0.97,14.29
0.97,14.56
0.97,14.38
0.98,14.53
0.98,14.70
0.98,14.74
0.98,14.52
0.99,14.66
0.99,14.69
0.99,14.51
0.99,14.71
0.99,14.77
0.99,14.75
0.99,14.76
1.00,14.76
1.00,14.78
1.00,15.51
1.00,16.06
1.00,16.33
1.00,16.86
1.01,17.55
1.01,17.85
1.01,18.54
1.01,19.01
1.01,19.52
1.01,19.82
1.01,20.49
1.02,20.99
1.01,21.17
1.01,21.92
1.01,22.40
1.01,22.86
1.02,23.51
1.02,23.67
1.02,24.19
1.03,24.72
1.03,24.73
1.02,25.20
1.03,25.40
1.02,25.11
1.01,24.41
0.97,23.25
0.94,22.37
0.89,21.71
0.85,20.59
0.80,20.13
0.75,19.49
0.71,19.07
0.67,18.72
0.63,18.11
0.59,18.04
0.56,17.55
0.52,16.96
0.49,16.55
0.46,16.27
0.42,15.48
0.39,14.93
0.36,14.63
0.33,14.19
0.29,13.59
0.25,12.97
0.22,12.68
0.19,12.19
0.15,11.56
0.11,11.29
0.07,11.16
0.04,11.42
0.02,12.32
0.03,13.71
0.03,13.70
0.04,14.07
0.05,13.96
0.05,13.99
0.06,14.24
0.07,14.17
0.07,14.24
0.07,14.35
0.08,14.58
0.09,14.43
0.09,14.69
0.10,14.83
0.11,14.94
0.11,14.70
0.12,15.15
0.12,15.15
0.12,15.11
0.17,16.06
0.21,16.47
0.24,16.89
0.25,16.24
0.26,15.67
0.24,15.40
0.23,15.33
0.21,15.27
0.21,15.14
0.20,15.41
0.19,15.57
0.19,15.83
0.21,16.38
0.20,16.16
0.20,16.12
0.21,16.24
0.22,16.54
0.21,16.35
0.23,16.54
0.24,16.24
0.24,16.33
0.24,16.37
0.24,16.35
0.24,16.24
0.24,16.30
0.25,16.52
0.25,16.33
0.25,16.32
0.25,16.44
0.25,16.40
0.25,16.32
0.25,16.47
0.25,16.35
0.24,16.31
0.25,16.44
0.25,16.49
0.25,16.16
0.26,15.99
0.27,15.97
0.27,15.72
0.27,15.57
0.26,15.39
0.25,15.76
0.28,16.70
0.32,16.97
0.36,16.83
0.37,16.98
0.35,16.82
0.35,17.19
0.36,17.68
0.37,17.84
0.37,17.24
0.36,17.16
0.36,17.01
0.34,16.66
0.33,16.57
0.32,16.33
0.31,16.14
0.30,16.03
0.29,15.91
0.28,15.52
0.27,15.33
0.26,15.08
0.24,14.67
0.23,14.52
0.21,14.24
0.20,14.15
0.18,13.95
0.16,13.99
0.15,14.17
0.14,14.15
0.13,13.99
0.13,14.07
0.12,13.90
0.12,13.90
0.11,13.78
0.11,13.63
0.10,13.61
0.09,13.48
0.08,13.45
0.08,13.39
0.07,13.32
0.07,13.32
0.06,13.55
0.06,13.45
0.06,13.63
0.06,13.80
0.06,13.81
0.06,13.96
0.06,13.84
0.07,13.95
0.07,14.07
0.08,14.27
0.11,14.82
0.13,14.42
0.13,14.08
0.14,14.44
0.13,14.29
0.13,14.72
0.14,15.19
0.17,15.51
0.17,15.05
0.18,15.08
0.17,15.02
0.17,15.24
0.17,15.11
0.17,15.31
0.17,15.27
0.17,15.19
0.17,15.19
0.17,15.11
0.17,15.07
0.17,15.08
0.18,15.16
0.18,14.95
0.18,15.14
0.18,15.15
0.18,15.07
0.18,15.09
0.17,15.23
0.17,15.18
0.18,15.30
0.18,15.32
0.18,15.32
0.18,15.22
0.20,15.57
0.22,15.72
0.22,15.49
0.22,15.54
0.21,15.15
0.20,15.21
0.20,15.40
0.20,15.47
0.19,15.48
0.19,15.61
0.19,15.60
0.20,15.51
0.19,15.39
0.19,15.48
0.19,15.38
0.19,15.33
0.19,15.29
0.19,15.34
0.19,15.22
0.19,15.06
0.18,14.95
0.19,15.25
0.19,15.36
0.20,15.44
0.20,15.28
0.20,15.36
0.19,15.08
0.19,15.10
0.19,15.33
0.19,15.30
0.19,15.06
0.19,15.22
0.18,15.17
0.18,14.91
0.18,14.95
0.17,14.89
0.17,14.79
0.17,15.04
0.17,15.11
0.18,15.07
0.18,15.18
0.18,15.01
0.18,14.94
0.18,14.99
0.18,15.24
0.18,15.00
0.18,15.08
0.18,15.06
0.18,15.05
0.18,14.90
0.17,14.91
0.17,14.95
0.17,14.81
0.17,14.85
0.17,14.83
0.17,14.80
0.17,14.90
0.17,14.85
0.17,14.93
0.17,14.89
0.17,14.80
0.17,14.79
0.16,14.75
0.16,14.91
0.16,14.73
0.16,14.83
0.16,14.87
0.16,14.86
0.16,14.68
0.16,14.83
0.16,14.79
0.16,14.66
0.16,14.82
0.16,14.66
0.16,14.63
0.15,14.78
0.15,14.63
0.15,14.63
0.15,14.76
0.15,14.54
0.15,14.51
0.15,14.63
0.15,14.66
0.15,14.57
0.15,14.67
0.15,14.70
0.15,14.70
0.15,14.54
0.15,14.66
0.15,14.60
0.15,14.52
0.15,14.53
0.15,14.52
0.15,14.51
0.15,14.69
0.14,14.48
0.14,14.51
0.14,14.49
0.14,14.50
0.14,14.46
0.14,14.53
0.14,14.59
0.14,14.51
0.14,14.52
0.14,14.54
0.14,14.54
0.14,14.37
0.14,14.51
0.14,14.54
0.14,14.57
0.14,14.42
0.14,14.41
0.14,14.44
0.14,14.50
0.14,14.40
0.14,14.39
0.14,14.49
0.14,14.38
0.14,14.36
0.14,14.42
0.14,14.46
0.13,14.29
0.13,14.36
0.13,14.27
0.13,14.27
0.13,14.27
0.13,14.33
0.13,14.28
0.13,14.36
0.13,14.30
0.13,14.31
0.13,14.28
0.12,14.25
0.12,14.20
0.12,14.19
0.12,14.24
0.12,14.12
0.12,14.11
0.12,14.11
0.12,14.16
0.12,14.08
0.11,14.16
0.11,14.04
0.11,14.01
0.11,13.98
0.11,13.97
0.11,14.03
0.11,14.06
0.11,13.95
0.11,14.02
0.11,14.03
0.11,14.18
0.11,13.97
0.11,14.09
0.11,14.02
0.11,14.03
0.11,14.02
0.11,14.05
0.11,14.01
0.11,13.93
0.11,14.04
0.11,13.96
0.11,13.98
0.11,14.01
0.11,14.01
0.11,14.01
0.11,14.08
0.11,13.88
0.11,14.08
0.11,14.09
0.11,13.98
0.11,14.02
0.11,14.02
0.11,14.04
0.11,14.02
0.11,14.01
0.11,14.01
0.11,14.02
0.11,13.88
0.11,14.03
0.11,13.94
0.11,13.98
0.11,14.01
0.10,13.87
0.10,14.00
0.10,13.90
0.10,13.83
0.10,13.94
0.10,13.94
0.10,13.96
0.10,13.81
0.10,13.92
0.10,13.84
0.10,13.76
0.10,13.73
0.09,13.80
0.09,13.79
0.09,13.76
0.09,13.77
0.09,13.70
0.09,13.81
0.09,13.81
0.09,13.63
0.09,13.70
0.09,13.75
0.09,13.69
0.09,13.80
0.09,13.79
0.09,13.68
0.09,13.67
0.09,13.76
0.09,13.72
0.09,13.66
0.09,13.70
0.09,13.71
0.09,13.69
0.09,13.58
0.08,13.56
0.08,13.64
0.08,13.63
0.08,13.60
0.08,13.41
0.08,13.58
0.08,13.56
0.08,13.45
0.08,13.48
0.08,13.47
0.08,13.46
0.07,13.45
0.07,13.50
0.07,13.42
0.07,13.38
0.07,13.49
0.07,13.48
0.07,13.39
0.07,13.45
0.07,13.35
0.07,13.54
0.07,13.47
0.07,13.46
0.07,13.24
0.07,13.42
0.07,13.35
0.07,13.39
0.07,13.49
0.07,13.50
0.07,13.31
0.07,13.33
0.07,13.45
0.07,13.40
0.07,13.27
0.06,13.40
0.06,13.39
0.07,13.37
0.07,13.44
0.07,13.29
0.06,13.32
0.06,13.33
0.06,13.36
0.06,13.31
0.06,13.36
0.06,13.34
0.06,13.29
0.06,13.36
0.06,13.35
0.06,13.39
0.06,13.27
0.06,13.37
0.06,13.24
0.06,13.26
0.06,13.40
0.06,13.23
0.06,13.31
0.06,13.38
0.06,13.31
0.06,13.40
0.06,13.29
0.06,13.27
0.06,13.16
0.06,13.37
0.06,13.21
0.05,13.13
0.06,13.29
0.06,13.16
0.05,13.12
0.05,13.22
0.06,13.34
0.06,13.16
0.05,13.16
0.05,13.06
0.05,13.00
0.05,13.13
0.05,13.13
0.05,12.98
0.05,13.17
0.05,13.13
0.05,13.13
0.05,13.00
0.05,13.16
0.05,13.05
0.05,13.07
0.05,13.17
0.05,13.02
0.05,13.01
0.05,13.05
0.04,13.06
0.04,13.00
0.04,13.05
0.04,12.96
0.04,12.94
0.04,13.06
0.04,12.95
0.04,13.00
0.04,12.98
0.04,12.97
0.04,12.94
0.04,12.93
0.04,12.94
0.04,12.95
0.04,12.87
0.04,13.02
0.04,12.92
0.04,12.91
0.04,12.91
0.04,13.05
0.04,12.98
0.04,12.96
0.04,12.86
0.04,13.05
0.04,13.07
0.04,12.90
0.04,12.92
0.04,13.01
0.04,12.88
0.04,12.95
0.04,12.96
0.04,12.92
0.04,12.91
0.04,12.94
0.04,12.97
0.04,12.92
0.04,12.90
0.04,12.92
0.04,12.91
0.04,12.97
0.04,12.92
0.04,12.88
0.04,12.93
0.04,12.91
0.04,12.81
0.03,12.87
0.03,12.93
0.03,12.81
0.03,12.87
0.03,12.86
0.03,12.90
0.03,12.83
0.03,12.75
0.03,12.84
0.03,12.78
0.03,12.79
0.03,12.82
0.03,12.75
0.03,12.87
0.03,12.79
0.03,12.79
0.03,12.87
0.03,12.88
0.03,12.68
0.03,12.68
0.03,12.83
0.03,12.69
0.03,12.79
0.03,12.87
0.03,12.87
0.02,12.59
0.02,12.76
0.02,12.80
0.02,12.63
0.02,12.69
0.02,12.70
0.02,12.68
0.02,12.73
0.02,12.77
0.02,12.69
0.02,12.74
0.02,12.73
0.02,12.75
0.02,12.66
0.02,12.88
0.02,12.66
0.02,12.71
0.02,12.69
0.02,12.76
0.02,12.67
0.02,12.72
0.02,12.71
0.02,12.74
0.02,12.64
0.02,12.64
0.02,12.58
0.02,12.72
0.02,12.60
0.02,12.70
0.02,12.68
0.02,12.67
0.02,12.64
0.02,12.63
0.02,12.62
0.02,12.58
0.01,12.57
0.01,12.60
0.02,12.61
0.02,12.60
0.02,12.61
0.01,12.53
0.02,12.63
0.02,12.66
0.02,12.68
0.02,12.57
0.02,12.71
0.02,12.61
0.02,12.58
0.02,12.65
0.01,12.51
0.01,12.52
0.02,12.67
0.02,12.64
0.02,12.53
0.02,12.68
0.02,12.66
0.02,12.68
0.02,12.63
0.02,12.68
0.02,12.65
0.02,12.68
0.02,12.62
0.02,12.60
0.02,12.68
0.02,12.71
0.02,12.64
0.02,12.66
0.02,12.69
0.02,12.66
0.02,12.67
0.02,12.66
0.02,12.76
0.02,12.63
0.02,12.71
0.02,12.70
0.02,12.70
0.02,12.74
0.02,12.67
0.02,12.67
0.02,12.78
0.02,12.60
0.02,12.70
0.02,12.71
0.02,12.81
0.02,12.70
0.02,12.69
0.02,12.75
0.02,12.64
0.02,12.62
0.02,12.67
0.02,12.71
0.02,12.57
0.02,12.69
0.02,12.65
0.02,12.64
0.02,12.71
0.02,12.58
0.02,12.54
0.02,12.67
0.02,12.55
0.02,12.64
0.02,12.65
0.02,12.62
0.02,12.57
0.02,12.59
0.02,12.72
0.02,12.59
0.01,12.56
0.01,12.55
0.01,12.57
0.01,12.56
0.01,12.64
0.01,12.49
0.01,12.45
0.01,12.60
0.01,12.61
0.01,12.54
0.01,12.67
0.01,12.58
0.01,12.56
0.01,12.53
0.01,12.64
0.01,12.50
0.01,12.60
0.01,12.62
0.01,12.51
0.01,12.51
0.01,12.66
0.01,12.54
0.01,12.56
0.01,12.52
0.01,12.55
0.01,12.66
0.01,12.66
0.01,12.47
0.01,12.54
0.01,12.65
0.01,12.54
0.01,12.52
0.01,12.54
0.01,12.68
0.01,12.44
0.01,12.64
0.01,12.62
0.01,12.51
0.01,12.51
0.01,12.62
0.02,12.61
0.02,12.64
0.02,12.59
0.02,12.59
0.02,12.68
0.02,12.68
0.02,12.65
0.02,12.65
0.02,12.68
0.02,12.55
0.01,12.58
0.02,12.58
0.01,12.50
0.01,12.50
0.01,12.64
0.01,12.56
0.01,12.47
0.01,12.46
0.01,12.55
0.01,12.49
0.01,12.58
0.01,12.46
0.01,12.49
0.01,12.52
0.01,12.51
0.01,12.47
0.01,12.47
0.01,12.49
0.01,12.34
0.01,12.46
0.01,12.46
0.00,12.41
0.00,12.43
0.00,12.49
0.00,12.44
0.01,12.43
0.01,12.49
0.01,12.47
0.01,12.45
0.01,12.51
0.00,12.40
0.00,12.48
0.00,12.47
0.00,12.47
0.00,12.35
0.00,12.48
0.00,12.41
0.00,12.38
0.00,12.43
0.00,12.45
0.00,12.41
0.00,12.31
0.00,12.51
0.00,12.40
0.00,12.34
-0.00,11.83
-0.00,11.32
0.00,11.41
-0.00,10.88
-0.00,10.30
-0.00,9.84
-0.00,9.36
0.00,9.39
0.00,9.32
-0.00,8.88
-0.00,8.29
-0.00,7.83
-0.00,7.37
-0.00,6.78
-0.00,6.29
-0.00,5.85
-0.00,5.37
-0.00,4.85
-0.00,4.32
-0.00,3.86
-0.00,3.37
-0.00,2.91
-0.00,2.31
-0.00,1.82
-0.00,1.32
-0.00,0.85
-0.00,0.46
-0.00,-0.01
-0.00,0.01
-0.00,-0.10
-0.00,-0.05
-0.00,-0.20
-0.00,-0.16
-0.00,-0.17
-0.00,-0.22
-0.00,-0.18
-0.00,-0.17
-0.01,-0.22
-0.00,-0.24
-0.00,-0.14
-0.00,-0.13
0.00,-0.15
0.00,-0.24
-0.00,-0.18
-0.00,-0.17
-0.00,-0.16
-0.00,-0.17
-0.00,-0.04
-0.00,-0.20
-0.00,-0.14
-0.00,-0.16
-0.00,-0.13
0.00,-0.16
0.00,-0.15
0.00,-0.01
0.00,-0.05
0.00,-0.16
0.00,-0.01
0.00,-0.10
0.00,-0.12
-0.00,-0.10
-0.00,-0.22
-0.00,-0.18
-0.00,-0.20
-0.00,-0.19
-0.00,-0.19
-0.00,-0.14
-0.00,-0.12
-0.00,-0.16
-0.00,-0.16
-0.00,-0.18
-0.00,-0.16
-0.00,-0.17
-0.01,-0.28
-0.00,-0.11
-0.01,-0.31
-0.01,-0.19
-0.01,-0.20
-0.01,-0.23
-0.01,-0.22
-0.01,-0.24
-0.01,-0.22
-0.01,-0.21
-0.01,-0.17
-0.00,-0.10
-0.00,-0.08
-0.00,-0.20
-0.00,-0.12
-0.00,-0.20
-0.00,-0.10
-0.00,-0.12
-0.00,-0.16
-0.00,-0.15
-0.00,-0.08
-0.00,-0.12
-0.00,-0.16
-0.00,-0.20
-0.01,-0.21
-0.01,-0.22
-0.01,-0.34
-0.01,-0.25
-0.01,-0.27
-0.01,-0.21
-0.01,-0.22
-0.01,-0.20
-0.01,-0.19
-0.01,-0.26
-0.01,-0.17
-0.01,-0.20
-0.01,-0.19
-0.01,-0.26
-0.01,-0.29
-0.01,-0.26
-0.01,-0.19
-0.01,-0.31
-0.01,-0.17
-0.01,-0.20
-0.01,-0.31
-0.01,-0.32
-0.01,-0.17
-0.01,-0.26
-0.01,-0.27
-0.01,-0.31
-0.01,-0.25
-0.01,-0.25
-0.01,-0.35
-0.01,-0.31
-0.01,-0.38
-0.01,-0.30
-0.01,-0.30
-0.01,-0.30
-0.01,-0.32
-0.01,-0.26
-0.01,-0.36
-0.01,-0.30
-0.01,-0.36
-0.01,-0.33
-0.01,-0.33
-0.01,-0.31
-0.01,-0.29
-0.01,-0.21
-0.01,-0.30
-0.01,-0.31
-0.01,-0.32
-0.01,-0.24
-0.01,-0.28
-0.01,-0.27
-0.01,-0.24
-0.01,-0.29
-0.01,-0.27
-0.01,-0.23
-0.01,-0.28
-0.01,-0.27
-0.01,-0.25
-0.01,-0.31
-0.01,-0.21
-0.01,-0.19
-0.01,-0.25
-0.01,-0.32
-0.01,-0.29
-0.01,-0.27
-0.01,-0.24
-0.01,-0.25
-0.01,-0.24
-0.01,-0.24
-0.01,-0.27
-0.01,-0.28
-0.01,-0.28
-0.01,-0.29
-0.01,-0.28
-0.01,-0.29
-0.01,-0.19
-0.01,-0.28
-0.01,-0.29
-0.01,-0.21
-0.01,-0.17
-0.00,-0.17
-0.01,-0.22
-0.01,-0.31
-0.01,-0.24
-0.01,-0.21
-0.01,-0.30
-0.01,-0.30
-0.01,-0.31
-0.01,-0.30
-0.01,-0.27
-0.01,-0.23
-0.01,-0.23
-0.01,-0.22
-0.01,-0.31
-0.01,-0.26
-0.01,-0.28
-0.01,-0.29
-0.01,-0.28
-0.01,-0.34
-0.01,-0.35
-0.01,-0.28
-0.01,-0.36
-0.01,-0.30
-0.01,-0.29
-0.01,-0.30
-0.01,-0.31
-0.01,-0.31
-0.01,-0.32
-0.01,-0.29
-0.01,-0.31
-0.01,-0.31
-0.01,-0.31
-0.01,-0.30
-0.01,-0.35
-0.01,-0.29
-0.01,-0.27
-0.01,-0.29
-0.01,-0.25
-0.01,-0.26