9,8,-33.17
70,43,-33.24
221,168,-30.38
319,141,-30.18
312,99,-30.40
255,99,-30.07
208,19,-31.80
208,21,-31.81
231,21,-31.73
87,72,-31.33
120,40,-32.52
189,109,-31.10
125,151,-30.56
136,123,-31.46
134,183,-30.44
134,192,-30.47
84,192,-30.98
94,152,-32.33
162,248,-30.29
186,233,-30.47
146,189,-31.54
223,262,-29.62
214,252,-29.50
214,252,-29.18
194,225,-29.58
267,320,-26.87
230,251,-27.91
212,220,-28.31
129,288,-27.01
151,229,-28.33
151,274,-27.40
186,274,-27.22
166,311,-26.32
197,242,-27.57
239,260,-26.73
200,293,-25.76
250,229,-26.62
271,313,-23.84
271,328,-22.50
278,328,-21.43
299,244,-22.13
296,271,-20.48
221,246,-20.39
206,174,-21.48
202,204,-20.41
204,205,-19.94
204,187,-19.89
235,187,-19.28
293,213,-17.77
366,149,-17.81
299,104,-17.91
283,125,-16.69
264,77,-17.10
186,127,-15.83
186,188,-14.25
167,188,-14.05
156,175,-14.21
172,235,-12.66
154,272,-11.64
218,246,-11.61
277,290, -9.72
241,282, -9.14
241,248, -9.16
244,248, -8.44
259,318, -6.08
196,328, -5.33
212,327, -4.72
248,405, -2.13
258,401, -1.22
2,413, -1.44
247,413, -0.49
275,480,  2.11
260,442,  2.37
201,467,  3.64
238,509,  5.53
246,471,  5.74
229,512,  7.55
229,547,  9.29
249,547, 10.40
288,525, 11.24
285,585, 13.86
262,587, 15.43
284,567, 16.62
277,625, 19.49
243,630, 21.06
243,636, 22.64
253,636, 24.16
283,704, 27.36
279,664, 28.21
288,711, 30.99
312,780, 34.47
301,690, 34.41
279,766, 37.81
279,792, 40.18
330,792, 42.30
445,730, 43.68
373,796, 47.41
545,627, 47.25
594,443, 46.78
468,251, 45.15
325,-83, 39.23
325,-238, 36.86
174,-238, 36.87
120,-171, 38.08
559,-147, 40.95
947,-140, 45.69
1022,-319, 46.68
642,-616, 42.58
642,-658, 43.46
259,-658, 43.03
-59,-610, 41.84
-154,-542, 40.64
-24,-213, 46.15
337,-21, 51.13
721,-22, 54.26
783,-63, 56.84
783,-394, 52.85
872,-394, 56.30
690,-715, 51.51
314,-807, 49.22
241,-952, 45.21
120,-839, 46.09
245,-661, 49.32
533,-702, 49.54
533,-683, 51.06
626,-683, 52.70
537,-763, 52.03
388,-989, 47.13
254,-940, 47.30
247,-914, 47.00
355,-998, 44.90
310,-865, 47.28
310,-824, 47.80
312,-824, 47.48
414,-809, 48.08
452,-661, 51.90
354,-785, 49.27
267,-839, 47.54
300,-678, 50.75
291,-764, 48.60
291,-733, 48.96
347,-733, 49.00
375,-608, 52.00
498,-740, 50.12
376,-782, 49.38
369,-737, 50.48
469,-848, 48.74
392,-835, 49.17
392,-771, 50.76
292,-771, 50.14
255,-836, 47.86
234,-686, 50.19
232,-642, 50.35
219,-757, 46.94
408,-639, 49.68
336,-686, 48.48
336,-852, 44.55
481,-852, 44.94
465,-741, 47.73
269,-813, 45.45
176,-830, 43.77
332,-617, 48.12
114,-624, 46.59
253,-576, 47.10
253,-576, 46.60
319,-489, 48.43
305,-627, 45.27
307,-694, 43.52
283,-623, 44.63
133,-708, 41.49
148,-630, 41.98
148,-467, 44.49
263,-467, 44.24
190,-511, 42.29
232,-382, 44.40
293,-276, 46.54
243,-421, 42.91
157,-353, 43.36
312,-305, 44.35
312,-393, 42.36
283,-393, 42.05
188,-309, 43.09
265,-321, 42.53
358,-431, 40.30
244,-352, 41.50
162,-371, 40.14
232,-365, 39.73
232,-187, 43.17
128,-187, 42.28
188,-132, 42.98
228,-112, 43.20
208,-26, 44.81
212,-127, 42.38
246,-122, 42.38
345,-31, 44.88
345,-134, 43.16
221,-134, 42.88
247,-81, 43.95
159,38, 46.06
272,-42, 44.53
367,6, 46.31
305,20, 47.02
199,-137, 43.32
199,-77, 44.26
251,-77, 44.24
298,-55, 44.98
278,-118, 43.73
221,-27, 45.52
334,-17, 46.27
198,-123, 43.65
174,3, 45.94
174,14, 45.84
212,14, 45.72
300,-6, 45.66
310,123, 48.97
371,43, 48.12
477,-28, 47.97
414,-4, 49.47
445,-171, 46.91
445,-208, 47.01
382,-208, 47.53
286,-179, 48.14
303,-328, 44.91
333,-264, 46.40
423,-162, 49.36
493,-293, 47.94
568,-286, 49.84
568,-306, 51.15
556,-306, 52.80
560,-451, 51.21
567,-415, 53.51
516,-497, 52.92
423,-639, 50.33
417,-576, 52.10
470,-657, 51.04
470,-801, 48.45
427,-801, 48.63
311,-688, 50.68
419,-727, 50.11
412,-771, 49.34
442,-623, 52.97
649,-734, 52.20
681,-835, 51.67
681,-829, 53.39
563,-829, 54.30
543,-1032, 50.55
448,-1107, 48.83
418,-1090, 48.90
449,-1241, 45.41
464,-1265, 44.64
460,-1295, 43.69
460,-1422, 40.53
298,-1422, 39.11
380,-1391, 38.86
283,-1329, 38.81
252,-1354, 36.72
196,-1244, 37.31
296,-1160, 37.76
314,-1176, 36.19
314,-1176, 34.97
382,-1076, 36.39
378,-1104, 35.06
412,-1179, 32.84
315,-1120, 32.96
315,-1195, 30.17
316,-1249, 27.76
316,-1169, 28.28
295,-1169, 27.01
236,-1163, 25.54
267,-1121, 25.08
213,-1014, 25.82
244,-1028, 24.19
289,-966, 24.52
306,-892, 25.29
306,-953, 22.86
237,-953, 21.31
219,-907, 20.70
139,-844, 20.08
-16,-839, 17.37
-71,-686, 17.68
-33,-508, 19.00
136,-429, 19.33
136,-301, 20.87
279,-301, 20.56
287,-291, 20.51
281,-322, 19.52
267,-249, 20.74
295,-213, 21.39
281,-245, 20.49
339,-200, 21.60
339,-233, 21.03
320,-233, 21.03
303,-284, 19.80
336,-288, 19.73
318,-340, 18.48
279,-354, 17.78
276,-267, 19.31
300,-281, 18.83
300,-281, 18.65
339,-292, 18.45
339,-245, 19.52
397,-355, 17.48
382,-426, 16.07
329,-451, 15.28
311,-522, 13.33
311,-511, 13.11
313,-511, 12.67
269,-497, 12.30
262,-521, 11.06
312,-473, 11.68
320,-464, 11.55
348,-534,  9.81
355,-544,  9.37
355,-604,  7.79
363,-604,  7.52
356,-700,  5.06
304,-683,  4.69
297,-734,  2.79
304,-788,  0.80
310,-743,  0.98
308,-766, -0.30
308,-834, -2.62
301,-834, -3.55
313,-801, -3.67
335,-855, -5.56
333,-942, -8.27
321,-931, -8.98
318,-985,-11.14
318,-1066,-13.97
324,-1066,-15.07
287,-1032,-15.91
302,-1076,-18.36
287,-1144,-21.48
290,-1095,-22.06
296,-1139,-24.61
276,-1204,-27.80
276,-1173,-28.93
266,-1173,-30.76
269,-1224,-33.70
280,-1244,-35.95
243,-1182,-36.60
285,-1238,-39.55
60,-1255,-43.00
-233,-1164,-45.71
-233,-1088,-48.91
-346,-1088,-54.34
-364,-898,-55.58
-228,-609,-53.54
39,-540,-54.47
176,-453,-54.10
305,-375,-53.07
305,-510,-56.70
297,-510,-57.55
159,-544,-59.95
-155,-529,-63.39
-334,-495,-67.41
-234,-113,-62.98
4,257,-56.92
113,490,-52.78
113,720,-48.08
371,720,-46.74
393,665,-46.51
394,469,-49.23
436,409,-48.94
289,261,-51.57
109,129,-55.09
54,204,-54.46
54,148,-56.67
110,148,-57.37
194,88,-58.94
223,265,-55.11
112,210,-56.88
126,318,-54.99
196,466,-51.66
178,357,-53.98
178,372,-53.69
119,372,-54.05
107,367,-54.59
3,255,-58.13
33,314,-57.82
57,426,-56.11
120,296,-59.30
112,378,-57.96
112,333,-59.36
-9,333,-60.51
135,303,-61.50
186,421,-58.93
163,403,-59.37
158,303,-61.71
128,334,-61.42
-49,240,-64.91
-49,198,-67.37
-50,198,-68.94
-64,340,-67.40
-213,375,-68.91
-225,512,-68.15
-175,769,-64.22
-212,777,-66.01
-29,895,-64.27
-29,982,-63.06
144,982,-62.39
114,789,-66.21
198,770,-65.94
46,808,-65.29
24,764,-66.55
83,941,-62.59
68,983,-61.50
68,925,-62.60
151,925,-62.00
340,1064,-57.21
130,1024,-57.46
291,852,-59.80
207,837,-59.36
27,746,-61.69
173,695,-62.41
173,812,-59.44
79,812,-59.48
35,786,-60.35
106,837,-59.13
199,995,-54.91
70,976,-54.89
257,982,-53.27
210,1046,-50.61
210,857,-53.55
183,857,-52.68
330,792,-52.42
176,782,-51.92
291,697,-52.46
346,772,-49.23
195,853,-46.64
280,742,-47.76
280,730,-46.82
372,730,-45.11
301,702,-44.14
461,459,-47.12
292,442,-46.36
191,371,-47.43
77,287,-49.53
138,484,-45.11
138,528,-43.85
152,528,-43.43
302,539,-41.90
338,561,-39.91
311,416,-41.80
369,364,-41.48
237,338,-41.42
310,219,-43.06
310,181,-43.05
195,181,-42.92
30,187,-43.60
0,127,-45.91
35,286,-43.20
108,427,-40.24
286,362,-40.68
470,391,-38.06
470,369,-36.55
301,369,-35.56
291,243,-37.45
406,269,-35.46
376,228,-35.11
229,94,-37.76
169,82,-38.21
63,58,-39.54
63,58,-40.37
46,84,-40.71
4,202,-39.19
206,208,-38.85
195,256,-37.63
306,339,-34.91
436,255,-35.08
362,229,-34.50
362,234,-32.98
225,234,-32.35
136,173,-33.59
152,187,-33.16
128,201,-32.83
97,209,-32.80
360,310,-29.17
370,256,-28.81
370,111,-30.57
420,111,-29.01
397,48,-29.00
252,-57,-30.85
228,-126,-32.18
174,-82,-31.39
147,-144,-33.06
71,-128,-33.50
71,-22,-31.90
43,-22,-32.69
72,-45,-33.81
172,-8,-33.04
246,36,-31.64
212,-56,-33.41
199,-29,-32.73
199,-29,-32.61
233,-29,-32.29
192,-102,-34.15
189,-40,-33.09
128,-26,-33.38
125,-21,-33.86
169,83,-31.86
70,93,-32.39
70,94,-33.10
85,94,-33.75
132,209,-31.54
67,173,-32.93
173,168,-33.06
237,239,-31.12
233,166,-32.34
235,116,-33.14
235,148,-32.17
228,148,-31.91
150,62,-34.03
113,118,-33.30
100,219,-31.56
106,192,-32.51
123,285,-30.70
176,347,-29.16
176,282,-30.37
200,282,-30.09
276,348,-27.89
250,302,-28.26
310,210,-29.38
286,252,-27.78
196,150,-29.86
84,128,-30.93
84,214,-29.62
57,214,-30.26
92,259,-29.69
100,303,-29.03
135,415,-26.58
190,384,-26.87
236,415,-25.55
356,478,-22.78
356,354,-23.82
321,354,-22.47
264,339,-21.78
305,353,-20.24
293,279,-20.72
332,280,-19.41
347,250,-18.71
381,144,-19.56
381,150,-18.06
313,150,-17.08
284,90,-17.62
244,-3,-19.21
184,48,-18.05
125,27,-18.77
126,35,-18.86
154,145,-16.49
154,141,-16.52
173,141,-16.35
245,154,-15.48
273,218,-13.29
254,160,-13.86
240,174,-12.97
224,238,-11.05
163,205,-11.55
163,286, -9.55
164,286, -9.24
202,345, -7.40
199,294, -7.95
237,352, -5.92
274,360, -4.72
247,311, -4.94
247,383, -2.52
234,383, -1.70
240,397, -0.53
243,382,  0.03
222,464,  2.61
234,458,  3.40
256,483,  5.00
256,542,  7.39
256,501,  7.62
236,501,  8.59
244,529, 10.23
261,557, 12.00
227,521, 12.18
269,586, 15.10
263,614, 17.25
257,581, 18.03
257,655, 21.15
273,655, 22.81
291,656, 24.59
270,638, 25.81
275,709, 29.03
266,690, 30.27
241,740, 32.88
281,775, 35.44
281,746, 36.62
304,746, 38.53
486,842, 43.62
441,774, 44.91
554,602, 44.70
591,472, 45.40
472,156, 41.05
300,-132, 35.89
300,-153, 36.31
115,-153, 36.11
94,-181, 35.17
361,-85, 38.50
671,46, 44.54
935,-73, 46.65
849,-233, 47.17
593,-385, 46.16
639,-641, 42.86
195,-555, 44.01
-19,-466, 44.12
-51,-282, 46.31
134,-153, 48.61
651,19, 55.02
796,-78, 56.47
796,-439, 51.85
821,-439, 54.95
648,-591, 53.63
400,-898, 47.20
304,-1018, 43.98
200,-827, 46.96
176,-814, 46.10
280,-748, 47.06
280,-571, 50.59
397,-571, 51.09
393,-618, 50.51
526,-634, 51.32
597,-582, 54.04
496,-780, 50.65
447,-822, 50.19
504,-901, 49.18
504,-1141, 44.45
232,-1141, 43.19
41,-1047, 42.96
297,-957, 44.26
468,-923, 45.41
393,-791, 48.38
421,-815, 48.20
395,-848, 47.64
395,-647, 52.28
297,-647, 52.13
284,-695, 50.84
342,-733, 50.04
338,-611, 52.76
339,-721, 50.46
476,-789, 49.73
328,-728, 50.95
328,-871, 47.69
292,-871, 46.93
339,-853, 46.85
505,-732, 50.06
340,-792, 48.44
379,-748, 49.28
375,-692, 50.44
231,-829, 46.53
231,-740, 47.50
208,-740, 46.47
143,-711, 45.73
265,-816, 42.73
197,-680, 44.61
243,-662, 44.30
424,-714, 43.50
326,-613, 45.48
326,-650, 44.52
272,-650, 44.03
343,-694, 42.97
179,-544, 45.25
140,-518, 44.74
323,-524, 44.62
221,-466, 45.33
196,-588, 41.96
196,-578, 41.38
292,-578, 41.14
202,-447, 43.03
72,-505, 40.13
304,-439, 41.26
293,-309, 43.86
191,-405, 40.99
230,-318, 42.31
230,-183, 44.84
325,-183, 45.07
163,-272, 42.39
101,-229, 42.18
265,-182, 43.07
230,-268, 40.85
196,-213, 41.47
268,-200, 41.65
268,-286, 39.62
343,-286, 39.84
278,-232, 40.89
282,-245, 40.54
287,-269, 39.95
136,-104, 42.69
117,-86, 42.27
226,-51, 42.89
226,96, 46.06
191,96, 45.94
171,-7, 43.40
314,-65, 42.55
309,-43, 43.38
266,-122, 41.73
343,-67, 43.42
229,8, 44.97
229,-75, 43.08
201,-75, 42.78
188,23, 44.60
407,118, 47.75
376,-37, 45.25
247,-32, 45.37
263,-43, 45.23
185,-131, 42.90
185,23, 45.87
187,23, 45.62
259,38, 46.12
261,-69, 43.93
294,39, 46.58
206,-29, 44.94
227,-102, 43.21
132,31, 45.45
132,43, 45.17
250,43, 45.31
376,45, 46.23
336,119, 48.52
378,-3, 46.77
456,-42, 47.15
475,-18, 48.98
277,-240, 44.20
277,-258, 43.67
250,-258, 43.37
307,-170, 45.37
197,-247, 43.17
308,-145, 45.50
503,-75, 48.38
537,-177, 47.69
523,-132, 50.07
523,-186, 50.58
562,-186, 52.44
568,-350, 50.65
491,-315, 52.64
515,-397, 52.19
-82,-408, 30.40
-16,-141, 34.54
38,-11, 36.31
356,175, 41.34
747,253, 46.46
747,107, 46.64
722,107, 49.74
858,2, 51.54
574,-235, 48.60
497,-491, 44.44
336,-499, 44.56
343,-648, 41.55
373,-729, 40.03
373,-631, 42.40
319,-631, 42.41
294,-704, 40.65
270,-665, 41.16
349,-494, 45.14
379,-524, 45.03
482,-482, 47.08
447,-425, 49.32
447,-565, 47.23
463,-565, 48.17
483,-613, 48.14
478,-668, 47.87
338,-849, 43.88
324,-835, 43.94
370,-822, 44.26
331,-895, 42.46
331,-771, 44.67
394,-771, 44.64
328,-785, 43.92
285,-883, 41.06
241,-799, 41.89
236,-835, 40.13
187,-859, 38.31
177,-699, 40.54
177,-687, 39.68
190,-687, 38.65
228,-655, 38.56
325,-531, 41.14
380,-599, 39.92
333,-632, 39.11
311,-593, 39.75
285,-681, 37.45
285,-604, 38.72
298,-604, 38.46
134,-503, 39.52
216,-531, 38.31
250,-420, 40.38
176,-330, 41.71
212,-377, 40.31
393,-282, 43.07
393,-294, 43.56
400,-294, 44.34
341,-459, 41.08
290,-421, 41.85
377,-444, 41.80
366,-515, 40.59
402,-481, 41.83
309,-574, 39.74
309,-638, 38.18
183,-638, 36.93
114,-535, 37.61
157,-519, 36.74
57,-459, 36.30
91,-275, 38.94
263,-257, 39.10
442,-211, 40.95
442,-176, 42.61
432,-176, 43.47
483,-354, 40.64
389,-402, 39.92
203,-381, 39.61
113,-449, 36.83
225,-305, 39.35
104,-236, 39.69
104,-293, 37.32
154,-293, 36.44
300,-185, 38.82
234,-186, 38.54
247,-276, 36.33
323,-165, 38.94
349,-183, 38.96
261,-280, 36.68
261,-195, 38.34
284,-195, 38.35
177,-200, 37.63
161,-195, 37.05
275,-73, 39.74
319,-151, 38.38
221,-207, 36.84
123,-123, 37.80
123,-123, 37.00
227,-172, 35.70
336,-98, 37.72
321,12, 40.55
388,-82, 39.35
321,-63, 40.17
229,-41, 40.54
485,-124, 40.07
282,-124, 40.16
367,-60, 42.18
231,-69, 41.87
199,-218, 38.22
263,-181, 38.90
237,-242, 37.29
274,-328, 35.26
274,-226, 37.31
359,-226, 37.71
361,-273, 37.06
259,-330, 35.54
246,-240, 37.16
254,-259, 36.51
137,-265, 35.46
249,-171, 37.28
249,-247, 35.43
218,-247, 35.00
294,-264, 34.63
236,-179, 36.18
235,-249, 34.38
226,-171, 35.74
178,-75, 37.35
288,-141, 36.09
288,-88, 37.40
360,-88, 38.02
261,-113, 37.50
250,-230, 34.82
214,-146, 36.28
186,-102, 36.80
368,-123, 36.97
404,-50, 39.42
404,-97, 39.28
381,-97, 39.99
227,-186, 37.82
244,-80, 39.99
284,-122, 39.22
380,-140, 39.48
426,-78, 41.77
428,-212, 39.77
428,-262, 39.45
382,-262, 39.91
443,-207, 41.96
458,-342, 39.90
426,-381, 39.62
368,-372, 40.02
381,-502, 37.40
409,-432, 39.24
409,-432, 39.60
426,-394, 40.91
543,-499, 39.73
517,-423, 42.61
460,-482, 42.24
452,-596, 40.51
486,-542, 42.57
460,-610, 41.82
460,-676, 41.03
447,-676, 41.54
517,-612, 43.88
556,-724, 42.59
544,-832, 41.16
430,-820, 41.61
452,-957, 38.87
402,-1024, 37.22
402,-978, 38.01
389,-978, 37.76
381,-1097, 34.81
361,-1026, 35.83
334,-915, 37.69
405,-1013, 35.45
378,-991, 35.30
381,-988, 34.78
381,-1069, 32.38
412,-1069, 31.87
384,-1015, 32.41
362,-1008, 31.85
329,-1087, 29.19
319,-990, 30.31
338,-993, 29.43
338,-1066, 27.00
350,-1066, 26.17
398,-978, 27.59
378,-1040, 25.66
350,-1103, 23.46
336,-1036, 24.02
327,-1035, 23.14
354,-1022, 22.69
354,-964, 23.27
351,-964, 22.63
345,-1033, 20.40
364,-1068, 18.96
336,-1014, 19.30
339,-1049, 17.75
310,-1042, 16.92
320,-1000, 16.96
320,-1051, 14.97
280,-1051, 13.54
268,-985, 13.51
289,-918, 13.73
330,-973, 11.55
297,-963, 10.57
231,-946,  9.38
-6,-928,  6.88
-6,-777,  7.41
-188,-777,  3.73
-160,-562,  5.05
-14,-419,  5.90
242,-313,  7.62
457,-323,  8.11
513,-481,  5.60
257,-632,  1.54
387,-632,  1.41
337,-717, -0.92
266,-744, -2.47
220,-707, -2.89
272,-643, -2.34
327,-618, -2.26
371,-590, -1.83
371,-641, -3.13
444,-641, -2.93
452,-760, -5.36
404,-837, -7.29
401,-931, -9.73
334,-1046,-13.15
299,-1067,-15.13
299,-1058,-16.45
299,-1086,-18.59
287,-1086,-20.20
297,-1017,-20.20
339,-1026,-21.61
336,-1089,-24.25
354,-1057,-24.74
348,-1125,-27.46
348,-1226,-31.01
357,-1226,-32.39
343,-1234,-34.01
247,-1351,-38.64
312,-1411,-41.77
303,-1339,-42.07
77,-1424,-47.07
-310,-1402,-52.31
-310,-1180,-53.01
-472,-1180,-59.27
-474,-983,-61.10
-267,-721,-59.98
107,-474,-56.67
270,-544,-59.47
93,-573,-62.46
45,-488,-63.21
45,-439,-64.64
-133,-439,-68.11
-478,-124,-66.50
-227,315,-60.21
-254,589,-57.14
36,893,-51.35
230,953,-49.19
341,776,-51.63
341,716,-51.70
383,716,-50.29
264,504,-54.32
210,311,-58.54
141,259,-60.27
-98,196,-63.69
-168,229,-65.45
-184,548,-60.84
-184,680,-59.96
-127,680,-61.52
25,842,-58.58
218,986,-54.71
109,839,-57.80
62,730,-60.51
34,798,-59.57
-182,667,-64.24
-182,833,-62.44
-145,833,-63.90
9,1001,-60.71
49,997,-60.92
54,1159,-57.39
107,1227,-55.44
156,1192,-55.43
275,1181,-53.95
275,1095,-54.19
251,1095,-52.77
213,910,-55.72
238,969,-53.34
119,908,-54.25
128,886,-54.32
169,960,-52.05
42,918,-53.01
42,895,-53.61
178,895,-52.95
242,961,-50.44
213,918,-50.47
232,856,-50.87
252,913,-48.30
211,780,-50.14
244,754,-49.60
244,774,-48.06
319,774,-46.53
341,577,-49.29
212,516,-50.03
259,527,-48.97
188,427,-50.81
142,546,-48.14
201,614,-46.12
201,523,-47.56
261,523,-46.76
362,575,-44.22
220,484,-45.63
351,324,-47.97
272,306,-47.81
228,283,-48.05
321,182,-49.23
321,211,-47.65
327,211,-46.65
359,81,-48.39
256,-8,-49.98
263,53,-48.30
240,6,-49.09
129,28,-49.04
150,123,-47.19
150,64,-48.67
231,64,-48.44
152,88,-48.12
6,177,-47.16
-192,187,-48.97
-131,379,-46.63
-34,523,-44.53
195,498,-44.70
195,556,-42.75
319,556,-41.30
224,481,-42.09
204,304,-45.39
263,331,-44.03
169,346,-43.45
164,333,-43.50
254,474,-39.61
254,499,-38.13
310,499,-36.85
367,447,-36.42
426,402,-35.57
413,196,-38.48
331,74,-40.27
341,84,-39.23
340,-38,-41.13
340,-95,-41.76
170,-95,-42.16
99,-79,-42.62
26,-147,-45.34
-209,-7,-44.85
-190,196,-42.63
-83,286,-42.03
157,440,-38.48
157,502,-36.78
219,502,-36.03
278,419,-36.80
318,467,-34.54
306,388,-35.12
301,281,-36.48
296,330,-34.53
328,290,-34.32
328,34,-39.01
367,232,-33.68
387,204,-33.02
390,86,-34.40
393,-45,-36.23
375,-93,-36.19
98,-230,-40.11
-158,-171,-41.29
-178,85,-38.08
-319,59,-41.63
-184,238,-39.82
80,437,-35.79
315,487,-33.48
385,360,-34.66
324,312,-34.60
324,288,-34.09
285,288,-33.30
200,254,-33.76
222,385,-30.45
197,410,-29.48
282,385,-29.11
232,395,-28.29
340,305,-29.07
340,254,-28.81
372,254,-27.30
368,227,-26.42
380,136,-26.96
276,76,-27.53
170,84,-27.27
43,38,-28.94
54,129,-27.54
54,239,-25.58
142,239,-25.42
140,228,-25.52
305,289,-23.07
407,286,-21.39
329,168,-22.74
327,130,-22.49
289,96,-22.42
289,17,-23.40
279,17,-22.79
271,49,-21.51
307,2,-21.75
285,-26,-21.76
250,-6,-20.94
221,-70,-22.13
208,-64,-21.92
208,-23,-20.92
167,-23,-21.02
200,-70,-21.97
231,-53,-21.38
212,-28,-20.69
194,-93,-22.08
223,-44,-20.85
195,-51,-20.96
195,-86,-21.71
203,-86,-21.67
219,-12,-19.88
206,-25,-20.01
183,-69,-20.99
194,4,-19.34
223,-12,-19.41
213,-33,-19.68
213,22,-18.27
220,22,-17.98
199,-30,-18.97
215,-26,-18.69
200,33,-17.26
206,-15,-18.10
230,35,-16.68
230,81,-15.28
238,81,-14.80
238,18,-15.73
239,56,-14.49
178,56,-14.39
180,-2,-15.58
195,68,-13.89
189,91,-13.20
189,72,-13.41
219,72,-13.05
262,161,-10.45
263,159, -9.76
238,131, -9.80
263,188, -7.84
232,162, -7.83
193,168, -7.37
193,233, -5.58
203,233, -5.10
207,223, -4.83
225,241, -3.83
279,288, -1.86
268,251, -1.76
270,262, -0.64
260,299,  1.02
260,286,  1.61
250,286,  2.41
245,334,  4.26
237,340,  5.18
233,331,  5.75
267,376,  7.71
234,368,  8.35
263,373,  9.43
263,408, 11.19
277,408, 12.29
257,402, 13.13
274,436, 14.96
273,438, 16.10
277,413, 16.66
269,474, 19.07
269,463, 19.94
287,463, 21.14
260,462, 22.45
263,520, 25.10
276,478, 25.66
269,490, 27.33
288,585, 30.98
280,538, 31.52
280,570, 33.77
307,570, 35.49
295,610, 38.03
304,557, 38.59
409,603, 41.89
454,626, 44.98
517,485, 44.79
661,384, 46.11
661,138, 44.32
466,138, 46.57
664,-232, 41.36
740,-423, 40.07
747,-649, 37.75
671,-858, 35.06
456,-899, 34.59
209,-974, 31.89
209,-901, 32.41
-16,-901, 30.11
-111,-681, 31.91
5,-558, 32.53
54,-368, 35.12
226,-146, 39.68
442,-138, 41.01
578,-84, 44.15
578,-144, 44.81
626,-144, 47.29
558,-392, 43.81
535,-469, 43.68
339,-566, 41.87
285,-744, 37.80
155,-679, 37.88
144,-628, 37.68
144,-580, 37.50
225,-580, 36.78
393,-376, 41.60
483,-352, 43.19
470,-433, 42.39
444,-416, 43.51
391,-536, 41.28
338,-611, 39.59
338,-581, 40.15
324,-581, 40.00
228,-699, 36.65
217,-609, 37.75
225,-457, 40.41
302,-501, 39.34
378,-464, 40.46
378,-467, 40.74
348,-467, 40.91
288,-556, 38.74
303,-461, 40.66
288,-428, 41.24
317,-513, 39.39
296,-424, 41.20
357,-419, 41.61
357,-508, 39.91
298,-508, 39.75
307,-439, 41.19
240,-514, 39.12
263,-538, 38.22
262,-410, 40.69
350,-447, 40.15
414,-453, 40.62
414,-402, 42.36
346,-402, 42.64
208,-480, 40.37
237,-430, 41.04
263,-316, 43.36
296,-406, 41.47
260,-397, 41.46
295,-347, 42.58
295,-452, 40.31
320,-452, 40.38
400,-361, 42.96
420,-350, 43.98
360,-483, 41.45
390,-455, 42.51
445,-505, 42.17
364,-619, 39.87
364,-569, 41.08
275,-569, 40.73
175,-566, 39.88
152,-590, 38.30
175,-396, 41.71
200,-363, 41.93
293,-369, 41.87
364,-276, 44.42
364,-387, 42.54
369,-387, 43.01
340,-451, 41.88
324,-380, 43.59
349,-456, 42.26
296,-470, 41.90
214,-403, 42.87
188,-467, 40.56
188,-410, 40.87
199,-410, 40.05
359,-337, 41.79
306,-489, 38.28
218,-461, 38.10
222,-429, 38.07
266,-465, 36.82
10,-331, 37.85
246,-331, 37.44
206,-305, 37.39
210,-342, 35.98
215,-252, 37.41
183,-265, 36.46
95,-304, 34.42
99,-156, 36.54
99,-102, 36.77
108,-102, 35.92
295,-48, 37.36
444,53, 40.78
353,-61, 39.00
341,-127, 38.06
242,-60, 39.43
270,-140, 37.77
270,-145, 37.68
269,-145, 37.68
227,-85, 38.79
222,-218, 35.63
105,-199, 35.02
202,-146, 35.76
299,-198, 34.78
354,-135, 36.62
354,-120, 37.48
355,-120, 38.01
359,-229, 36.13
311,-184, 37.27
277,-150, 38.02
205,-233, 35.79
215,-137, 37.51
225,-185, 36.20
225,-258, 34.27
265,-258, 34.10
340,-161, 36.53
259,-225, 35.03
197,-227, 34.47
185,-105, 36.62
194,-136, 35.57
290,-127, 35.92
290,-72, 37.32
369,-72, 38.01
282,-201, 35.31
198,-207, 34.70
170,-127, 35.85
191,-144, 35.07
337,-24, 38.17
337,-3, 39.21
374,-3, 40.03
422,-137, 38.11
266,-122, 38.45
253,-131, 38.19
224,-192, 36.59
305,-89, 39.04
396,-147, 38.55
396,-216, 37.73
395,-216, 38.35
406,-158, 40.33
398,-244, 39.12
461,-310, 38.59
464,-279, 40.15
449,-393, 38.42
435,-412, 38.57
435,-344, 40.64
425,-344, 41.22
410,-422, 39.97
446,-420, 40.60
513,-388, 42.29
539,-542, 40.30
501,-552, 41.09
480,-588, 41.17
480,-692, 39.67
440,-692, 40.12
440,-614, 42.32
386,-627, 42.28
464,-726, 40.74
556,-711, 42.14
552,-813, 40.92
445,-947, 38.22
445,-925, 38.83
443,-925, 38.96
360,-1040, 36.04
365,-1074, 34.82
363,-984, 36.31
404,-1029, 35.15
349,-1041, 34.05
362,-956, 35.18
362,-1023, 33.04
410,-1023, 32.58
392,-1020, 32.08
382,-969, 32.62
363,-1056, 30.02
353,-1034, 29.70
318,-992, 29.65
360,-1042, 27.85
360,-964, 28.86
353,-964, 28.18
366,-950, 27.90
339,-1026, 25.48
384,-982, 25.89
391,-1017, 24.65
344,-1084, 22.37
359,-1039, 22.59
359,-1038, 21.90
324,-1038, 20.99
339,-1064, 19.59
329,-994, 20.26
363,-1027, 18.91
341,-1065, 17.28
333,-1023, 17.35
333,-1036, 16.25
308,-1036, 15.29
362,-1059, 14.12
308,-990, 14.38
300,-1019, 12.50
301,-1017, 11.29
245,-950, 11.22
211,-899, 10.69
211,-881,  9.50
5,-881,  6.76
-142,-726,  6.67
-167,-608,  5.83
53,-454,  7.25
232,-339,  9.04
450,-418,  7.90
434,-521,  6.02
434,-580,  4.98
334,-580,  4.60
330,-682,  1.91
279,-670,  1.35
273,-602,  2.02
319,-612,  1.30
351,-612,  0.99
388,-622,  0.66
388,-727, -1.81
417,-727, -1.92
423,-799, -3.59
379,-872, -5.65
363,-985, -8.79
337,-997, -9.98
293,-1008,-11.41
293,-1047,-13.47
311,-1047,-14.61
331,-1025,-15.44
328,-1028,-16.80
353,-1146,-20.60
345,-1166,-22.41
333,-1186,-24.31
294,-1295,-28.45
294,-1285,-30.08
265,-1285,-32.07
265,-1280,-33.94
243,-1319,-36.90
270,-1247,-37.27
308,-1289,-39.87
284,-1339,-42.84
278,-1300,-43.91
278,-1398,-47.98
256,-1398,-50.12
-144,-1462,-56.27
-520,-1240,-58.25
-556,-1064,-61.12
-392,-862,-62.18
-90,-596,-60.08
166,-583,-61.78
133,-583,-63.94
-125,-469,-65.02
-9,-239,-62.67
-242,-121,-63.84
-130,225,-59.08
-7,574,-53.06
47,613,-53.18
47,704,-51.78
329,704,-50.68
230,660,-51.14
337,424,-55.36
130,291,-58.80
-64,170,-63.27
-139,92,-67.37
-380,270,-67.22
-380,445,-66.88
-292,445,-69.69
-123,601,-68.02
-28,909,-62.19
74,995,-60.31
101,969,-60.67
205,1085,-57.30
172,872,-61.33
172,783,-62.89
113,783,-62.93
-20,864,-61.93
-87,817,-64.06
-56,983,-61.31
0,1150,-57.98
155,1116,-58.04
127,1190,-55.90
127,1232,-54.38
216,1232,-52.94
251,1012,-56.24
85,1021,-55.68
217,966,-55.78
109,833,-58.35
110,904,-56.53
160,893,-56.16
46,838,-57.46
46,838,-57.60
115,1010,-53.50
230,975,-53.14
129,963,-52.91
222,1026,-50.48
226,953,-51.00
172,883,-51.87
172,912,-50.64
228,912,-49.39
305,790,-50.45
174,702,-51.68
245,708,-50.52
234,598,-52.02
135,660,-50.40
122,764,-47.83
122,691,-49.09
229,691,-48.19
310,725,-46.09
270,705,-45.38
316,494,-48.72
338,520,-46.93
327,535,-45.42
250,345,-48.94
250,334,-48.71
373,334,-47.55
324,263,-47.97
201,136,-50.46
166,191,-49.25
192,159,-49.76
147,157,-49.91
147,300,-46.81
147,276,-47.25
187,276,-46.96
159,238,-47.68
181,375,-44.41
168,383,-43.91
266,363,-43.47
265,387,-42.09
317,290,-43.08
317,254,-42.85
222,254,-42.42
143,202,-43.61
36,151,-45.46
166,296,-42.24
139,425,-39.34
161,399,-39.60
386,451,-36.86
386,393,-36.52
501,393,-34.31
345,175,-37.89
261,90,-39.29
225,30,-40.45
234,-30,-41.65
238,10,-40.67
176,-58,-42.40
176,-105,-43.76
74,-105,-44.72
28,26,-43.00
-26,69,-43.37
3,157,-42.51
39,301,-40.05
130,315,-39.77
187,367,-38.30
187,419,-36.76
300,419,-35.67
448,291,-36.60
334,249,-36.44
325,196,-36.65
263,106,-38.12
304,158,-36.31
194,154,-36.31
194,88,-37.71
233,88,-37.49
104,105,-37.64
44,84,-38.96
4,40,-41.04
19,130,-40.10
-30,129,-41.34
90,218,-39.87
90,383,-36.57
202,383,-36.09
308,359,-35.55
347,358,-34.30
314,337,-33.71
184,233,-35.75
30,278,-35.49
116,409,-32.74
116,389,-33.19
161,389,-32.96
271,412,-31.58
357,385,-30.80
413,290,-31.28
356,284,-30.22
428,243,-29.55
287,120,-31.60
287,108,-31.03
148,108,-31.01
-19,88,-32.70
-36,135,-33.01
-8,323,-29.92
139,377,-28.72
312,409,-26.95
359,435,-25.01
359,435,-23.32
376,319,-24.13
351,259,-24.01
351,225,-23.39
285,137,-24.42
207,114,-24.56
151,128,-24.23
151,117,-24.44
111,117,-24.64
46,231,-22.67
162,247,-22.05
293,212,-21.81
354,225,-20.19
395,171,-19.83
341,57,-21.20
341,41,-20.54
266,41,-19.98
254,-31,-21.10
168,-58,-21.81
245,-23,-20.72
239,-68,-21.41
246,-66,-21.07
252,-43,-20.22
252,-81,-20.71
217,-81,-20.60
174,-19,-19.35
195,25,-18.29
192,-21,-19.20
204,20,-18.16
189,20,-18.06
209,-37,-19.13
209,22,-17.67
228,22,-17.35
222,-3,-17.62
220,-41,-18.22
218,10,-16.90
217,-46,-17.90
187,-70,-18.44
189,-2,-16.94
189,-28,-17.45
191,-28,-17.40
187,13,-16.46
225,90,-14.43
244,53,-14.73
264,93,-13.26
224,130,-12.02
227,86,-12.53
227,136,-11.00
213,136,-10.60
192,165, -9.67
172,139,-10.04
209,215, -7.96
233,213, -7.38
237,177, -7.54
237,238, -5.58
240,238, -4.89
251,220, -4.54
224,228, -3.80
231,299, -1.59
225,275, -1.44
229,288, -0.48
228,346,  1.49
228,318,  1.62
244,318,  2.43
249,352,  4.02
254,387,  5.71
269,346,  5.83
241,376,  7.32
245,385,  8.39
253,379,  9.19
253,413, 10.87
265,413, 11.90
258,412, 12.86
260,435, 14.37
262,479, 16.38
271,447, 16.81
266,470, 18.38
274,492, 20.01
274,467, 20.91
268,467, 22.30
267,514, 24.72
289,545, 26.98
277,515, 27.84
272,563, 30.37
291,573, 32.22
294,579, 34.00
294,579, 35.65
282,652, 38.86
263,628, 39.89
316,620, 41.53
428,719, 46.20
523,585, 46.33
577,443, 46.38
577,211, 44.51
422,211, 46.60
255,-201, 38.51
266,-309, 36.41
61,-338, 34.46
551,-363, 35.68
965,-323, 40.69
1022,-503, 41.14
1022,-785, 39.03
826,-785, 41.69
488,-879, 40.30
-88,-939, 36.24
-125,-821, 35.88
-50,-527, 40.08
-44,-367, 41.73
140,-175, 45.10
140,22, 48.85
751,22, 52.28
976,-132, 53.54
1060,-405, 52.37
615,-672, 48.38
214,-1044, 39.36
137,-1012, 38.43
238,-923, 39.42
238,-976, 37.37
29,-976, 35.23
-23,-781, 36.88
14,-565, 39.50
182,-432, 41.54
513,-253, 46.70
827,-326, 48.27
758,-546, 46.33
758,-614, 47.47
446,-614, 48.24
359,-758, 45.28
312,-862, 42.75
197,-767, 43.88
278,-806, 42.31
271,-741, 42.99
233,-621, 44.77
233,-706, 42.14
201,-706, 41.11
289,-660, 41.63
436,-562, 44.23
458,-687, 42.09
389,-680, 42.34
354,-629, 43.38
248,-727, 40.55
248,-654, 41.42
240,-654, 40.72
301,-689, 39.59
234,-764, 37.13
135,-666, 37.89
109,-606, 37.78
138,-598, 36.78
102,-436, 39.03
102,-436, 37.89
185,-350, 39.17
269,-323, 39.73
397,-200, 43.21
376,-279, 42.22
492,-353, 41.89
403,-292, 43.96
403,-400, 42.34
339,-400, 42.61
281,-438, 41.70
364,-363, 43.74
405,-500, 41.38
385,-543, 40.82
221,-529, 40.52
169,-622, 37.56
169,-511, 38.75
142,-511, 37.46
112,-394, 38.62
113,-382, 37.60
228,-225, 40.52
383,-168, 42.31
370,-310, 39.65
382,-290, 40.48
382,-356, 39.41
408,-356, 39.88
286,-439, 37.78
223,-324, 39.64
182,-318, 38.99
185,-311, 38.39
204,-165, 41.03
319,-180, 40.93
319,-231, 40.00
422,-231, 40.73
251,-181, 41.60
233,-281, 39.07
285,-295, 38.63
241,-223, 39.85
196,-299, 37.59
212,-234, 38.49
212,-151, 39.88
220,-151, 39.57
225,-233, 37.46
261,-192, 38.20
210,-168, 38.32
105,-245, 35.61
182,-95, 38.33
283,-26, 40.02
283,-107, 38.45
376,-107, 39.12
334,-56, 40.68
317,-117, 39.71
317,-194, 38.29
345,-112, 40.48
298,-142, 40.00
202,-224, 37.77
202,-144, 39.05
176,-144, 38.51
177,-226, 36.14
301,-233, 36.05
313,-160, 37.81
384,-279, 35.78
363,-287, 35.95
287,-223, 37.28
287,-283, 35.92
227,-283, 35.48
166,-206, 36.41
165,-129, 37.45
241,-212, 35.46
318,-166, 36.68
318,-136, 37.60
229,-240, 35.06
229,-158, 36.53
216,-158, 36.21
234,-143, 36.33
225,-181, 35.24
369,-61, 38.46
306,-130, 37.25
202,-211, 35.07
202,-120, 36.64
165,-120, 36.08
219,-134, 35.53
379,-94, 37.08
421,-17, 39.76
356,-123, 38.06
309,-152, 37.67
137,-79, 38.53
137,-138, 36.55
252,-138, 36.47
367,-87, 38.19
407,-59, 39.69
336,-190, 37.26
316,-127, 38.87
341,-103, 39.84
416,-215, 38.22
416,-202, 39.25
463,-202, 40.26
388,-276, 39.18
372,-388, 37.06
432,-296, 39.69
436,-330, 39.64
421,-412, 38.38
432,-336, 40.61
432,-401, 39.78
450,-401, 40.42
471,-460, 39.85
474,-430, 41.50
425,-537, 39.85
412,-543, 40.23
479,-446, 43.29
477,-572, 41.48
477,-599, 41.70
587,-599, 43.12
568,-645, 43.40
484,-840, 39.79
502,-840, 40.37
435,-878, 39.72
404,-1010, 36.73
401,-941, 38.05
401,-929, 38.18
335,-929, 37.69
347,-972, 36.31
356,-869, 38.20
402,-900, 37.49
389,-949, 36.27
435,-890, 37.67
414,-994, 35.07
414,-1060, 33.19
444,-1060, 32.87
350,-987, 33.64
405,-1064, 31.48
417,-1086, 30.51
384,-1033, 31.01
346,-1150, 27.56
384,-1156, 26.65
384,-1075, 27.69
344,-1075, 26.80
341,-1132, 24.63
308,-1063, 25.01
307,-1016, 25.00
348,-1051, 23.46
323,-1015, 23.32
323,-967, 23.50
321,-967, 22.67
363,-1035, 20.56
412,-976, 21.49
343,-985, 20.59
345,-1070, 17.98
380,-1074, 17.28
311,-1078, 16.17
311,-1096, 14.76
286,-1096, 13.59
283,-1050, 13.13
284,-1052, 11.68
270,-1047, 10.31
269,-961, 10.75
293,-941,  9.99
232,-958,  8.08
232,-888,  8.10
-3,-888,  5.31
-185,-792,  3.64
-203,-668,  2.64
-43,-466,  4.51
171,-375,  5.41
408,-382,  5.61
408,-444,  4.56
462,-700, -0.61
384,-603,  1.32
321,-641, -0.01
273,-617, -0.27
277,-644, -1.62
323,-604, -1.23
354,-556, -0.44
354,-644, -2.62
382,-644, -2.79
437,-719, -4.33
454,-775, -5.45
387,-914, -8.89
372,-968,-10.71
349,-966,-11.48
291,-1049,-14.48
291,-1046,-15.96
351,-1046,-17.16
370,-1008,-17.39
357,-1103,-20.62
391,-1130,-22.26
370,-1132,-23.50
340,-1274,-28.04
302,-1301,-30.42
302,-1251,-31.10
311,-1251,-32.78
292,-1352,-36.82
250,-1345,-38.81
290,-1284,-39.35
319,-1372,-42.97
124,-1332,-44.95
124,-1319,-47.47
-171,-1319,-52.24
-379,-1286,-57.45
-452,-983,-56.95
-258,-750,-56.46
54,-687,-57.63
261,-503,-54.81
236,-582,-57.77
236,-705,-61.82
210,-705,-63.43
-83,-652,-65.83
-256,-627,-69.77
-409,-359,-69.08
-438,108,-63.72
-278,435,-59.90
-108,748,-54.95
-108,989,-50.88
83,989,-50.76
252,860,-52.58
283,798,-52.90
338,756,-52.56
281,505,-57.30
140,399,-59.96
100,284,-63.20
100,164,-66.71
34,164,-68.08
-145,347,-66.38
-49,491,-64.74
-77,564,-64.64
-47,839,-59.75
122,918,-57.89
141,834,-59.47
141,877,-58.32
72,877,-58.49
-69,770,-61.86
-179,774,-63.53
-250,954,-61.65
-108,997,-61.77
-47,1052,-61.21
106,1236,-56.81
106,1194,-57.22
144,1194,-56.54
144,1223,-54.92
270,1282,-51.88
207,1091,-54.72
116,1027,-55.52
326,1029,-53.73
212,849,-56.69
212,879,-55.20
181,879,-54.53
214,878,-53.69
15,843,-54.78
125,972,-51.61
165,986,-50.61
144,927,-51.35
291,970,-49.06
291,909,-48.74
302,909,-47.09
307,758,-48.81
303,772,-47.08
324,606,-49.24
268,469,-51.32
284,490,-49.97
208,395,-51.63
208,401,-51.16
124,401,-51.31
151,567,-47.58
210,495,-48.62
253,531,-47.10
338,530,-45.87
328,324,-49.30
320,281,-49.43
320,293,-48.38
228,293,-47.83
303,181,-49.35
289,137,-49.59
335,87,-49.77
322,-46,-51.96
161,-6,-51.38
113,8,-51.61
113,-40,-53.20
121,-40,-53.74
130,77,-51.60
-134,143,-52.25
-289,219,-53.47
-159,483,-49.61
63,605,-47.28
226,644,-45.70
226,715,-43.36
270,715,-42.26
321,599,-43.18
274,548,-43.08
334,513,-42.35
243,349,-45.10
323,413,-42.51
290,494,-39.65
290,420,-40.15
234,420,-39.43
450,411,-37.68
456,381,-36.38
408,148,-39.96
417,50,-40.79
377,-55,-42.16
239,-162,-44.51
239,-115,-43.57
4,-115,-44.96
-231,-87,-47.06
-234,-45,-48.82
-127,216,-44.98
-8,311,-43.80
172,359,-42.50
207,480,-39.31
207,450,-39.33
241,450,-38.52
408,420,-37.44
379,434,-35.59
344,330,-36.57
347,303,-35.96
342,284,-35.25
380,155,-36.81
380,94,-37.04
391,94,-35.93
423,48,-35.67
237,-104,-38.93
-68,-96,-40.57
-249,-51,-42.39
-274,43,-43.18
-56,309,-38.72
-56,418,-37.40
144,418,-37.22
404,396,-36.03
397,386,-34.66
334,248,-36.54
243,176,-37.66
182,249,-35.99
102,276,-35.71
102,276,-35.99
88,343,-34.85
150,421,-33.01
280,389,-32.78
353,380,-31.67
379,345,-31.01
386,212,-32.56
212,153,-33.65
212,153,-33.50
115,106,-34.96
34,82,-36.43
-36,270,-33.59
18,377,-31.98
241,429,-30.17
274,496,-27.76
274,468,-27.39
370,468,-25.60
417,376,-25.60
382,356,-24.32
307,245,-25.55
149,201,-26.35
117,255,-25.20
90,247,-25.51
90,295,-24.58
174,295,-24.17
243,330,-22.59
362,256,-22.71
316,247,-21.75
324,192,-21.80
367,86,-22.82
316,64,-22.40
316,-6,-23.10
288,-6,-22.49
229,-78,-23.83
195,-66,-23.58
142,-84,-24.30
184,-93,-24.59
208,-14,-22.78
222,-17,-22.62
222,-13,-22.30
241,-13,-21.96
251,39,-20.40
247,-15,-21.16
240,-1,-20.52
215,7,-20.13
224,-56,-21.27
173,-31,-20.83
173,-13,-20.50
153,-13,-20.66
129,-57,-21.94
145,-2,-20.97
170,54,-19.75
244,59,-19.17
267,153,-16.47
285,115,-16.48
285,66,-16.80
260,66,-16.23
207,128,-14.59
191,60,-15.85
145,59,-15.98
131,140,-14.35
185,92,-15.18
227,102,-14.54
227,137,-13.33
262,137,-12.65
283,68,-13.40
291,81,-12.37
214,88,-11.89
170,20,-13.34
136,113,-11.47
136,187, -9.90
156,187, -9.76
217,213, -8.69
294,341, -4.86
304,338, -3.73
294,277, -3.96
245,313, -2.40
213,261, -2.94
213,255, -2.53
149,255, -2.36
170,334, -0.30
185,322, -0.08
225,366,  1.61
297,436,  4.35
334,386,  4.70
320,401,  6.36
320,411,  7.92
260,411,  8.91
241,366,  8.79
230,419, 10.73
201,438, 11.81
207,449, 12.78
234,527, 15.41
258,514, 16.24
258,517, 17.41
285,517, 18.97
331,566, 21.89
314,510, 22.41
291,534, 24.51
271,576, 26.93
253,529, 27.30
247,574, 29.63
247,646, 32.62
240,646, 34.05
273,603, 34.71
286,672, 37.88
300,677, 39.79
292,649, 40.91
391,740, 45.22
531,651, 46.42
531,395, 43.75
570,497, 49.24
493,301, 47.75
450,-90, 41.36
365,-242, 39.28
564,-329, 39.59
860,-557, 38.31
860,-672, 38.93
851,-672, 41.90
725,-804, 41.18
404,-1032, 36.27
-16,-966, 35.21
-54,-795, 36.40
-89,-669, 36.64
-71,-387, 40.67
-71,-215, 42.34
121,-215, 41.52
531,-101, 45.61
751,-32, 50.41
925,-274, 49.32
895,-545, 47.05
375,-701, 43.98
202,-884, 39.10
202,-865, 38.49
70,-865, 36.73
99,-733, 38.12
20,-736, 35.92
90,-575, 37.80
194,-427, 40.23
304,-432, 40.08
464,-301, 43.88
464,-278, 45.44
598,-278, 47.29
587,-404, 46.24
585,-402, 48.16
457,-555, 45.87
273,-698, 42.54
259,-613, 43.73
283,-683, 41.72
283,-712, 40.53
132,-712, 39.09
223,-534, 42.17
409,-524, 42.81
473,-525, 43.58
352,-497, 44.30
347,-607, 41.95
315,-566, 42.64
315,-453, 45.00
222,-453, 44.46
308,-528, 42.73
382,-472, 44.27
382,-419, 45.81
351,-587, 42.30
311,-587, 42.09
209,-589, 41.25
209,-638, 39.37
174,-638, 38.32
283,-503, 40.92
314,-505, 40.83
177,-555, 38.87
237,-392, 41.97
308,-338, 43.27
244,-348, 42.83
244,-235, 45.15
258,-235, 45.17
317,-304, 43.99
390,-351, 43.62
436,-304, 45.56
446,-411, 44.16
454,-490, 43.29
445,-413, 45.75
445,-551, 43.49
369,-551, 43.70
272,-605, 42.14
173,-541, 42.58
77,-603, 39.74
184,-460, 42.04
135,-373, 43.00
135,-390, 41.77
253,-390, 41.57
320,-262, 44.63
400,-265, 45.40
385,-431, 42.42
430,-391, 44.08
430,-396, 44.78
193,-484, 42.26
193,-340, 44.81
247,-340, 44.35
275,-334, 44.19
363,-388, 43.21
383,-290, 45.66
246,-426, 42.22
282,-497, 40.26
262,-379, 42.33
6,-434, 39.21
248,-434, 38.65
255,-401, 38.87
231,-286, 40.84
215,-362, 38.61
94,-332, 37.95
107,-210, 39.47
141,-227, 38.25
141,-118, 39.84
284,-118, 39.96
294,-49, 41.69
269,-156, 39.42
433,-79, 42.07
374,-110, 42.06
301,-267, 38.76
218,-225, 39.23
218,-272, 37.76
149,-272, 36.89
190,-281, 36.05
187,-170, 37.88
235,-212, 36.71
271,-237, 36.08
313,-130, 38.60
392,-162, 38.62
392,-180, 38.90
294,-180, 38.99
192,-99, 40.31
296,-166, 39.03
257,-157, 39.13
310,-103, 40.55
284,-249, 37.43
257,-231, 37.61
257,-187, 38.41
164,-187, 37.75
169,-253, 35.64
221,-158, 37.35
256,-106, 38.43
219,-159, 37.02
260,-12, 40.25
311,29, 41.60
311,-57, 40.17
423,-57, 41.18
430,-5, 43.39
423,-114, 42.02
350,-210, 40.36
314,-93, 43.13
317,-173, 41.67
387,-191, 41.89
387,-137, 43.69
440,-137, 44.66
477,-312, 41.91
476,-335, 42.32
499,-313, 43.82
431,-445, 41.51
347,-433, 41.76
414,-429, 42.23
414,-493, 41.18
506,-493, 42.30
484,-387, 45.66
440,-418, 45.85
489,-580, 43.33
419,-551, 44.47
465,-571, 44.80
509,-642, 44.22
509,-602, 46.02
559,-602, 47.27
588,-733, 45.74
495,-869, 43.38
451,-858, 43.87
468,-994, 41.17
398,-1030, 40.13
428,-961, 41.57
428,-1058, 39.38
358,-1058, 38.83
351,-1032, 38.83
390,-908, 41.29
372,-1011, 38.74
352,-990, 38.71
352,-936, 39.46
352,-1050, 36.22
419,-1050, 35.76
396,-1006, 36.16
378,-976, 36.21
425,-1090, 33.35
382,-1079, 32.88
333,-1079, 31.91
393,-1155, 29.59
393,-1096, 30.18
423,-1096, 29.72
374,-1112, 28.62
374,-1174, 26.47
351,-1106, 27.01
319,-1110, 25.86
333,-1119, 24.68
352,-1044, 25.49
352,-1098, 23.51
400,-1098, 22.95
351,-1167, 20.57
301,-1134, 20.09
297,-1144, 18.68
250,-1127, 17.60
263,-1045, 18.08
295,-1019, 17.61
295,-1005, 16.61
313,-1005, 15.43
264,-988, 14.36
96,-1016, 11.34
-97,-910, 10.19
-273,-736,  9.72
-300,-543,  9.78
-125,-298, 12.30
-125,-142, 13.19
175,-142, 12.53
399,-135, 13.32
380,-152, 13.47
346,-199, 12.72
368,-252, 11.89
331,-222, 12.63
331,-258, 11.94
338,-258, 12.04
413,-313, 11.33
386,-300, 11.91
412,-393, 10.29
444,-474,  8.98
415,-495,  8.73
365,-580,  6.73
365,-634,  5.30
392,-634,  5.17
344,-617,  5.13
345,-654,  3.92
394,-717,  2.36
383,-724,  1.90
397,-789,  0.21
387,-870, -1.99
387,-868, -2.43
391,-868, -2.90
360,-955, -5.49
350,-1013, -7.61
356,-997, -8.11
347,-1061,-10.43
349,-1124,-12.80
349,-1115,-13.64
369,-1115,-14.55
345,-1168,-16.79
373,-1249,-19.55
342,-1258,-21.30
143,-1332,-25.64
-47,-1312,-29.07
-53,-1180,-29.97
-53,-1135,-32.62
-3,-1135,-35.91
133,-1074,-37.03
248,-991,-36.91
324,-1046,-39.31
318,-1114,-42.12
277,-1054,-42.39
159,-1190,-47.93
159,-1116,-48.95
-44,-1116,-52.68
-105,-1012,-54.41
-148,-930,-56.72
-165,-755,-56.92
0,-635,-57.13
13,-662,-60.39
-89,-548,-61.40
-89,-458,-62.77
24,-458,-65.37
15,-301,-64.51
-134,99,-58.83
51,263,-56.80
157,367,-55.29
92,587,-51.40
2,543,-53.34
2,520,-54.87
-91,520,-56.46
-89,666,-54.75
31,666,-55.42
207,649,-55.47
305,670,-54.13
231,452,-58.54
238,356,-60.50
238,332,-60.98
55,332,-62.02
-112,263,-65.55
-96,462,-63.09
-56,711,-58.99
-61,695,-60.51
52,918,-56.05
142,970,-54.59
142,828,-57.41
228,828,-56.47
202,894,-54.20
130,737,-57.26
73,596,-60.51
7,665,-59.63
-44,673,-60.32
-84,666,-61.56
-84,887,-57.71
-26,887,-58.16
72,929,-57.10
114,945,-56.34
104,1077,-53.02
108,937,-55.59
227,880,-55.81
93,888,-55.44
93,789,-57.46
110,789,-57.31
188,813,-56.18
114,918,-53.63
177,765,-56.36
204,817,-54.56
67,861,-53.66
157,780,-54.99
157,887,-52.22
141,887,-51.80
112,950,-50.15
234,864,-50.74
176,914,-48.76
279,866,-48.31
250,739,-49.88
229,754,-48.57
229,628,-50.41
152,628,-50.05
185,507,-52.21
109,635,-49.41
125,608,-49.81
210,678,-47.59
235,801,-43.95
309,724,-44.19
309,610,-45.39
259,610,-44.49
313,635,-42.72
289,486,-44.96
412,439,-44.13
288,394,-44.04
378,233,-46.10
344,205,-45.61
344,190,-44.87
271,190,-44.25
282,50,-46.70
250,90,-45.50
258,140,-43.98
358,74,-44.41
232,92,-43.78
198,39,-44.92
198,22,-45.32
135,22,-45.73
167,150,-43.08
163,124,-43.73
286,87,-43.96
186,147,-42.64
70,90,-44.52
95,88,-45.10
95,171,-43.78
34,171,-44.55
69,136,-45.90
104,236,-44.07
120,391,-40.78
238,407,-39.70
440,447,-36.91
401,414,-35.94
401,158,-40.01
408,231,-37.04
430,141,-37.50
371,30,-38.90
244,-97,-41.56
214,-55,-40.77
153,-83,-41.85
153,-125,-43.27
33,131,-38.77
-136,0,-43.54
-69,101,-42.90
17,186,-41.98
187,320,-38.86
129,267,-40.07
177,292,-39.34
177,371,-37.36
279,371,-36.46
417,321,-35.89
391,286,-35.21
374,270,-34.27
312,144,-36.17
271,133,-35.91
249,125,-35.73
249,38,-37.33
186,38,-37.47
176,82,-36.68
75,103,-36.92
65,61,-38.60
28,104,-38.64
88,122,-38.83
103,134,-39.04
103,282,-36.19
87,282,-36.53
184,322,-35.42
258,348,-34.14
357,412,-31.41
253,303,-33.07
273,237,-33.81
140,266,-33.29
140,240,-33.95
44,240,-34.62
121,333,-32.75
178,416,-30.66
285,376,-30.59
318,373,-29.57
362,338,-29.02
351,248,-29.82
351,240,-28.61
326,240,-27.39
303,187,-27.49
182,100,-29.13
127,112,-28.99
79,141,-28.72
105,167,-28.32
171,280,-25.56
171,280,-25.18
249,280,-24.34
285,285,-23.19
314,315,-21.31
370,229,-21.68
345,182,-21.43
358,195,-19.84
274,114,-20.83
274,108,-20.25
250,108,-19.69
191,92,-19.82
212,25,-21.00
256,46,-20.05
257,-7,-20.72
248,-67,-21.67
265,-33,-20.51
265,-65,-20.78
243,-65,-20.50
158,-108,-21.67
143,-43,-20.57
159,-67,-21.27
208,-20,-20.13
232,45,-18.39
242,-25,-19.52
242,-8,-18.80
230,-8,-18.51
195,5,-18.12
208,-52,-19.21
219,-21,-18.35
199,-6,-17.91
186,-59,-19.05
186,-5,-17.87
216,-5,-17.65
209,4,-17.26
205,-15,-17.51
224,59,-15.60
223,42,-15.62
213,19,-15.86
221,82,-14.16
221,59,-14.30
222,59,-13.96
195,59,-13.76
204,150,-11.48
225,127,-11.50
232,141,-10.69
224,192, -9.07
229,150, -9.44
229,183, -8.19
243,183, -7.56
249,221, -6.04
243,192, -6.01
218,246, -4.30
209,276, -3.11
234,251, -2.97
242,301, -1.13
242,301, -0.35
244,301,  0.43
238,282,  0.76
247,336,  2.74
238,334,  3.49
245,348,  4.63
251,396,  6.58
246,367,  6.84
246,390,  8.23
249,390,  9.14
256,421, 10.79
285,426, 12.05
259,455, 13.71
255,442, 14.44
266,440, 15.46
261,486, 17.52
261,477, 18.40
255,477, 19.43
286,491, 21.26
257,548, 23.89
289,516, 24.78
271,544, 26.87
279,578, 29.17
279,543, 29.97
269,543, 31.43
283,596, 34.16
249,647, 36.72
214,585, 36.62
351,637, 39.76
552,537, 40.71
639,337, 39.78
639,223, 40.47
374,223, 42.02
276,-57, 36.74
197,-206, 33.54
304,-145, 35.46
737,-172, 38.27
859,-292, 39.66
897,-412, 40.77
897,-682, 38.35
551,-682, 39.59
153,-678, 38.63
-61,-543, 39.39
-30,-446, 39.68
117,-210, 44.07
356,-110, 47.13
596,-224, 46.92
596,-249, 48.52
667,-249, 51.05
577,-500, 47.44
437,-712, 43.53
430,-658, 45.25
401,-782, 42.89
267,-857, 40.69
160,-699, 42.99
160,-658, 42.90
167,-658, 42.00
286,-556, 44.08
428,-442, 47.39
552,-609, 45.27
462,-654, 45.14
432,-650, 45.86
467,-821, 42.87
467,-792, 44.12
298,-792, 43.79
266,-733, 44.61
313,-756, 43.94
309,-605, 46.83
365,-618, 46.57
298,-745, 43.36
256,-671, 44.24
256,-654, 43.96
364,-654, 43.94
413,-692, 43.35
398,-596, 45.63
387,-670, 44.16
348,-744, 42.38
225,-643, 43.70
225,-722, 41.15
199,-722, 40.11
244,-736, 39.02
232,-608, 41.03
240,-632, 39.87
222,-607, 39.67
215,-481, 41.74
246,-489, 41.16
246,-386, 43.06
311,-386, 43.18
268,-322, 44.48
279,-454, 41.55
307,-420, 42.31
411,-394, 43.55
372,-494, 41.77
356,-458, 42.80
356,-507, 41.98
411,-507, 42.51
389,-597, 40.89
326,-530, 42.31
191,-524, 41.67
224,-556, 40.39
182,-401, 43.02
207,-389, 42.81
207,-376, 42.34
255,-376, 41.88
289,-237, 44.74
340,-360, 42.21
331,-441, 40.40
318,-381, 41.55
380,-437, 40.56
272,-394, 41.08
272,-346, 41.77
227,-346, 41.20
164,-438, 38.21
153,-356, 38.93
269,-279, 40.33
262,-360, 38.25
286,-292, 39.54
152,-306, 38.32
152,-350, 36.42
187,-350, 35.64
261,-209, 38.45
358,-183, 39.44
309,-229, 38.57
237,-146, 40.12
198,-165, 39.27
154,-206, 37.65
154,-65, 40.05
245,-65, 40.02
233,-94, 39.27
231,-93, 39.14
313,27, 42.15
370,-68, 40.84
377,-124, 40.30
268,-97, 40.92
268,-206, 38.52
297,-206, 38.59
249,-196, 38.60
258,-154, 39.39
215,-274, 36.37
134,-237, 36.23
184,-157, 37.41
162,-218, 35.41
162,-218, 34.70
234,-138, 36.19
273,-125, 36.53
288,-196, 35.08
389,-107, 37.70
304,-146, 37.09
274,-209, 35.71
201,-130, 37.00
201,-130, 36.63
173,-148, 35.71
187,-124, 35.78
250,-11, 38.25
347,-82, 37.30
399,-117, 37.36
385,-67, 39.19
385,-217, 36.61
301,-217, 36.69
190,-179, 36.98
183,-99, 38.23
205,-153, 36.72
243,-28, 39.37
365,48, 41.79
304,-59, 39.86
304,-26, 40.91
298,-26, 41.24
292,-34, 41.35
346,-124, 39.93
439,-65, 42.24
379,-124, 41.65
337,-249, 39.25
238,-163, 40.83
238,-210, 39.55
295,-210, 39.59
443,-243, 39.74
390,-154, 42.26
385,-313, 39.33
343,-386, 37.85
395,-316, 39.78
354,-418, 37.71
354,-391, 38.39
349,-391, 38.47
330,-329, 39.83
397,-361, 39.55
450,-295, 41.73
484,-289, 42.85
459,-461, 39.84
449,-429, 41.09
449,-433, 41.89
494,-433, 43.02
467,-527, 41.88
465,-458, 44.25
498,-513, 44.13
594,-637, 42.93
591,-603, 45.07
580,-755, 43.03
580,-913, 40.63
412,-913, 40.59
431,-872, 41.57
357,-956, 39.39
385,-925, 39.83
335,-825, 41.57
390,-885, 40.19
425,-879, 40.41
425,-846, 41.24
433,-846, 41.43
462,-993, 38.49
409,-997, 38.25
432,-968, 38.87
393,-1104, 35.62
408,-1079, 35.88
447,-1077, 35.88
447,-1192, 33.26
381,-1192, 32.39
352,-1137, 32.58
377,-1152, 31.44
386,-1242, 28.65
383,-1167, 29.42
352,-1157, 28.66
365,-1191, 27.01
365,-1132, 27.41
307,-1132, 26.23
309,-1139, 24.92
366,-1157, 23.69
366,-1065, 24.90
387,-1134, 22.76
418,-1192, 20.95
418,-1177, 20.69
349,-1177, 19.73
273,-1231, 17.13
281,-1214, 16.10
277,-1121, 16.78
290,-1129, 15.41
294,-1087, 15.18
313,-1008, 15.65
313,-1025, 14.09
225,-1025, 12.38
138,-1029, 10.10
-48,-952,  8.56
-247,-850,  6.57
-287,-627,  7.22
-88,-395,  9.55
170,-288, 10.89
170,-248, 10.89
393,-248, 11.34
423,-265, 11.57
419,-421,  8.63
356,-469,  7.53
309,-474,  7.06
331,-526,  5.65
358,-477,  6.59
358,-477,  6.50
314,-483,  6.02
392,-555,  4.50
459,-558,  4.81
412,-639,  3.09
382,-763,  0.13
411,-800, -0.89
411,-845, -2.15
330,-845, -2.92
325,-916, -5.31
332,-906, -5.94
353,-908, -6.70
344,-982, -9.13
385,-998,-10.12
399,-1048,-11.81
399,-1146,-14.64
364,-1146,-15.62
364,-1172,-17.17
361,-1230,-19.79
330,-1305,-23.04
313,-1291,-24.50
340,-1329,-26.94
340,-1383,-29.78
311,-1383,-31.65
315,-1379,-33.40
310,-1436,-36.53
271,-1469,-39.42
-78,-1432,-42.78
-409,-1390,-47.86
-433,-1152,-48.89
-433,-845,-48.02
-324,-845,-52.95
-3,-755,-53.99
303,-606,-51.81
354,-552,-51.26
360,-720,-55.57
321,-779,-57.91
176,-818,-60.70
176,-944,-65.50
-15,-944,-68.73
-515,-800,-71.90
-518,-485,-71.03
-592,-106,-68.68
-180,474,-58.92
108,738,-53.76
118,756,-53.69
118,841,-52.09
277,841,-51.08
184,734,-53.01
109,579,-56.60
186,610,-55.80
158,444,-59.54
63,418,-60.92
-64,549,-59.56
-64,571,-60.44
-5,571,-61.45
22,668,-60.14
-5,820,-57.61
91,714,-60.09
156,724,-59.76
54,781,-58.95
100,648,-62.06
100,737,-60.39
73,737,-60.74
-56,804,-60.34
-103,731,-63.24
-79,884,-61.05
-102,957,-60.57
14,926,-61.65
141,1086,-57.76
141,1094,-57.07
128,1094,-56.33
117,1047,-56.71
95,1196,-52.90
122,1142,-53.29
231,1039,-54.22
104,1098,-52.42
185,987,-53.88
185,912,-54.70
252,912,-53.56
76,945,-52.71
262,805,-54.62
208,787,-54.32
90,878,-52.28
190,818,-52.93
159,874,-51.25
159,959,-48.85
117,959,-48.18
273,862,-48.80
282,853,-47.54
338,850,-45.84
360,637,-48.74
344,624,-47.56
324,477,-49.52
324,276,-52.91
208,276,-52.75
183,301,-52.17
125,349,-51.38
219,323,-51.64
210,471,-48.09
316,468,-47.12
261,357,-48.89
261,356,-48.36
289,356,-47.66
317,296,-48.14
195,264,-48.48
339,287,-46.81
255,143,-49.34
112,126,-50.05
212,146,-49.38
212,34,-51.64
92,34,-52.24
-45,55,-53.45
-198,229,-52.07
-3,361,-50.26
124,491,-47.58
152,529,-46.62
142,481,-47.59
142,608,-44.72
204,608,-44.15
217,604,-43.31
304,561,-42.85
412,607,-39.85
410,452,-41.30
356,231,-44.77
191,215,-44.92
191,205,-44.95
274,205,-44.29
208,217,-43.75
305,345,-40.05
287,296,-40.23
357,236,-40.33
230,222,-40.23
83,79,-43.88
83,75,-44.61
-48,75,-46.00
-22,208,-44.26
69,198,-45.01
150,231,-44.34
187,282,-43.00
141,229,-44.20
116,340,-41.93
116,401,-40.63
129,401,-40.54
169,388,-40.51
111,519,-37.61
343,525,-35.99
458,424,-36.11
356,375,-35.80
375,248,-37.21
375,177,-37.55
366,177,-36.45
164,227,-35.40
115,199,-36.31
262,194,-35.90
209,233,-34.82
159,133,-37.08
91,124,-37.84
91,173,-37.30
15,173,-38.23
59,147,-39.48
123,265,-37.18
309,340,-34.60
304,274,-35.11
248,302,-33.93
187,288,-34.01
187,271,-34.17
100,271,-34.48
148,384,-31.99
201,384,-31.56
294,344,-31.49
314,365,-30.01
411,279,-30.04
351,224,-29.85
351,211,-28.81
369,211,-27.39
250,132,-28.43
158,88,-29.33
43,118,-29.29
52,122,-29.74
105,218,-27.81
151,298,-25.83
151,277,-26.01
296,277,-24.92
387,298,-22.83
346,253,-22.44
369,141,-23.49
293,131,-22.85
314,73,-23.18
267,17,-23.82
267,17,-23.29
193,42,-22.62
123,6,-23.68
129,17,-23.71
157,97,-22.01
269,88,-21.54
347,64,-20.98
347,45,-20.35
350,45,-19.30
261,-71,-21.37
179,-74,-21.54
91,-33,-21.23
41,-69,-22.87
110,57,-20.53
187,111,-19.18
187,59,-20.13
285,59,-19.42
344,114,-17.14
327,82,-16.84
283,-5,-18.07
230,13,-17.38
212,-20,-17.91
180,-21,-17.95
180,51,-16.35
152,51,-16.43
181,22,-16.99
205,37,-16.46
236,68,-15.37
244,5,-16.31
217,3,-16.12
211,16,-15.63
211,-40,-16.66
193,-40,-16.62
210,-5,-15.70
187,30,-14.87
206,3,-15.26
194,75,-13.54
227,114,-12.27
246,111,-11.78
246,187, -9.52
277,187, -8.69
271,194, -7.73
245,179, -7.41
199,228, -5.95
166,207, -6.17
180,212, -5.76
189,265, -4.22
189,249, -4.15
216,249, -3.59
258,272, -2.27
264,321, -0.31
261,299,  0.11
260,323,  1.52
250,348,  2.92
263,327,  3.40
263,327,  4.32
243,374,  6.17
238,385,  7.25
231,391,  8.19
238,443, 10.20
245,429, 10.84
275,434, 12.06
275,456, 13.67
262,456, 14.72
300,431, 15.44
316,464, 17.50
276,484, 19.39
271,469, 20.48
247,519, 22.86
239,519, 24.15
239,509, 25.20
265,509, 26.62
263,600, 30.05
257,560, 30.63
284,580, 32.66
296,653, 35.96
284,578, 35.97
284,663, 39.46
284,692, 41.80
241,692, 43.28
516,621, 44.75
500,629, 47.78
633,500, 48.50
426,176, 43.77
460,-5, 41.98
484,-220, 39.31
484,-461, 35.75
626,-461, 37.77
910,-479, 41.00
713,-682, 38.92
629,-875, 36.28
192,-887, 34.92
-40,-845, 33.43
-40,-683, 34.70
-61,-427, 37.89
-51,-412, 36.12
127,-278, 38.07
442,-127, 42.40
549,-37, 46.19
674,-126, 47.10
579,-160, 48.56
323,-232, 47.65
386,-232, 48.60
351,-440, 44.70
348,-428, 45.42
320,-541, 43.19
360,-680, 40.46
244,-607, 41.62
266,-594, 41.67
266,-549, 42.15
359,-549, 42.23
405,-388, 46.19
651,-415, 47.86
577,-502, 47.72
418,-475, 49.10
372,-605, 46.73
343,-689, 45.04
343,-648, 46.04
273,-648, 45.78
264,-779, 42.24
276,-715, 42.96
304,-559, 45.99
386,-630, 44.63
412,-595, 45.70
367,-575, 46.22
367,-706, 43.39
422,-706, 43.63
416,-609, 46.00
336,-576, 46.62
295,-669, 44.23
261,-586, 45.46
228,-619, 44.03
221,-705, 41.33
221,-562, 43.64
318,-562, 43.51
390,-578, 43.44
328,-621, 42.39
222,-534, 43.58
210,-549, 42.55
223,-513, 42.72
283,-373, 45.61
283,-373, 45.57
251,-444, 43.76
220,-446, 43.22
322,-379, 44.81
450,-467, 43.76
361,-478, 43.80
402,-467, 44.55
402,-615, 41.76
464,-615, 42.43
378,-589, 43.18
201,-550, 43.25
118,-602, 40.86
156,-444, 43.33
210,-358, 44.73
250,-356, 44.60
250,-222, 47.43
314,-222, 47.81
378,-307, 46.66
377,-474, 43.54
406,-387, 46.05
386,-459, 45.00
266,-519, 43.43
225,-444, 44.57
225,-492, 43.06
132,-492, 41.73
267,-433, 42.50
262,-337, 44.16
259,-477, 40.66
268,-502, 39.58
150,-379, 41.12
263,-401, 40.23
263,-300, 42.07
313,-300, 42.08
310,-261, 42.94
173,-386, 39.40
223,-288, 40.97
216,-220, 41.96
251,-272, 40.57
172,-170, 42.11
172,-157, 41.79
194,-157, 41.33
284,-205, 40.32
429,-94, 43.63
387,-185, 42.33
423,-323, 40.05
314,-291, 40.76
257,-395, 38.14
257,-421, 37.12
154,-421, 36.06
68,-265, 38.00
115,-287, 36.46
171,-196, 37.74
314,-75, 40.65
315,-184, 38.57
386,-182, 39.24
386,-173, 40.07
330,-173, 40.37
289,-287, 37.89
215,-215, 38.99
150,-138, 39.94
213,-187, 38.53
295,-141, 39.66
295,-173, 39.10
312,-173, 39.31
306,-300, 36.64
177,-238, 37.29
150,-221, 36.86
193,-216, 36.45
251,-44, 40.11
251,-62, 39.76
251,-86, 39.25
273,-86, 39.36
336,-2, 41.72
374,-110, 40.12
421,-124, 40.73
345,-80, 42.18
214,-172, 39.89
221,-124, 40.65
221,-64, 41.75
250,-64, 41.76
373,-155, 40.43
432,-145, 41.58
408,-151, 42.23
462,-310, 39.76
400,-306, 40.35
370,-313, 40.53
370,-407, 38.75
293,-407, 38.50
267,-303, 40.43
317,-278, 41.03
417,-308, 41.00
452,-206, 44.08
450,-298, 42.95
489,-403, 41.61
489,-355, 43.55
407,-355, 44.00
429,-481, 41.76
431,-477, 42.26
518,-387, 45.49
584,-522, 44.18
554,-600, 43.78
516,-632, 44.07
516,-803, 41.21
366,-803, 41.07
402,-793, 41.37
339,-768, 41.65
377,-875, 39.24
386,-778, 41.29
415,-750, 42.11
350,-871, 39.26
350,-814, 40.23
369,-814, 40.11
390,-825, 39.57
396,-913, 37.32
429,-861, 38.28
376,-931, 36.28
405,-994, 34.51
418,-912, 35.97
418,-967, 34.48
381,-967, 33.94
341,-1044, 31.45
377,-976, 32.30
384,-1037, 30.41
392,-1061, 29.31
376,-991, 30.19
312,-1034, 28.28
312,-1003, 27.97
327,-1003, 27.10
323,-924, 27.98
346,-971, 26.28
395,-949, 26.36
390,-946, 26.01
346,-1043, 23.17
331,-1022, 22.76
331,-963, 23.24
295,-963, 22.28
319,-989, 20.87
324,-913, 21.75
334,-870, 22.06
363,-913, 20.67
401,-892, 20.88
311,-919, 19.52
311,-977, 17.44
350,-977, 16.80
313,-915, 17.05
316,-924, 15.81
300,-933, 14.47
204,-878, 14.01
102,-925, 10.76
-154,-839,  8.97
-66,-583, 11.63
-198,-674,  6.13
-138,-505,  6.69
42,-332,  8.62
307,-229, 10.76
458,-284, 10.37
427,-396,  8.44
427,-496,  6.62
397,-496,  6.72
356,-586,  4.58
287,-576,  4.14
251,-540,  4.10
348,-562,  3.38
354,-547,  3.48
403,-526,  4.02
403,-622,  1.97
458,-622,  2.24
442,-710,  0.46
375,-776, -1.35
356,-870, -3.98
341,-917, -5.78
305,-917, -6.79
336,-957, -8.52
336,-949, -9.22
344,-949,-10.04
348,-948,-10.81
391,-1037,-13.35
393,-1083,-15.03
359,-1128,-16.95
358,-1229,-20.49
358,-1236,-22.05
348,-1236,-23.53
333,-1259,-25.60
296,-1351,-29.45
309,-1294,-30.01
226,-1295,-32.26
34,-1364,-37.13
-50,-1263,-38.75
-50,-1179,-40.59
-68,-1179,-44.29
-46,-1130,-47.04
-8,-945,-46.44
98,-922,-48.59
123,-947,-51.63
186,-868,-52.00
148,-876,-54.42
148,-939,-58.08
43,-939,-61.00
-70,-821,-61.93
-78,-823,-65.40
-366,-772,-69.63
-184,-489,-67.53
-117,-273,-66.13
-204,22,-63.15
-204,445,-56.88
49,445,-58.03
154,606,-54.98
189,760,-51.36
204,761,-50.87
90,558,-55.62
-27,641,-54.91
-31,690,-54.88
-31,612,-57.62
143,612,-57.72
317,627,-56.49
100,520,-59.23
67,327,-64.24
-8,441,-63.07
-63,519,-62.86
-51,658,-61.10
-51,931,-56.15
38,931,-56.43
103,896,-57.11
111,920,-56.49
208,982,-54.42
249,823,-56.70
146,726,-58.41
146,773,-57.04
90,773,-56.98
32,684,-59.25
-128,760,-58.87
-128,931,-56.25
65,881,-57.23
199,1018,-53.33
152,1025,-52.43
152,888,-54.76
239,888,-53.71
138,965,-51.53
71,943,-51.85
151,794,-54.59
61,856,-53.33
156,840,-53.19
249,795,-53.20
249,910,-49.70
218,910,-48.80
182,788,-50.84
136,697,-52.64
80,826,-49.96
170,702,-51.95
182,706,-51.18
262,801,-47.92
262,731,-48.23
224,731,-47.30
211,703,-47.07
222,745,-45.26
264,621,-46.88
255,620,-45.97
403,592,-44.83
345,385,-48.08
345,312,-48.62
188,312,-48.55
211,321,-48.14
224,276,-48.85
122,395,-46.55
189,456,-44.99
359,367,-45.73
382,366,-44.21
382,305,-44.04
240,305,-43.41
324,151,-45.75
255,141,-45.48
236,97,-46.10
334,16,-47.05
237,39,-46.35
237,-58,-48.30
237,-114,-49.47
203,-114,-49.65
166,-31,-48.19
-40,-56,-50.22
-176,48,-50.16
-3,270,-46.31
68,300,-46.04
123,373,-44.44
123,434,-43.02
189,434,-42.49
208,328,-44.23
127,398,-42.65
161,466,-40.82
274,390,-41.47
306,417,-39.75
436,377,-38.75
436,177,-41.39
360,177,-40.29
284,101,-41.32
231,67,-41.83
197,81,-41.51
199,231,-38.12
287,220,-37.61
316,169,-37.86
316,192,-36.52
356,192,-35.44
333,55,-37.57
186,-60,-40.25
1,-52,-41.39
-97,-71,-43.68
36,64,-41.77
139,169,-39.75
139,87,-41.77
168,87,-41.90
169,88,-42.00
201,88,-41.94
141,43,-43.23
145,163,-40.86
113,237,-39.54
91,225,-40.17
91,356,-37.61
136,356,-37.54
208,377,-36.58
296,337,-36.47
251,369,-35.05
161,290,-36.61
187,251,-37.22
187,319,-35.50
254,319,-34.82
352,286,-34.32
320,250,-34.13
330,252,-33.08
237,146,-34.99
236,84,-36.07
105,69,-36.93
105,4,-38.94
17,4,-40.08
-128,110,-39.67
-55,261,-37.68
186,351,-35.45
224,457,-32.52
356,462,-30.95
319,343,-32.38
319,332,-31.55
307,332,-30.57
142,262,-32.11
100,274,-32.16
191,403,-29.04
235,410,-28.23
329,377,-27.76
323,371,-26.78
323,269,-27.96
332,269,-26.66
345,262,-25.44
364,259,-24.04
355,166,-24.72
251,90,-25.75
194,54,-26.32
89,-3,-28.01
89,61,-27.07
50,61,-27.69
92,127,-26.58
138,152,-26.04
224,270,-22.88
317,258,-21.94
303,207,-21.97
202,232,-20.95
202,163,-22.01
259,163,-21.29
342,123,-21.00
306,142,-19.65
257,108,-19.74
233,56,-20.43
215,60,-20.03
204,24,-20.59
204,13,-20.64
179,13,-20.61
230,31,-19.87
215,-28,-20.92
189,-17,-20.64
173,-15,-20.63
188,-31,-20.93
188,54,-18.99
182,54,-18.87
227,85,-17.80
280,50,-17.86
230,77,-16.86
213,53,-17.07
191,18,-17.69
187,53,-16.81
187,26,-17.27
163,26,-17.30
212,27,-17.02
221,66,-15.84
210,38,-16.16
251,61,-15.15
244,102,-13.75
222,73,-13.98
222,111,-12.75
234,111,-12.26
228,141,-11.13
237,122,-11.00
186,183, -9.40
189,193, -8.84
223,166, -8.90
221,220, -7.20
221,210, -6.86
223,210, -6.30
233,198, -5.95
244,262, -3.85
250,261, -3.09
241,270, -2.16
249,322, -0.21
230,294, -0.10
230,327,  1.34
257,327,  2.24
241,370,  4.01
222,341,  4.12
235,376,  5.68
258,384,  6.82
258,369,  7.46
262,420,  9.57
262,424, 10.69
250,424, 11.65
281,431, 12.95
262,486, 15.22
286,465, 15.99
261,476, 17.30
266,534, 19.71
266,494, 19.99
255,494, 21.05
252,524, 23.06
265,561, 25.34
277,517, 25.91
289,580, 28.89
285,608, 31.14
283,557, 31.64
283,642, 35.11
287,642, 36.81
291,577, 37.08
278,632, 39.85
313,706, 43.33
472,633, 44.52
535,581, 46.43
597,464, 47.15
597,125, 43.03
418,125, 44.98
629,-71, 43.75
773,-292, 42.20
815,-630, 37.95
863,-732, 38.78
605,-913, 36.20
188,-1045, 32.07
188,-789, 36.45
-53,-901, 31.58
-14,-715, 33.46
-31,-555, 34.64
-79,-279, 38.38
80,-144, 40.27
67,-10, 42.26
67,138, 44.76
523,138, 46.77
921,-33, 47.23
816,-275, 45.54
642,-489, 43.12
353,-757, 37.53
90,-745, 36.32
137,-595, 38.21
137,-494, 39.21
151,-494, 38.19
335,-296, 42.66
351,-270, 43.65
417,-375, 42.11
523,-365, 43.62
532,-505, 41.82
431,-671, 38.67
431,-580, 41.03
220,-580, 40.27
246,-584, 39.58
242,-488, 41.11
366,-282, 45.94
388,-390, 44.16
338,-451, 43.00
366,-391, 44.62
366,-536, 41.73
343,-536, 41.75
359,-494, 42.81
374,-414, 44.87
341,-485, 43.47
385,-421, 45.24
384,-418, 45.73
282,-568, 42.21
282,-515, 43.04
254,-515, 42.59
272,-495, 42.70
412,-575, 41.40
398,-503, 43.32
255,-534, 42.21
228,-566, 40.88
484,-383, 45.80
295,-383, 45.78
329,-375, 46.15
258,-416, 45.01
313,-345, 46.65
297,-447, 44.42
411,-463, 44.64
481,-399, 47.02
481,-549, 44.69
396,-549, 45.03
419,-587, 44.64
507,-519, 47.08
442,-679, 44.14
249,-703, 42.90
201,-585, 44.54
183,-610, 43.05
183,-493, 44.71
172,-493, 43.86
205,-411, 45.04
301,-500, 43.06
357,-442, 44.57
382,-481, 44.14
358,-603, 41.65
349,-486, 44.30
349,-513, 43.88
226,-513, 43.33
226,-556, 41.82
172,-414, 44.08
325,-449, 43.47
311,-484, 42.73
295,-419, 44.08
223,-500, 41.85
223,-494, 41.46
184,-494, 40.42
337,-377, 42.89
271,-471, 40.41
297,-459, 40.34
245,-363, 41.86
236,-428, 39.86
158,-324, 41.11
158,-215, 42.63
147,-215, 41.79
243,-302, 39.57
364,-211, 41.90
350,-207, 42.34
340,-320, 40.10
284,-293, 40.51
300,-349, 39.20
300,-462, 36.53
225,-462, 35.80
165,-344, 37.38
170,-339, 36.63
73,-355, 34.86
147,-220, 36.88
241,-213, 36.77
316,-199, 37.26
316,-102, 39.63
357,-102, 40.19
393,-210, 38.54
295,-260, 37.47
195,-188, 38.48
192,-247, 36.65
278,-185, 37.95
350,-123, 39.74
350,-216, 38.15
311,-216, 38.28
317,-187, 39.10
225,-216, 38.13
128,-303, 35.26
152,-180, 37.12
254,-129, 38.13
319,-160, 37.75
319,-54, 40.39
303,-54, 40.71
269,-84, 40.16
274,-146, 38.88
327,-59, 41.16
406,-113, 40.85
334,-184, 39.66
281,-119, 41.12
281,-224, 38.86
218,-224, 38.44
233,-195, 38.77
364,-103, 41.29
357,-235, 38.89
400,-251, 39.14
318,-221, 39.93
354,-337, 37.69
354,-293, 38.88
365,-293, 39.20
298,-281, 39.40
273,-366, 37.31
321,-249, 39.90
428,-227, 41.14
474,-325, 39.98
474,-270, 42.10
422,-270, 42.77
449,-330, 42.24
474,-385, 41.88
467,-305, 44.42
547,-406, 43.78
502,-516, 42.53
480,-478, 44.30
736,-616, 43.66
563,-616, 44.91
537,-713, 43.83
509,-699, 44.93
412,-859, 41.60
368,-823, 42.19
396,-737, 44.11
378,-855, 41.47
378,-838, 41.70
431,-838, 41.88
463,-843, 42.13
405,-953, 39.70
389,-898, 40.71
429,-947, 39.70
371,-1061, 36.84
467,-971, 38.94
467,-1018, 38.10
475,-1018, 38.30
436,-1152, 35.27
429,-1094, 36.31
401,-1117, 35.47
329,-1203, 32.47
323,-1126, 32.98
399,-1163, 31.48
399,-1191, 30.14
364,-1191, 29.19
391,-1101, 30.42
411,-1176, 28.19
386,-1205, 26.75
372,-1193, 26.12
338,-1287, 22.93
330,-1270, 22.07
330,-1200, 22.42
271,-1200, 20.96
328,-1227, 19.24
320,-1160, 19.55
306,-1076, 20.26
305,-1111, 18.42
327,-1100, 17.70
290,-1056, 17.52
290,-1087, 15.73
300,-1087, 14.36
218,-1032, 13.75
132,-984, 12.58
-114,-957,  9.60
-269,-762,  9.55
-200,-540, 10.80
-200,-360, 11.44
-10,-360,  9.40
270,-215, 12.23
423,-249, 12.13
418,-385,  9.66
391,-455,  8.32
364,-538,  6.44
274,-589,  4.64
274,-554,  4.70
257,-554,  3.93
340,-525,  4.28
311,-520,  3.98
367,-494,  4.47
436,-569,  3.13
449,-646,  1.71
368,-725, -0.32
368,-822, -2.87
373,-822, -3.35
334,-879, -5.34
284,-866, -6.11
282,-879, -7.46
353,-911, -8.84
337,-901, -9.41
337,-937,-11.30
343,-937,-12.39
361,-994,-14.65
369,-1035,-16.59
315,-1128,-20.05
215,-1176,-23.21
104,-1131,-24.97
47,-1136,-28.11
47,-1049,-29.18
123,-1049,-31.63
200,-909,-30.49
239,-990,-33.87
256,-958,-34.73
302,-922,-35.19
287,-1033,-38.97
221,-1072,-41.67
221,-1067,-43.72
178,-1067,-46.13
90,-1109,-49.96
-13,-1070,-52.63
-114,-986,-54.79
-90,-1007,-59.04
19,-838,-58.41
-493,-727,-61.78
-285,-727,-66.55
-103,-548,-66.25
-127,-161,-61.17
-3,95,-57.76
115,205,-56.58
144,444,-52.19
274,449,-51.97
274,367,-53.69
217,367,-53.73
76,409,-53.64
-140,310,-57.90
-178,368,-58.98
-133,506,-57.93
-1,459,-60.06
93,605,-57.39
93,741,-54.75
-41,741,-55.74
5,768,-55.86
-35,925,-53.26
46,1050,-50.70
250,890,-53.18
222,913,-51.95
204,858,-52.55
204,634,-56.72
155,634,-56.48
-39,693,-56.03
-57,713,-56.48
72,702,-56.85
75,956,-51.28
162,902,-51.77
244,865,-51.49
244,876,-50.19
172,876,-49.55
195,752,-51.56
154,678,-52.86
129,711,-52.02
60,605,-54.65
50,615,-54.89
190,756,-51.38
190,707,-51.93
133,707,-51.79
167,739,-50.74
200,765,-49.59
259,659,-51.04
123,636,-51.56
205,642,-50.99
227,521,-52.85
227,538,-51.78
227,538,-51.08
157,486,-51.95
203,411,-53.15
99,482,-51.79
139,495,-51.39
215,464,-51.53
158,593,-48.46
158,561,-48.83
213,561,-48.20
299,526,-47.88
268,575,-45.90
287,452,-47.61
308,352,-48.86
322,354,-47.89
214,234,-50.28
214,154,-51.95
212,154,-51.94
255,199,-50.69
58,127,-53.12
24,194,-52.74
133,370,-49.19
101,361,-49.72
91,439,-48.37
91,473,-47.91
218,473,-47.42
128,344,-50.35
51,363,-50.58
59,431,-49.65
232,416,-49.48
247,496,-47.12
101,472,-47.83
101,389,-49.89
218,389,-49.54
38,449,-48.88
4,457,-49.49
145,475,-49.06
116,590,-46.60
187,551,-47.02
193,525,-47.17
193,609,-44.91
223,609,-43.93
221,552,-44.26
327,566,-42.46
323,603,-40.17
379,485,-40.98
372,452,-40.10
420,403,-39.36
420,209,-41.95
339,209,-40.94
270,138,-41.92
251,155,-41.14
201,142,-41.29
154,284,-38.27
189,333,-36.93
265,275,-37.48
265,278,-36.75
302,278,-35.88
354,181,-36.88
298,33,-39.49
208,56,-39.00
72,47,-39.97
-11,79,-40.50
245,217,-37.15
179,217,-37.07
145,164,-38.37
258,128,-38.72
188,132,-38.63
186,10,-41.36
123,29,-41.47
166,145,-39.13
166,125,-39.67
78,125,-40.30
82,226,-38.64
237,369,-35.00
145,339,-35.57
209,426,-33.20
301,397,-32.78
359,279,-34.06
359,264,-33.21
318,264,-32.28
280,235,-32.23
330,177,-32.29
296,231,-30.12
276,192,-30.07
283,115,-30.90
242,106,-30.55
242,27,-31.77
184,27,-31.68
190,-17,-32.53
102,2,-32.54
25,-41,-34.34
100,47,-33.14
76,151,-31.59
158,171,-31.30
158,286,-28.85
237,286,-28.37
352,298,-26.66
347,174,-28.01
392,141,-27.25
329,81,-27.51
151,-21,-29.81
161,70,-27.88
161,70,-27.85
164,124,-26.60
169,160,-25.65
207,237,-23.51
250,173,-24.17
241,98,-25.22
160,83,-25.50
160,16,-26.96
103,16,-27.35
163,57,-26.46
137,133,-24.88
214,141,-24.28
280,187,-22.43
294,227,-20.58
308,172,-20.72
308,156,-20.07
359,156,-18.80
326,109,-18.77
303,1,-20.31
284,-16,-20.08
292,-94,-21.19
234,-108,-21.31
218,-60,-20.15
218,-78,-20.41
175,-78,-20.53
135,-49,-20.23
135,36,-18.63
197,30,-18.59
245,31,-18.13
200,45,-17.63
206,-21,-18.87
206,17,-17.87
199,17,-17.71
185,33,-17.28
219,14,-17.40
273,79,-15.36
252,44,-15.60
224,-25,-16.80
179,34,-15.50
179,24,-15.65
144,24,-15.79
134,38,-15.68
198,149,-13.00
251,140,-12.56
287,146,-11.58
309,198, -9.44
262,147, -9.81
262,151, -9.03
213,151, -8.61
182,188, -7.54
163,153, -8.14
164,214, -6.63
198,282, -4.69
263,263, -4.22
283,297, -2.49
283,290, -1.63
261,290, -0.75
269,248, -0.78
232,289,  0.79
225,297,  1.62
239,326,  3.02
237,380,  5.00
237,376,  5.76
230,376,  6.56
271,382,  7.72
273,382,  8.77
262,368,  9.43
251,413, 11.33
256,418, 12.42
254,400, 12.98
254,446, 14.95
265,446, 16.02
270,456, 17.33
274,463, 18.60
278,485, 20.24
261,483, 21.57
283,538, 24.30
261,552, 26.05
261,516, 26.70
284,516, 28.23
288,600, 31.65
290,619, 33.75
265,564, 34.06
288,629, 37.11
274,647, 39.12
18,562, 37.36
240,562, 38.67
221,695, 42.84
517,636, 44.60
556,506, 44.89
498,393, 45.03
429,67, 39.84
487,-163, 36.67
743,-249, 38.17
671,-505, 35.02
748,-457, 38.75
504,-540, 38.20
408,-535, 38.94
118,-621, 36.00
150,-452, 38.83
137,-264, 42.26
137,-246, 42.16
285,-246, 42.53
437,-207, 44.65
495,-303, 44.12
624,-467, 42.68
453,-479, 43.43
345,-564, 41.89
342,-629, 40.68
342,-475, 44.28
449,-475, 45.26
399,-519, 44.96
308,-565, 44.04
334,-506, 45.56
332,-609, 43.52
321,-637, 42.96
301,-580, 44.15
301,-707, 41.01
339,-707, 40.75
292,-680, 40.83
333,-551, 43.48
357,-598, 42.50
391,-537, 44.07
367,-494, 45.19
390,-602, 43.11
390,-536, 44.79
403,-536, 45.15
350,-619, 43.35
249,-747, 39.85
216,-608, 41.97
296,-583, 42.19
364,-606, 41.77
425,-528, 43.92
425,-592, 43.01
305,-592, 42.75
238,-598, 41.98
220,-445, 44.65
361,-499, 43.72
299,-529, 42.90
200,-462, 43.65
203,-525, 41.59
203,-441, 42.75
382,-441, 43.18
437,-384, 45.20
346,-551, 41.75
354,-568, 41.48
439,-541, 42.67
385,-668, 40.12
385,-641, 40.86
283,-641, 40.44
231,-578, 41.13
111,-576, 39.86
209,-384, 43.43
238,-330, 44.34
324,-400, 43.05
392,-339, 44.98
392,-417, 43.89
389,-417, 44.41
404,-506, 43.03
362,-383, 46.02
403,-456, 45.04
409,-526, 44.05
211,-442, 45.28
208,-529, 42.78
208,-506, 42.63
300,-506, 42.53
296,-459, 43.46
294,-607, 40.08
193,-594, 39.52
180,-474, 41.01
270,-479, 40.40
324,-391, 42.17
324,-383, 42.27
314,-383, 42.14
213,-500, 38.82
279,-404, 40.49
249,-367, 40.80
191,-402, 39.22
192,-285, 41.00
231,-290, 40.45
231,-316, 39.42
368,-316, 39.72
423,-214, 42.63
384,-291, 41.44
355,-411, 39.00
248,-372, 39.35
177,-474, 36.19
153,-490, 34.68
153,-355, 36.54
158,-355, 35.60
135,-406, 33.39
115,-341, 33.60
127,-210, 35.45
254,-221, 35.04
358,-154, 36.96
373,-142, 37.82
373,-398, 32.69
366,-290, 35.32
233,-262, 35.54
127,-205, 35.85
89,-225, 34.29
212,-100, 36.67
321,-63, 37.88
321,-158, 36.18
346,-158, 36.62
351,-94, 38.51
270,-177, 36.74
188,-221, 35.25
200,-110, 37.25
261,-130, 36.82
350,-91, 38.19
350,-14, 40.46
364,-14, 41.20
300,-119, 39.21
301,-144, 38.87
252,-88, 40.03
341,-209, 37.81
394,-183, 39.02
307,-153, 39.85
307,-268, 37.48
231,-268, 37.08
177,-202, 37.85
198,-142, 38.71
359,-194, 38.07
407,-133, 40.15
390,-201, 39.34
307,-360, 35.91
307,-294, 37.29
317,-294, 37.35
351,-334, 36.71
300,-390, 35.36
232,-284, 37.17
206,-296, 36.34
302,-269, 36.92
421,-149, 40.30
421,-270, 38.45
433,-270, 39.20
433,-317, 38.90
309,-275, 39.81
414,-372, 38.27
437,-330, 39.83
471,-305, 41.26
476,-458, 38.77
476,-424, 40.24
436,-424, 40.77
499,-440, 41.30
515,-600, 38.66
545,-594, 39.99
410,-663, 38.87
370,-761, 36.78
349,-660, 38.88
349,-664, 38.47
384,-664, 38.36
408,-694, 37.70
416,-600, 39.83
417,-667, 38.49
425,-732, 37.15
389,-695, 37.80
442,-789, 35.86
442,-819, 35.23
384,-819, 34.90
360,-767, 35.59
459,-834, 34.27
489,-870, 33.71
507,-856, 34.33
372,-1007, 30.50
372,-977, 30.51
368,-977, 29.87
384,-934, 30.29
360,-996, 28.29
375,-918, 29.42
374,-919, 28.89
358,-977, 27.00
352,-931, 27.32
352,-945, 26.36
360,-945, 25.75
382,-1023, 23.53
384,-960, 24.37
354,-991, 23.02
394,-1048, 21.28
379,-1019, 21.30
327,-1051, 19.70
327,-1048, 18.85
317,-1048, 17.88
317,-993, 18.15
291,-1008, 16.79
288,-1011, 15.66
320,-918, 16.86
347,-934, 15.92
335,-919, 15.58
335,-928, 14.73
295,-928, 13.84
227,-976, 11.20
8,-886, 10.32
-149,-718, 10.43
-89,-570, 10.69
52,-420, 12.03
186,-332, 12.97
186,-381, 10.96
413,-381, 11.29
452,-461, 10.05
392,-594,  7.16
303,-700,  4.18
277,-702,  3.23
251,-651,  3.33
273,-636,  2.81
273,-636,  1.99
323,-589,  2.51
357,-553,  3.04
425,-625,  1.60
443,-699,  0.11
413,-792, -2.08
367,-921, -5.47
367,-960, -7.03
341,-960, -7.91
283,-967, -9.27
270,-991,-11.10
276,-951,-11.49
325,-927,-11.89
341,-1007,-14.49
357,-1002,-15.20
357,-1038,-16.83
345,-1038,-17.76
340,-1142,-21.34
338,-1150,-22.93
330,-1195,-25.40
306,-1304,-29.50
273,-1280,-30.95
304,-1285,-32.83
304,-1386,-36.86
292,-1386,-38.83
279,-1371,-40.53
310,-1346,-41.80
90,-1455,-47.30
-176,-1366,-50.02
-275,-1332,-54.69
-275,-1143,-55.82
-302,-1143,-61.05
-245,-886,-60.17
35,-850,-62.25
-103,-798,-64.71
-139,-637,-65.14
-166,-526,-66.61
-277,-152,-62.65
-277,320,-55.97
-124,320,-58.30
-39,477,-56.63
30,648,-54.02
-4,702,-53.69
-10,525,-58.50
16,632,-57.04
-75,619,-58.64
-75,459,-63.55
90,459,-64.15
18,572,-62.64
-46,625,-62.68
-165,700,-62.83
7,921,-58.62
57,1017,-56.61
30,996,-57.25
30,1061,-56.00
203,1061,-55.12
174,927,-57.43
34,831,-59.88
119,967,-56.78
115,841,-59.39
-2,918,-58.31
52,1031,-56.01
52,971,-57.43
99,971,-57.32
126,1021,-55.64
140,1030,-54.74
143,941,-56.02
78,1037,-53.65
64,1077,-52.49
79,1012,-53.55
79,1125,-50.71
146,1125,-49.88
263,1068,-49.65
262,931,-51.31
210,977,-49.38
270,856,-50.78
107,811,-51.60
71,843,-50.97
71,766,-52.73
176,766,-52.28
147,715,-53.15
180,852,-49.39
100,809,-49.94
178,854,-48.13
182,933,-45.48
152,890,-45.64
152,871,-45.32
219,871,-44.23
333,865,-42.62
295,726,-44.23
312,678,-43.91
339,615,-43.85
301,428,-46.87
234,422,-46.50
234,430,-45.83
121,430,-45.98
178,367,-47.21
236,529,-43.17
228,569,-41.68
266,465,-42.84
326,499,-40.72
337,401,-41.46
337,254,-43.44
224,254,-42.99
287,281,-41.57
245,263,-41.37
271,269,-40.51
310,290,-39.09
383,139,-41.07
360,21,-42.67
360,7,-42.11
300,7,-41.60
320,-104,-43.46
347,-117,-43.14
197,-99,-43.00
182,-173,-44.99
142,-102,-44.05
166,-9,-42.39
166,-63,-43.88
107,-63,-44.58
65,-18,-44.50
-129,45,-45.07
-128,86,-46.03
-8,309,-42.15
153,418,-39.59
193,404,-39.40
193,488,-37.04
228,488,-36.25
283,448,-36.04
349,365,-36.48
393,348,-35.31
346,175,-37.94
279,67,-39.74
269,134,-37.83
269,149,-37.00
272,149,-36.47
299,157,-35.61
309,217,-33.51
337,98,-35.19
250,52,-35.91
235,26,-36.32
491,-79,-37.08
263,-79,-36.94
100,-67,-37.48
82,-33,-37.60
-110,-28,-39.42
-55,157,-36.88
100,273,-34.73
197,258,-34.79
453,288,-32.40
333,288,-31.33
260,193,-32.82
346,87,-34.19
339,76,-33.64
190,20,-34.96
259,0,-35.16
265,88,-32.93
265,74,-32.87
290,74,-32.38
261,33,-32.97
243,28,-32.92
221,-65,-34.97
45,-50,-35.74
-34,61,-34.79
89,121,-34.12
89,222,-32.43
138,222,-32.59
228,297,-30.55
327,253,-30.50
372,230,-29.79
304,140,-31.01
214,41,-33.08
94,109,-32.23
94,141,-32.10
136,141,-32.39
148,182,-31.69
79,268,-30.33
109,272,-30.50
226,264,-30.26
215,269,-29.81
190,188,-31.43
190,151,-32.17
213,151,-32.01
207,207,-30.62
193,186,-30.96
236,232,-29.59
298,262,-28.16
212,207,-29.08
226,209,-28.73
226,242,-27.38
222,242,-26.75
164,226,-26.82
244,314,-24.11
208,303,-23.72
271,289,-23.04
217,311,-21.89
301,245,-22.21
301,170,-22.82
254,170,-22.13
215,185,-21.33
295,132,-21.57
313,150,-20.20
359,195,-17.93
346,128,-18.20
356,69,-18.32
356,69,-17.21
260,38,-17.35
145,-30,-19.03
170,6,-18.32
115,52,-17.66
94,69,-17.69
187,176,-15.15
187,184,-14.68
246,184,-14.03
234,114,-15.03
253,91,-14.96
241,21,-16.04
149,-18,-17.06
135,51,-15.79
188,86,-14.88
188,157,-13.12
218,157,-12.67
279,246, -9.88
359,221, -9.06
340,202, -8.26
284,185, -7.77
241,132, -8.36
209,134, -7.97
209,172, -6.78
144,172, -6.76
149,210, -5.85
180,289, -3.80
178,312, -2.90
214,335, -1.77
294,395,  0.68
347,377,  1.77
347,329,  2.16
329,329,  3.44
341,314,  4.45
289,298,  5.11
228,335,  6.59
222,377,  8.18
228,400,  9.45
244,435, 11.10
244,437, 12.06
244,437, 12.98
279,461, 14.92
263,448, 15.98
250,421, 16.63
301,488, 19.63
292,484, 21.08
292,468, 22.25
259,468, 23.55
318,568, 27.44
305,526, 28.20
300,496, 29.13
313,597, 33.03
291,577, 34.23
247,522, 34.35
247,626, 37.95
273,626, 39.52
287,597, 40.51
298,604, 42.32
401,666, 45.96
689,569, 48.07
555,491, 49.68
771,350, 50.99
771,-80, 45.62
1071,-80, 50.99
1066,-430, 48.46
825,-734, 45.07
444,-1032, 39.19
294,-987, 39.41
73,-863, 40.21
97,-777, 40.48
97,-533, 44.42
128,-533, 43.43
237,-399, 46.07
361,-446, 45.56
602,-413, 48.16
549,-611, 45.33
445,-814, 41.50
400,-823, 41.48
400,-935, 39.14
261,-935, 38.36
196,-889, 38.25
267,-686, 42.13
262,-650, 42.53
341,-565, 44.54
384,-481, 46.90
375,-621, 44.30
375,-665, 43.66
344,-665, 43.77
317,-651, 44.04
381,-822, 40.56
342,-804, 40.85
264,-718, 42.24
251,-716, 41.51
507,-582, 45.21
349,-582, 45.18
329,-551, 45.74
283,-663, 42.87
239,-566, 44.28
305,-588, 43.55
353,-654, 42.08
394,-581, 43.87
280,-676, 41.34
280,-676, 40.82
310,-672, 40.56
468,-546, 43.95
452,-670, 41.82
313,-763, 39.41
202,-724, 39.20
149,-794, 36.30
149,-710, 36.77
118,-710, 35.30
170,-548, 37.77
98,-535, 36.73
127,-360, 39.50
211,-249, 41.58
361,-322, 40.55
381,-320, 41.22
381,-377, 40.56
426,-377, 41.36
440,-490, 39.71
389,-413, 41.86
266,-411, 41.73
200,-469, 39.88
200,-315, 42.70
139,-308, 42.10
271,-342, 41.36
271,-342, 41.33
345,-269, 43.36
416,-399, 41.36
314,-510, 39.01
282,-425, 40.71
257,-484, 39.17
285,-433, 39.87
285,-340, 41.59
391,-340, 42.26
305,-458, 39.50
214,-434, 39.23
169,-351, 40.06
269,-397, 38.70
238,-300, 40.30
280,-239, 41.47
280,-352, 38.83
279,-352, 38.56
231,-258, 40.12
360,-224, 41.21
466,-321, 40.03
387,-296, 40.98
324,-418, 38.31
239,-539, 35.00
239,-438, 36.50
200,-438, 35.66
181,-445, 34.56
161,-445, 33.50
136,-309, 35.34
163,-315, 34.36
247,-271, 34.98
340,-168, 37.51
340,-272, 35.55
336,-272, 35.75
361,-256, 36.45
306,-230, 37.07
221,-340, 34.20
227,-309, 34.38
163,-230, 35.30
202,-274, 33.81
202,-165, 35.69
285,-165, 35.76
312,-137, 36.61
392,-242, 34.97
259,-209, 35.52
248,-272, 33.90
147,-313, 32.10
162,-171, 34.44
162,-130, 34.72
166,-130, 34.16
264,-105, 34.73
329,6, 37.63
298,-63, 36.48
276,-79, 36.29
266,-26, 37.56
309,-133, 35.57
309,-121, 36.09
358,-121, 36.64
283,-92, 37.41
263,-175, 35.59
218,-143, 35.98
245,-77, 37.32
221,-178, 34.89
296,-114, 36.43
296,-99, 36.97
328,-99, 37.38
332,-201, 35.52
364,-140, 37.36
326,-190, 36.57
368,-278, 35.10
313,-226, 36.32
323,-278, 35.35
323,-278, 35.47
286,-330, 34.20
248,-216, 36.37
256,-265, 35.09
299,-238, 35.70
395,-144, 38.39
449,-237, 37.33
449,-271, 37.46
405,-271, 38.05
377,-258, 38.76
353,-375, 36.44
341,-323, 37.67
436,-254, 39.90
410,-377, 37.77
433,-339, 39.20
433,-351, 39.57
455,-351, 40.30
528,-494, 38.26
527,-489, 39.61
523,-598, 38.39
430,-719, 36.21
357,-675, 37.14
333,-709, 36.25
333,-765, 34.52
296,-765, 33.75
355,-642, 36.09
341,-671, 35.11
364,-668, 34.94
384,-565, 37.13
389,-672, 34.80
422,-712, 34.00
422,-686, 34.62
383,-686, 34.48
378,-771, 32.40
424,-770, 32.40
418,-720, 33.46
426,-823, 31.21
351,-817, 30.83
408,-795, 31.15
408,-882, 29.05
399,-882, 28.74
430,-839, 29.56
412,-862, 28.87
343,-973, 25.77
370,-921, 26.34
309,-910, 25.71
309,-941, 24.16
323,-941, 23.34
368,-855, 24.72
373,-879, 23.78
382,-933, 22.19
343,-872, 22.88
343,-900, 21.67
301,-915, 20.47
301,-861, 20.80
312,-861, 20.07
289,-873, 18.94
327,-858, 18.62
348,-775, 19.96
343,-815, 18.65
370,-799, 18.68
355,-795, 18.39
355,-896, 15.76
323,-896, 15.06
300,-864, 14.96
245,-842, 14.36
257,-825, 13.76
261,-731, 14.63
331,-682, 15.03
350,-729, 13.47
350,-730, 12.87
280,-730, 11.89
320,-780, 10.02
245,-895,  6.20
51,-872,  4.21
55,-817,  3.00
109,-771,  1.98
230,-696,  2.39
230,-696,  1.22
334,-662,  1.42
322,-724, -0.55
306,-731, -1.47
321,-745, -2.46
313,-808, -4.61
287,-816, -5.77
287,-835, -7.18
302,-835, -8.10
311,-876, -9.88
268,-865,-10.80
339,-881,-11.89
329,-970,-14.70
293,-959,-15.59
292,-991,-17.43
292,-1074,-20.76
290,-1074,-22.34
255,-1016,-22.83
245,-1058,-25.52
274,-1095,-27.98
278,-1030,-28.18
257,-1083,-31.05
266,-1158,-34.43
266,-1084,-34.57
271,-1084,-36.22
250,-1174,-40.01
258,-1265,-43.89
263,-1236,-45.17
272,-1293,-48.28
262,-1340,-51.29
262,-1326,-53.00
-43,-1326,-57.04
-474,-1379,-64.72
-502,-1193,-67.25
-702,-846,-67.04
-579,-493,-65.76
-354,-8,-59.72
-170,471,-52.06
-170,624,-51.03
-19,624,-52.33
56,810,-49.04
235,852,-47.39
197,682,-50.66
223,679,-50.28
215,533,-53.17
60,349,-58.00
60,423,-57.31
86,423,-58.03
20,398,-59.69
-46,432,-60.44
-5,689,-55.91
85,703,-55.94
107,676,-56.75
102,769,-54.95
102,704,-56.56
113,704,-56.74
81,657,-58.17
35,742,-56.67
78,678,-58.14
93,692,-57.87
60,818,-55.27
19,753,-57.01
19,854,-55.12
-31,854,-55.65
-132,1001,-53.46
31,943,-54.72
141,1072,-51.25
137,1080,-50.33
145,940,-52.69
146,1054,-49.55
146,999,-50.04
127,999,-49.50
151,935,-50.26
148,1044,-47.25
122,986,-48.00
174,943,-48.19
192,1007,-45.95
264,938,-46.20
264,825,-47.24
263,825,-45.93
147,840,-44.95
209,739,-46.20
164,723,-45.95
135,818,-43.41
276,703,-44.64
269,722,-43.07
269,747,-41.35
224,747,-40.43
294,615,-42.06
233,622,-41.13
277,597,-40.66
260,492,-42.11
275,517,-40.73
298,483,-40.50
298,342,-42.73
315,342,-41.60
352,304,-41.12
227,249,-41.80
181,211,-42.44
176,296,-40.40
226,264,-40.59
246,208,-41.24
246,268,-39.38
343,268,-38.23
365,158,-39.41
358,78,-40.13
319,77,-39.42
295,-71,-42.14
148,-140,-44.15