-127,-2059,  0.70
-522,-1935, -3.29
-913,-1628, -4.56
-913,-1206, -2.38
-1005,-1206,-11.02
-762,-700, -5.11
-362,-249,  2.42
-68,2,  7.11
117,194, 11.69
58,327, 14.67
0,537, 19.50
0,793, 25.81
117,775, 26.06
239,952, 32.02
127,1130, 37.61
294,1075, 38.36
456,1135, 42.93
756,1195, 49.29
756,880, 46.00
1167,880, 52.75
1345,572, 52.52
1128,314, 51.86
693,-131, 43.46
431,-232, 41.83
279,-213, 42.30
28,-391, 36.24
28,-241, 38.44
508,-241, 39.74
734,-322, 40.22
665,-755, 31.07
622,-1008, 25.72
399,-1375, 15.78
332,-1627,  7.92
234,-1521,  8.44
234,-1464,  7.84
165,-1464,  5.47
271,-1465,  3.69
121,-1409,  2.53
175,-1323,  2.56
-58,-1306, -0.41
-585,-1153, -2.84
-630,-867, -1.84
-630,-561,  0.12
-551,-561, -4.93
-330,-114,  2.89
-55,180,  8.97
200,332, 13.25
141,478, 17.25
161,548, 19.60
161,661, 23.15
261,661, 24.50
224,735, 27.55
298,700, 28.29
284,811, 32.68
343,848, 35.64
478,726, 35.29
751,803, 41.48
751,615, 40.89
1054,615, 46.62
1086,297, 44.26
989,163, 45.64
685,-189, 39.41
427,-368, 35.68
571,-307, 38.73
686,-607, 33.17
686,-960, 25.82
635,-960, 26.81
547,-1296, 18.59
290,-1706,  6.51
313,-1716,  4.36
175,-1652,  3.33
266,-1643,  1.50
180,-1583,  0.53
180,-1527, -0.45
36,-1527, -3.61
-164,-1430, -5.40
-573,-1246, -7.11
-751,-908, -5.57
-439,-478,  0.65
-56,-170,  6.54
170,20, 11.11
170,73, 12.40
215,73, 12.65
215,131, 14.40
320,139, 15.53
234,176, 16.93
236,265, 19.74
312,242, 20.20
312,282, 22.25
297,282, 23.23
355,383, 27.16
468,266, 26.22
828,211, 28.78
882,111, 30.38
735,-217, 25.07
557,-286, 24.98
557,-413, 23.27
355,-413, 23.51
270,-521, 20.47
169,-409, 22.39
195,-384, 22.37
313,-435, 21.10
321,-354, 23.22
432,-369, 23.60
432,-509, 20.72
443,-509, 21.34
540,-639, 19.13
471,-965, 11.28
214,-1201,  3.82
288,-1196,  2.71
177,-1226,  0.07
221,-1199, -0.88
221,-1178, -1.93
45,-1178, -4.49
47,-1100, -5.01
47,-1003, -4.92
-135,-906, -5.72
-181,-761, -5.39
-35,-613, -3.92
248,-506, -1.67
248,-428, -0.02
312,-428,  0.09
172,-428, -0.61
231,-418, -0.70
274,-418, -0.79
300,-420, -0.78
216,-414, -1.05
257,-409, -1.10
257,-400, -1.04
288,-400, -1.02
228,-392, -1.13
260,-396, -1.36
263,-416, -2.00
247,-426, -2.49
276,-427, -2.60
20,-439, -4.46
236,-439, -4.77
248,-433, -4.87
265,-450, -5.45
253,-474, -6.30
229,-463, -6.41
233,-489, -7.45
238,-511, -8.38
238,-511, -8.78
234,-511, -9.19
205,-548,-10.72
214,-565,-11.74
255,-560,-11.97
187,-620,-14.26
217,-615,-14.78
226,-613,-15.31
226,-699,-18.12
215,-699,-18.87
250,-673,-18.75
249,-699,-19.94
251,-812,-23.40
281,-829,-24.36
244,-935,-27.86
223,-1050,-31.85
223,-993,-31.54
-145,-993,-34.74
-443,-936,-38.15
-419,-794,-39.12
-236,-450,-33.58
115,-370,-32.36
260,-389,-32.76
213,-322,-31.23
213,-462,-34.96
242,-462,-35.10
248,-486,-35.82
225,-425,-34.50
252,-563,-38.10
111,-552,-38.84
-87,-501,-39.66
-174,-549,-43.46
-174,-352,-40.96
-140,-352,-43.09
-74,-213,-41.22
28,-229,-42.58
-99,-41,-39.40
-11,84,-37.08
-13,194,-34.98
18,531,-26.66
18,657,-23.35
160,657,-22.30
154,667,-21.04
270,722,-17.93
296,616,-18.78
187,556,-19.23
253,582,-17.15
223,489,-18.31
223,442,-18.41
235,442,-17.29
204,448,-16.20
214,334,-18.16
269,299,-17.93
236,290,-17.26
222,186,-19.15
222,171,-18.89
268,171,-18.00
224,135,-18.30
133,26,-21.06
294,18,-20.44
285,-60,-21.70
380,-212,-24.44
319,-301,-26.11
319,-486,-30.40
302,-486,-30.26
293,-632,-33.94
225,-606,-33.77
228,-697,-36.57
232,-807,-39.96
259,-756,-39.18
251,-893,-43.24
251,-974,-46.03
223,-974,-47.00
220,-930,-46.84
102,-1110,-53.09
-508,-1087,-57.82
-1050,-805,-58.90
-1279,-529,-61.01
-1111,101,-52.55
-1111,777,-41.98
-526,777,-44.58
-196,1161,-35.32
53,1598,-22.73
133,1730,-16.98
208,1638,-16.43
294,1670,-12.31
215,1590,-11.53
215,1502,-11.08
288,1502, -8.08
345,1509, -4.58
608,1429, -1.83
1100,1160, -1.30
1127,836, -2.44
1075,437, -6.32
771,35,-12.62
771,-477,-22.34
597,-294,-15.80
352,-586,-22.72
436,-812,-27.86
307,-960,-32.03
172,-1167,-38.71
397,-1186,-39.51
397,-1226,-40.88
128,-1226,-42.81
143,-1373,-48.45
-111,-1327,-50.74
-708,-1219,-54.77
-1009,-1009,-57.70
-1004,-481,-52.03
-724,-120,-48.29
-724,107,-47.49
-583,107,-51.41
-376,488,-44.26
-49,739,-38.05
-304,1076,-30.73
48,1578,-16.64
147,1667,-11.99
81,1639,-10.63
81,1644, -8.48
370,1644, -4.80
168,1548, -4.78
206,1496, -3.56
646,1449,  0.23
1079,1270,  3.00
1066,987,  2.70
1122,609, -0.16
1122,204, -4.29
1056,204,  1.09
753,-183, -5.32
378,-444,-11.18
289,-638,-16.19
448,-798,-19.67
212,-1003,-25.89
279,-1121,-29.75
279,-1122,-30.75
204,-1122,-32.14
95,-1223,-36.77
225,-1245,-38.73
-369,-1140,-40.84
-900,-1049,-46.19
-799,-750,-45.39
-799,-284,-39.82
-573,-284,-44.34
-326,-91,-42.41
145,131,-36.74
92,214,-34.66
-152,82,-39.44
-176,364,-33.81
-201,761,-24.94
-201,1028,-18.89
-100,1028,-18.79
201,1371, -8.09
166,1424, -4.63
245,1324, -4.62
173,1316, -2.79
287,1277, -1.13
192,1212, -0.77
192,1212,  1.18
234,1212,  3.36
574,1124,  5.20
995,1025,  9.02
1079,738,  8.29
1104,363,  4.98
764,-101, -3.14
402,-485,-11.94
402,-672,-16.17
220,-672,-16.87
298,-709,-18.07
168,-731,-19.68
244,-791,-21.86
233,-779,-22.33
119,-812,-24.59
193,-863,-26.92
193,-814,-26.74
232,-814,-27.52
-317,-796,-30.99
-667,-695,-34.27
-614,-340,-30.49
-388,-49,-26.55
-19,152,-22.39
325,302,-17.30
325,46,-22.51
150,234,-17.60
141,198,-18.28
45,325,-15.35
-9,388,-14.20
-6,629, -8.34
204,859, -1.22
204,880,  0.80
178,880,  2.15
277,886,  4.21
315,862,  5.72
335,870,  8.11
411,777,  8.33
638,691,  9.89
658,579, 10.75
658,378,  9.13
572,378, 11.91
382,235,  9.89
251,188,  9.39
225,119,  8.11
221,128,  8.72
197,144,  9.39
232,89,  8.44
232,103,  9.19
216,103,  9.51
214,107,  9.92
236,61,  9.17
205,84,  9.95
196,87, 10.20
237,55,  9.78
183,89, 10.72
183,74, 10.43
215,74, 10.69
224,54, 10.48
175,94, 11.52
201,75, 11.23
183,67, 11.10
201,124, 12.74
172,102, 12.25
172,103, 12.33
96,103, 11.94
74,170, 13.16
40,187, 12.99
152,278, 15.40
182,369, 18.12
195,332, 17.71
228,384, 19.75
228,423, 21.52
226,423, 22.31
219,361, 21.46
232,418, 23.67
233,455, 25.44
246,397, 24.87
201,487, 27.80
201,502, 28.90
240,502, 29.85
233,462, 29.72
195,565, 33.02
263,545, 33.66
231,526, 34.10
234,647, 38.16
235,587, 37.70
235,602, 39.09
243,602, 40.15
321,754, 45.59
787,691, 48.34
1126,491, 49.38
1141,292, 50.22
955,-194, 42.24
581,-400, 38.67
581,-405, 40.00
213,-405, 39.34
187,-538, 35.09
245,-400, 38.00
202,-351, 38.56
339,-452, 36.10
462,-363, 39.12
364,-519, 35.36
364,-831, 27.33
516,-831, 27.83
359,-936, 24.70
234,-1111, 18.90
264,-1200, 15.27
217,-1078, 16.71
167,-1096, 14.42
237,-1097, 12.96
237,-992, 14.25
258,-992, 13.09
157,-1007, 10.98
38,-937, 10.37
-172,-833,  9.55
-393,-710,  8.11
-460,-451, 10.01
-460,-122, 14.11
-289,-122, 11.15
25,96, 15.66
184,251, 19.76
230,314, 21.96
182,297, 21.89
124,459, 26.10
148,573, 29.42
148,616, 31.07
212,616, 32.02
228,862, 39.43
224,866, 40.89
284,847, 42.09
242,1008, 47.68
416,939, 48.52
903,834, 51.12
903,784, 54.96
1313,784, 62.35
1280,263, 56.02
1038,-87, 51.96
563,-196, 50.90
188,-509, 42.25
493,-492, 43.46
587,-461, 45.59
587,-869, 36.39
558,-869, 37.02
684,-1109, 32.15
491,-1394, 24.66
252,-1710, 14.61
294,-1612, 15.10
207,-1560, 14.04
252,-1560, 11.97
252,-1476, 12.10
203,-1476,  9.90
217,-1452,  8.41
178,-1443,  6.36
22,-1376,  4.94
-295,-1228,  3.90
-645,-1051,  1.85
-829,-651,  4.79
-829,-208,  9.44
-644,-208,  4.34
-402,225, 11.88
-7,628, 21.52
153,867, 28.40
210,1040, 34.23
194,1190, 39.59
194,1142, 40.04
196,1142, 41.65
272,1217, 45.64
403,1323, 51.27
806,1164, 52.49
1236,1148, 59.62
1341,864, 60.36
1250,319, 53.37
1250,173, 55.91
1219,173, 61.82
1146,-211, 57.33
743,-680, 47.76
592,-906, 42.95
825,-1440, 31.19
426,-1907, 18.12
274,-1948, 14.56
274,-2035,  9.77
318,-2035,  7.39
60,-2002,  4.38
238,-1879,  4.81
108,-1824,  2.91
-420,-1775, -2.09
-630,-1515, -2.71
-767,-1143, -0.83
-767,-739,  2.45
-723,-739, -3.88
-442,-332,  1.99
-20,-9,  8.69
78,158, 12.37
104,336, 16.72
111,484, 20.58
178,722, 27.36
178,978, 34.94
180,840, 32.67
235,848, 34.30
341,1031, 41.07
332,941, 40.96
829,936, 45.77
1324,978, 54.60
1324,584, 52.16
1238,584, 58.83
1312,217, 56.38
1119,-7, 55.98
773,-481, 46.77
804,-608, 46.06
758,-769, 44.01
644,-1352, 30.14
644,-1721, 21.00
595,-1721, 20.62
299,-1996, 11.42
339,-2215,  3.53
219,-2130,  2.54
94,-2076,  0.16
-132,-2053, -4.22
-660,-1861, -7.20
-660,-1507, -5.67
-754,-1507,-13.31
-742,-1094,-10.14
-696,-697, -6.50
-227,-265,  1.32
154,-48,  6.38
271,24,  8.67
190,43,  9.21
190,74, 10.09
262,74, 10.62
222,158, 13.10
229,166, 13.76
378,215, 16.35
249,260, 18.15
411,218, 18.69
667,287, 23.51
538,287, 25.88
666,258, 28.21
752,89, 27.36
767,19, 28.90
762,-175, 27.08
354,-414, 21.47
282,-348, 23.01
282,-374, 22.26
330,-374, 22.42
197,-437, 20.19
215,-307, 22.97
226,-333, 21.96
222,-347, 21.21
212,-238, 23.56
241,-289, 22.09
241,-274, 22.26
225,-274, 21.98
207,-191, 23.74
266,-253, 22.20
306,-214, 23.42
384,-167, 25.35
473,-325, 22.54
490,-489, 19.45
490,-758, 13.40
486,-758, 13.92
238,-1101,  4.14
362,-1150,  2.20
227,-1127,  1.29
175,-1145, -0.93
251,-1113, -1.44
157,-1105, -3.06
157,-1105, -4.87
227,-1085, -5.74
264,-1071, -6.52
236,-1055, -7.38
249,-1021, -7.68
247,-1031, -9.07
261,-998, -9.27
261,-988,-10.01
184,-988,-11.44
228,-1001,-12.95
251,-963,-13.01
194,-971,-14.53
106,-1006,-17.26
85,-887,-16.16
164,-852,-16.60
164,-883,-18.70
121,-883,-20.27
171,-820,-19.92
174,-834,-21.45
41,-793,-22.33
172,-695,-20.92
197,-734,-22.76
146,-695,-22.93
146,-646,-22.78
223,-646,-23.38
268,-730,-25.89
197,-709,-26.21
136,-706,-27.31
100,-784,-30.70
-4,-691,-30.36
-90,-639,-31.44
-90,-605,-32.89
0,-605,-34.65
50,-434,-31.68
67,-406,-32.08
200,-441,-33.29
208,-358,-31.45
173,-418,-33.40
173,-485,-35.60
129,-485,-36.42
78,-378,-34.75
-4,-445,-37.91
-30,-381,-37.90
-11,-206,-34.82
45,-214,-35.90
49,-107,-33.99
49,58,-30.42
136,58,-30.39
150,18,-31.32
149,119,-28.65
255,179,-26.31
246,42,-29.03
248,31,-28.68
252,-1,-28.86
252,-120,-31.35
233,-120,-31.03
105,-68,-30.10
48,-76,-30.98
69,-134,-33.05
63,-46,-31.44
104,-79,-32.60
174,-118,-33.56
174,-44,-31.65
151,-44,-31.69
156,-140,-34.18
71,-159,-35.30
30,-52,-33.41
36,-87,-35.01
26,-13,-33.90
114,128,-30.43
114,45,-32.57
119,45,-32.65
151,90,-31.37
178,122,-30.22
94,2,-33.44
111,69,-31.89
149,78,-31.53
113,-27,-34.31
113,48,-32.58
131,48,-32.58
53,30,-33.50
80,5,-34.47
57,155,-31.06
118,130,-31.63
190,110,-31.69
150,175,-29.81
150,84,-31.89
189,84,-31.50
216,66,-31.43
140,156,-29.03
218,47,-31.21
199,24,-31.43
162,53,-30.55
136,-75,-33.84
136,-31,-32.86
90,-31,-33.22
72,48,-31.63
39,-21,-33.95
101,73,-31.79
94,100,-31.27
30,3,-34.30
76,128,-31.44
76,123,-31.77
110,123,-31.78
124,56,-33.45
151,128,-31.45
120,49,-33.45
148,15,-34.23
105,149,-30.95
142,175,-30.07
142,186,-29.54
118,186,-29.43
149,272,-26.91
234,152,-29.11
176,121,-29.52
154,151,-28.52
114,40,-31.36
41,56,-31.49
41,115,-30.47
11,115,-31.07
-7,27,-34.05
104,116,-31.93
86,180,-30.43
41,129,-32.08
154,268,-28.23
142,276,-27.65
142,189,-29.52
177,189,-29.06
234,254,-26.59
128,186,-28.09
51,112,-30.29
58,197,-28.42
51,142,-30.10
74,155,-29.97
74,297,-26.47
161,297,-25.96
182,228,-27.11
167,217,-26.95
191,259,-25.29
198,152,-27.40
149,170,-26.70
205,226,-24.68
205,91,-27.52
182,91,-27.20
157,104,-26.68
121,96,-26.90
100,19,-29.03
40,132,-26.70
58,170,-26.04
154,147,-26.36
154,256,-23.29
169,256,-22.81
174,233,-22.90
240,166,-23.78
208,181,-22.83
221,88,-24.58
183,26,-25.87
183,82,-24.20
90,82,-24.43
27,19,-26.66
54,57,-26.20
131,186,-22.89
146,134,-24.00
172,167,-22.83
200,179,-22.00
200,70,-24.29
157,70,-24.16
101,78,-24.15
100,73,-24.46
58,17,-26.34
32,156,-23.40
57,248,-21.33
100,227,-21.82
100,331,-19.09
175,331,-18.49
203,289,-18.82
213,234,-19.48
234,258,-18.06
224,174,-19.47
226,116,-20.32
200,127,-19.61
200,37,-21.50
172,37,-21.35
176,30,-21.36
175,90,-19.65
152,13,-21.54
176,34,-20.86
180,99,-18.99
160,22,-20.82
160,42,-20.25
197,42,-19.96
174,67,-19.15
149,10,-20.58
182,58,-19.17
190,43,-19.29
133,-6,-20.64
38,47,-19.96
38,54,-20.39
20,54,-21.09
-30,62,-21.87
24,171,-19.71
88,193,-19.28
90,207,-19.01
99,336,-15.69
119,344,-15.22
119,415,-13.10
174,415,-12.41
188,469,-10.24
238,395,-11.03
238,408, -9.68
212,372, -9.73
235,288,-10.95
219,287,-10.23
219,244,-10.61
206,244,-10.01
239,185,-10.76
226,197, -9.82
210,152,-10.44
226,100,-11.22
227,117,-10.28
229,50,-11.48
229,50,-11.04
189,4,-12.03
173,43,-10.97
143,30,-11.38
102,103, -9.81
114,228, -6.73
147,262, -5.64
147,330, -3.62
182,330, -3.07
227,359, -1.51
230,319, -1.69
213,306, -1.33
220,292, -0.97
215,275, -0.75
223,255, -0.58
223,243, -0.24
211,243,  0.32
219,228,  0.54
220,212,  0.71
247,202,  1.17
214,200,  1.63
196,192,  1.82
162,207,  2.40
162,245,  3.59
148,245,  3.77
136,281,  4.82
116,350,  6.65
148,413,  8.60
135,454, 10.00
146,517, 12.09
184,515, 12.79
184,506, 13.30
222,506, 14.25
234,567, 16.85
219,529, 16.87
226,522, 17.67
229,597, 20.60
224,540, 20.18
226,539, 21.14
226,617, 24.14
215,617, 25.15
221,535, 24.07
247,562, 25.84
241,637, 28.86
234,555, 27.86
232,592, 29.81
235,671, 32.91
235,592, 32.03
229,592, 33.04
224,675, 36.16
223,707, 38.07
232,623, 37.06
224,731, 40.86
239,792, 43.66
369,694, 43.18
369,950, 51.71
608,841, 52.51
979,721, 54.98
1103,384, 52.34
1102,243, 54.27
1019,-166, 48.56
723,-485, 42.88
498,-451, 44.59
498,-707, 38.84
377,-685, 39.23
457,-857, 35.08
473,-965, 32.45
305,-1297, 22.90
282,-1371, 19.45
240,-1303, 19.34
240,-1352, 16.30
223,-1352, 14.38
158,-1284, 13.86
45,-1186, 13.57
-187,-1216,  8.79
-516,-984,  8.89
-652,-675, 10.55
-531,-354, 13.69
-531,5, 18.28
-138,5, 16.36
130,211, 21.33
173,256, 22.66
228,365, 26.03
270,359, 26.80
221,362, 27.52
186,494, 31.37
186,443, 30.66
277,443, 31.73
230,453, 32.78
228,605, 37.50
267,555, 37.42
291,603, 39.94
635,691, 45.53
1018,417, 44.04
1018,243, 44.74
1061,243, 49.91
816,43, 48.47
556,-300, 41.53
267,-324, 40.71
242,-295, 41.08
251,-352, 39.32
183,-165, 43.42
183,-141, 43.55
235,-141, 43.40
243,-207, 41.58
208,4, 46.65
218,-44, 45.36
810,-150, 45.90
1004,-195, 48.97
839,-716, 38.68
839,-1146, 30.01
668,-1146, 30.88
376,-1247, 27.45
276,-1420, 21.45
204,-1375, 20.45
250,-1243, 22.04
202,-1308, 18.45
243,-1228, 18.77
243,-1128, 19.72
228,-1128, 18.16
172,-1172, 15.14
244,-1100, 15.48
233,-1033, 15.75
64,-1061, 12.68
-75,-922, 13.12
-331,-806, 11.70
-379,-550, 13.81
-615,-619,  6.54
-568,-240, 11.08
-391,123, 16.77
8,408, 23.26
226,636, 29.93
220,693, 32.44
220,721, 34.28
145,721, 34.99
259,882, 40.52
264,811, 40.29
263,870, 43.31
235,1024, 48.70
393,907, 48.19
850,969, 54.75
850,885, 57.60
1204,885, 64.50
1309,376, 58.79
1253,145, 59.21
680,-145, 54.45
972,-609, 46.44
749,-699, 46.18
613,-1053, 38.15
613,-1566, 25.52
687,-1566, 25.88
334,-1763, 19.11
349,-1930, 12.93
234,-1953,  9.61
105,-1804,  9.99
335,-1764,  9.09
-53,-1756,  5.20
-53,-1558,  6.26
-475,-1558,  0.07
-649,-1288, -0.08
-754,-918,  2.16
-575,-497,  7.31
-287,-155, 12.68
66,82, 17.86
127,259, 22.17
127,329, 23.95
68,329, 23.68
121,544, 29.28
158,719, 34.36
282,722, 35.93
313,827, 40.32
191,901, 43.34
337,827, 43.46
337,940, 48.31
800,940, 53.03
1209,684, 53.45
1235,260, 49.27
1107,97, 50.49
751,-323, 42.75
250,-544, 36.69
762,-418, 42.24
662,-674, 37.50
702,-681, 39.06
574,-981, 32.28
690,-1257, 26.37
409,-1694, 14.29
250,-1788,  9.57
312,-1716,  9.40
312,-1713,  7.55
201,-1713,  5.00
189,-1655,  3.89
-45,-1563,  2.42
-303,-1469, -0.33
-553,-1232, -0.65
-617,-919,  1.00
-310,-541,  6.56
-310,-266, 10.00
-183,-266,  7.46
144,-94, 11.26
362,-2, 14.49
202,44, 15.72
177,70, 16.36
222,108, 17.61
307,235, 21.69
307,246, 22.95
200,246, 23.31
200,300, 25.07
327,428, 29.55
265,338, 28.20
461,345, 30.36
791,404, 35.75
907,136, 33.40
907,-28, 33.35
855,-28, 36.99
768,-193, 35.84
500,-482, 29.70
193,-437, 30.03
217,-435, 29.45
244,-499, 27.32
244,-353, 30.55
189,-353, 29.88
108,-346, 28.94
479,-395, 28.69
572,-347, 31.41
588,-621, 25.95
657,-1016, 17.36
373,-1253, 10.67
373,-1506,  3.25
240,-1506,  1.27
370,-1530, -0.58
140,-1491, -2.14
224,-1455, -3.23
265,-1429, -4.28
212,-1405, -5.63
245,-1377, -6.65
245,-1336, -7.29
139,-1336, -9.53
174,-1320,-11.14
7,-1233,-11.83
-137,-1153,-13.40
-127,-950,-11.59
-206,-774,-10.63
-23,-638, -9.39
-23,-461, -6.89
215,-461, -7.35
192,-406, -6.51
177,-388, -6.64
283,-295, -4.19
253,-279, -3.77
252,-282, -3.83
279,-241, -2.61
279,-255, -2.74
230,-255, -2.82
220,-257, -3.01
260,-233, -2.30
294,-257, -2.60
218,-265, -2.96
277,-240, -2.14
277,-263, -2.52
302,-263, -2.20
270,-253, -1.81
415,-304, -2.15
473,-362, -2.41
424,-447, -3.74
223,-510, -5.78
272,-542, -6.82
272,-532, -6.82
236,-532, -7.27
180,-554, -8.60
274,-590, -9.79
214,-584,-10.27
194,-611,-11.72
269,-644,-12.92
270,-641,-13.23
270,-682,-14.68
288,-682,-15.01
176,-738,-17.43
303,-718,-17.23
258,-822,-20.46
315,-938,-23.82
347,-986,-25.40
222,-1154,-30.86
222,-1204,-33.50
244,-1204,-34.77
214,-1152,-34.86
191,-1271,-39.43
211,-1313,-42.05
96,-1219,-41.86
-309,-1338,-49.36
-667,-1218,-52.87
-667,-864,-50.12
-729,-864,-56.36
-590,-638,-55.91
-189,-304,-50.02
135,-120,-45.67
272,-225,-47.76
135,-153,-46.21
237,-183,-46.61
237,-337,-50.26
-9,-337,-51.55
-81,-75,-46.47
-198,165,-42.25
-104,434,-36.40
51,864,-25.11
194,926,-21.94
216,874,-21.51
216,909,-18.91
287,909,-16.78
219,791,-18.10
250,751,-17.40
230,760,-15.61
235,648,-16.92
228,624,-16.16
197,613,-15.28
197,509,-16.83
252,509,-15.52
259,471,-15.17
233,451,-14.55
583,297,-15.44
783,82,-16.98
841,-336,-23.77
625,-832,-34.42
625,-1137,-40.83
320,-1137,-41.52
332,-1322,-46.93
181,-1428,-51.41
282,-1326,-50.06
267,-1439,-54.22
213,-1583,-59.63
213,-1513,-59.70
119,-1769,-68.64
-431,-1688,-72.35
-1576,-1559,-81.25
-1549,-864,-75.09
-1288,-229,-67.94
-1070,664,-51.94
-292,1485,-32.05
-292,1693,-26.89
156,1693,-24.25
114,1831,-18.29
288,1841,-14.48
237,1678,-15.44
203,1670,-12.83
214,1614,-11.43
438,1547, -9.12
438,1484, -6.83
782,1484, -1.04
1219,1180, -0.64
1488,728, -3.01
1457,278, -6.18
978,-249,-14.76
777,-771,-25.14
485,-1189,-35.23
485,-1541,-44.20
131,-1541,-46.58
375,-1706,-51.82
272,-1697,-53.36
160,-1885,-60.62
-126,-1906,-65.45
-699,-1745,-68.86
-1059,-1599,-74.46
-1059,-1079,-70.11
-1202,-1079,-79.28
-1265,-534,-74.64
-1003,-127,-71.26
-792,589,-58.06
-203,1209,-42.95
-108,1542,-33.85
-79,1994,-21.05
-79,2129,-15.84
93,2129,-12.96
262,2056,-11.01
261,2019, -8.27
256,1917, -7.31
680,1822, -3.89
1110,1687,  0.79
1110,1325, -0.64
1160,1325,  7.04
1501,890,  5.37
1391,329, -0.86
1038,-301,-11.72
691,-881,-24.19
415,-1359,-36.41
374,-1700,-45.99
374,-1861,-51.38
254,-1861,-53.50
268,-1906,-56.69
271,-2083,-63.33
-300,-2043,-67.87
-811,-1989,-74.89
-1096,-1817,-80.36
-1852,-1195,-78.23
-1852,-514,-73.63
-1449,-514,-83.32
-771,215,-70.19
-666,1187,-49.12
-196,1679,-36.41
170,1920,-27.42
-1,2157,-19.19
180,2092,-17.43
180,2030,-15.70
328,2030,-11.63
190,2008, -8.94
170,1892, -8.85
347,1880, -5.22
617,1874,  0.06
970,1645,  1.56
1351,1345,  3.05
1351,823, -1.68
1560,823,  7.53
1269,174, -1.79
918,-487,-14.37
676,-1020,-25.98
201,-1330,-35.29
151,-1423,-39.69
415,-1470,-41.50
415,-1593,-45.34
220,-1593,-47.28
165,-1499,-47.09
242,-1609,-51.59
186,-1754,-57.47
-335,-1655,-60.21
-1411,-1550,-68.80
-1411,-1001,-65.69
-1305,-1001,-75.35
-1481,-42,-61.14
-1217,716,-49.22
-218,1489,-30.09
82,1919,-17.04
72,1842,-16.58
367,1849,-12.39
367,1809, -9.42
231,1809, -6.28
55,1713, -6.65
224,1706, -3.89
323,1660, -1.61
193,1556, -1.65
857,1527,  3.90
1596,1263,  7.53
1596,702,  3.05
1397,702, 11.11
1363,16,  1.16
1183,-643,-10.11
491,-1175,-23.02
68,-1441,-32.21
432,-1460,-33.27
345,-1477,-34.80
345,-1477,-35.91
-22,-1477,-39.12
332,-1557,-42.34
226,-1592,-45.12
-579,-1527,-49.96
-878,-1486,-57.02
-1349,-1021,-55.69
-1385,-314,-47.60
-1385,367,-39.14
-716,367,-43.48
-79,1083,-25.59
127,1437,-14.90
57,1429,-13.51
317,1476, -9.21
292,1378, -8.77
292,1290, -8.23
141,1290, -6.41
363,1336, -2.13
247,1267, -1.45
183,1132, -2.97
846,1106,  1.96
1168,860,  2.96
1118,500,  0.34
1118,147, -2.64
1113,147,  2.97
784,-247, -3.54
228,-542,-11.25
163,-679,-15.65
348,-764,-17.83
132,-826,-20.77
98,-829,-22.46
98,-878,-25.33
356,-878,-25.51
97,-874,-27.07
52,-872,-28.92
254,-908,-30.59
-234,-864,-33.03
-624,-754,-35.92
-562,-557,-36.02
-562,-176,-31.05
-421,-176,-34.57
-317,45,-31.76
50,136,-29.88
152,277,-25.99
-137,276,-27.25
-37,539,-21.09
67,888,-11.73
67,1001, -8.01
120,1001, -6.76
222,1051, -3.63
273,1033, -1.91
209,975, -1.64
294,947, -0.19
349,902,  1.08
349,877,  2.80
249,877,  4.54
458,774,  4.80
763,649,  6.08
792,477,  6.11
550,233,  2.63
455,33, -0.62
325,-74, -2.49
325,-135, -3.33
125,-135, -3.82
193,-143, -4.13
220,-163, -4.60
264,-170, -4.52
171,-195, -5.44
131,-200, -6.11
213,-181, -5.69
213,-205, -6.36
137,-205, -6.87
136,-190, -7.00
133,-171, -7.02
149,-192, -7.95
192,-158, -7.24
165,-143, -7.13
142,-163, -8.03
142,-131, -7.62
186,-131, -7.73
218,-133, -7.71
194,-150, -8.21
121,-103, -7.51
199,-81, -6.93
144,-68, -6.88
72,-24, -6.41
72,-1, -6.43
102,-1, -6.83
53,50, -6.19
54,170, -3.68
70,297, -0.73
84,472,  3.72
177,611,  8.02
196,681, 10.82
196,681, 11.91
255,704, 13.92
230,667, 14.26
215,709, 16.49
287,715, 18.27
272,680, 18.89
226,737, 21.57
226,699, 21.86
296,699, 23.48
261,677, 24.32
277,729, 27.13
247,661, 26.73
264,684, 28.67
250,741, 31.44
263,665, 30.91
263,703, 33.22
318,703, 34.90
604,748, 39.38
812,513, 37.85
866,379, 38.89
753,165, 37.00
479,-128, 31.17
242,-83, 32.32
242,-93, 32.11
204,-93, 31.92
208,-178, 29.55
172,-63, 32.04
252,-36, 32.87
258,-94, 31.58
95,18, 33.66
416,-12, 34.08
416,-138, 31.96
336,-138, 32.46
340,-115, 33.58
339,-343, 28.22
286,-462, 25.06
225,-424, 25.45
241,-509, 22.80
209,-467, 23.15
209,-358, 25.29
189,-358, 24.65
231,-415, 22.77
266,-348, 24.24
201,-275, 25.58
222,-323, 24.01
266,-255, 25.63
10,-186, 25.90
209,-186, 25.64
190,-252, 23.56
257,-114, 27.05
234,-117, 26.96
192,-153, 25.76
218,-27, 28.86
251,-8, 29.56
251,-41, 28.93
201,-41, 28.82
237,110, 32.83
428,75, 33.33
579,16, 34.02
625,37, 36.95
605,-191, 33.33
426,-269, 32.24
426,-232, 34.01
337,-232, 34.36
352,-377, 31.04
264,-324, 32.14
286,-278, 33.26
369,-441, 29.51
372,-418, 30.36
317,-455, 29.37
317,-615, 25.15
325,-615, 24.89
278,-575, 25.41
242,-573, 24.79
229,-595, 23.48
232,-459, 26.25
212,-455, 25.68
228,-481, 24.44
228,-362, 26.92
281,-362, 26.79
234,-370, 26.19
226,-352, 26.20
275,-236, 29.06
222,-290, 27.38
198,-251, 27.89
251,-116, 31.25
251,-197, 29.20
236,-197, 29.05
233,-122, 30.83
237,-19, 33.46
350,-102, 32.07
388,-50, 34.27
435,-30, 35.98
513,-205, 33.11
513,-205, 34.52
466,-154, 36.97
559,-262, 35.90
502,-475, 31.62
360,-490, 31.36
295,-636, 27.31
268,-751, 23.70
268,-621, 26.28
247,-621, 25.56
194,-673, 23.20
253,-650, 23.05
235,-524, 25.50
193,-588, 22.97
222,-538, 23.47
209,-433, 25.40
209,-484, 23.43
206,-484, 22.71
202,-415, 23.75
232,-343, 25.14
211,-414, 22.81
219,-322, 24.65
221,-260, 25.86
210,-316, 24.03
210,-215, 26.20
199,-215, 25.83
221,-189, 26.26
230,-223, 25.23
206,-110, 27.82
216,-89, 28.25
214,-101, 27.83
211,33, 31.17
211,-14, 30.00
210,-14, 29.98
217,-14, 30.00
228,124, 33.66
319,46, 32.44
431,24, 33.20
347,39, 34.39
388,-208, 29.05
388,-272, 28.10
454,-272, 29.10
535,-299, 29.86
538,-500, 26.08
533,-542, 26.10
497,-575, 26.09
252,-739, 21.22
252,-661, 22.40
223,-661, 21.51
255,-613, 22.04
199,-648, 20.18
220,-535, 22.23
228,-513, 22.13
188,-551, 20.28
238,-427, 22.86
238,-438, 22.12
243,-438, 21.69
186,-452, 20.56
220,-347, 22.70
240,-387, 21.35
203,-368, 21.26
197,-237, 24.07
246,-283, 22.76
246,-213, 24.38
234,-213, 24.23
191,-143, 25.64
240,-202, 24.10
207,-143, 25.33
199,-82, 26.66
238,-131, 25.45
238,-29, 28.08
238,35, 29.86
207,35, 29.90
206,-43, 27.91
231,103, 31.76
221,80, 31.38
201,55, 30.80
284,189, 34.77
341,132, 34.32
341,-15, 31.44
458,-15, 32.83
527,-60, 33.45
585,-387, 27.03
591,-567, 23.98
640,-630, 23.98
541,-844, 19.41
362,-913, 17.26
362,-894, 17.30
247,-894, 16.22
263,-947, 13.86
244,-873, 14.61
195,-811, 14.88
270,-840, 13.32
198,-778, 13.67
189,-747, 13.25
189,-762, 11.70
260,-762, 10.92
209,-691, 11.70
123,-685, 10.40
21,-655,  9.16
-71,-491, 10.91
-226,-373, 10.82
-199,-197, 12.57
-199,47, 16.35
-75,47, 14.87
108,165, 17.50
266,242, 20.15
241,319, 22.75
198,287, 22.39
260,330, 24.28
276,408, 27.22
276,408, 28.25
255,339, 27.36
216,397, 29.43
268,502, 33.10
266,411, 31.82
227,514, 35.21
452,554, 38.40
708,421, 38.62
726,421, 42.18
926,462, 47.93
991,249, 47.50
911,-91, 43.01
997,-209, 44.25
829,-517, 39.43
510,-910, 30.13
510,-1129, 24.78
639,-1129, 25.54
520,-1588, 13.73
224,-1815,  5.59
302,-1757,  4.97
98,-1800,  0.66
242,-1782, -1.28
180,-1757, -3.35
180,-1719, -5.04
-100,-1719, -9.26
-487,-1610,-12.85
-733,-1346,-13.64
-704,-943,-10.27
-692,-541, -6.24
-161,-165,  0.75
194,45,  6.02
194,121,  8.11
139,121,  8.02
54,262, 11.09
247,359, 14.34
198,464, 17.63
244,493, 19.37
347,477, 20.57
347,520, 23.26
303,520, 24.63
534,471, 26.06
800,376, 27.74
780,287, 29.30
676,-11, 24.71
727,-170, 23.58
367,-239, 22.47
367,-382, 19.35
134,-382, 18.39
287,-322, 19.87
271,-276, 20.98
196,-346, 18.72
200,-292, 19.60
217,-261, 20.06
210,-351, 17.38
210,-265, 19.15
205,-265, 18.78
223,-240, 19.16
155,-329, 16.24
180,-240, 17.95
255,-234, 18.07
160,-298, 15.84
256,-239, 17.26
256,-289, 15.94
265,-289, 15.90
290,-340, 14.68
166,-324, 14.41
274,-398, 12.46
218,-483,  9.80
85,-489,  8.30
164,-513,  6.80
164,-482,  6.69
184,-482,  5.94
158,-447,  5.95
167,-468,  4.62
219,-471,  4.03
186,-460,  3.61
208,-483,  2.45
208,-478,  1.99
239,-478,  1.60
229,-458,  1.66
200,-487,  0.32
245,-485,  0.00
233,-482, -0.35
210,-509, -1.61
247,-509, -1.99
247,-512, -2.44
256,-512, -2.77
223,-529, -3.73
240,-529, -4.16
262,-528, -4.45
193,-564, -6.08
236,-573, -6.81
266,-568, -7.02
266,-611, -8.46
230,-611, -9.06
235,-626,-10.00
261,-601, -9.78
237,-649,-11.56
225,-651,-12.27
238,-648,-12.78
252,-714,-14.98
252,-717,-15.65
207,-717,-16.49
239,-715,-17.10
230,-779,-19.45
165,-760,-20.12
69,-752,-21.59
46,-784,-24.21
132,-687,-23.02
132,-664,-23.61
277,-664,-23.92
102,-735,-27.08
51,-637,-26.24
26,-653,-28.35
65,-632,-29.29
118,-498,-26.97
5,-559,-30.15
5,-515,-30.68
17,-515,-32.22
15,-345,-29.35
-62,-407,-32.69
25,-287,-30.90
20,-130,-28.00
78,-94,-27.67
129,3,-25.42
129,102,-22.99
199,102,-22.57
242,10,-24.30
176,40,-23.37
201,-2,-24.13
174,-118,-27.02
111,-58,-25.87
52,-13,-25.36
52,-72,-27.48
106,-72,-27.84
135,22,-25.60
193,-30,-26.68
204,-75,-27.58
209,-44,-26.55
240,-136,-28.49
238,-187,-29.51
238,-187,-29.27
174,-150,-28.45
100,-244,-31.40
33,-274,-33.20
-102,-151,-31.84
-101,-122,-32.74
-24,76,-28.76
232,253,-23.58
96,253,-23.53
197,213,-23.92
186,303,-21.08
193,296,-20.58
252,164,-23.00
206,170,-22.29
230,104,-23.31
230,8,-25.20
217,8,-24.81
223,27,-23.90
235,-37,-25.05
188,-111,-26.82
251,-59,-25.06
171,-166,-27.82
43,-239,-30.57
43,-138,-28.92
3,-138,-29.97
0,-187,-32.29
39,-102,-30.98
56,9,-28.78
56,-28,-30.26
121,91,-27.37
111,204,-24.52
111,167,-25.41
147,167,-25.18
187,212,-23.56
201,204,-23.17
258,97,-25.03
215,108,-24.23
230,66,-24.71
196,-43,-27.18
196,22,-25.30
122,22,-25.44
95,-6,-26.45
41,-84,-29.11
70,16,-27.10
127,-19,-28.11
141,-27,-28.40
167,40,-26.60
167,-54,-28.88
161,-54,-28.89
52,-49,-29.39
-4,54,-27.67
-20,58,-28.46
5,192,-25.72
113,334,-21.97
191,312,-21.82
191,332,-20.62
206,332,-19.83
271,308,-19.29
229,191,-21.44
215,221,-20.03
232,198,-19.85
248,91,-21.80
238,89,-21.24
238,29,-22.19
237,29,-21.67
256,-35,-22.71
235,-27,-22.09
252,-122,-24.04
238,-201,-25.78
238,-175,-24.92
165,-290,-28.10
165,-276,-28.09
40,-276,-29.14
-139,-184,-28.83
-211,-158,-30.50
-169,13,-28.13
-17,255,-22.80
70,303,-21.65
70,421,-18.62
215,421,-17.65
212,424,-16.62
262,311,-18.32
215,318,-17.34
227,269,-17.73
242,169,-19.44
218,199,-18.05
218,146,-18.78
235,146,-18.12
261,48,-19.85
195,70,-18.99
235,-5,-20.39
238,-73,-21.69
238,-58,-20.94
215,-156,-23.23
215,-176,-23.64
243,-176,-23.40
233,-185,-23.45
230,-304,-26.38
82,-325,-27.78
-190,-259,-28.52
-314,-225,-30.70
-286,77,-25.71
-286,333,-21.47
-31,333,-22.03
128,443,-18.83
197,535,-15.55
235,542,-14.12
268,442,-15.28
180,434,-14.70
234,410,-14.25
234,344,-14.92
223,344,-14.05
231,341,-13.21
256,247,-14.59
217,215,-14.73
231,219,-13.91
237,139,-15.22
216,122,-15.14
216,109,-14.98
211,109,-14.54
240,33,-15.89
256,21,-15.61
222,-15,-16.17
219,-91,-17.83
253,-70,-16.89
253,-114,-17.61
230,-114,-17.38
200,-192,-19.35
233,-148,-18.07
251,-229,-19.87
238,-298,-21.55
243,-228,-19.69
116,-330,-22.92
116,-344,-24.02
-210,-344,-26.63
-318,-159,-25.06
-214,-22,-23.86
-72,147,-20.81
217,288,-16.59
281,223,-17.14
206,192,-17.34
206,208,-16.37
280,208,-15.36
243,162,-15.77
240,132,-15.85
288,128,-15.03
262,68,-15.81
270,67,-15.11
252,57,-14.75
252,3,-15.55
233,3,-15.14
193,43,-13.93
170,50,-13.64
209,74,-12.69
190,157,-10.28
228,160, -9.61
268,157, -8.87
268,167, -7.80
250,167, -7.09
244,130, -7.37
245,106, -7.36
234,116, -6.58
166,72, -7.57
34,84, -7.93
-222,159, -8.11
-7,159, -8.88
-38,221, -8.22
21,336, -5.76
161,414, -3.29
207,409, -2.60
240,423, -1.24
254,413, -0.40
254,384, -0.08
230,384,  0.81
218,373,  1.34
261,390,  2.82
256,374,  3.43
227,361,  3.93
236,349,  4.48
249,352,  5.48
249,333,  5.90
238,333,  6.72
248,346,  7.93
230,352,  8.86
215,331,  9.02
252,343, 10.21
248,345, 11.13
223,307, 10.86
223,342, 12.43
238,342, 13.23
250,341, 14.06
244,331, 14.62
217,387, 16.71
253,360, 16.94
233,336, 17.08
216,395, 19.24
216,367, 19.22
247,367, 20.07
241,364, 20.79
226,433, 23.29
238,399, 23.28
235,395, 23.97
221,474, 26.73
237,415, 26.11
237,474, 28.45
244,474, 29.39
217,527, 31.54
224,407, 29.31
309,483, 32.48
373,583, 36.74
248,431, 33.88
747,463, 38.43
747,276, 37.34
813,276, 41.18
820,-152, 33.96
625,-371, 30.42
381,-606, 24.75
279,-777, 19.82
322,-637, 22.95
200,-668, 21.16
200,-681, 19.79
172,-681, 18.59
257,-574, 20.65
259,-603, 19.35
196,-584, 18.90
229,-498, 20.41
279,-546, 18.86
23,-503, 18.12
227,-503, 17.52
199,-427, 18.73
215,-476, 16.90
243,-411, 18.12
228,-360, 18.99
238,-388, 17.93
226,-314, 19.42
226,-268, 20.29
236,-268, 20.08
230,-296, 19.12
199,-224, 20.53
216,-191, 21.14
263,-213, 20.63
215,-124, 22.70
201,-132, 22.29
201,-137, 21.96
219,-137, 21.85
218,4, 25.38
186,-29, 24.43
203,-24, 24.51
235,108, 28.07
224,64, 27.19
219,104, 28.39
219,198, 31.05
235,198, 31.49
220,138, 30.29
232,224, 32.86
239,313, 35.66
236,225, 33.98
235,367, 38.12
231,393, 39.43
231,307, 37.88
234,307, 38.44
429,460, 44.09
689,389, 45.62
1201,32, 42.58
1316,-287, 40.65
1076,-954, 27.85
774,-1411, 17.80
774,-1438, 18.24
265,-1438, 16.42
150,-1493, 12.52
314,-1463, 11.70
194,-1377, 11.70
258,-1395,  9.50
256,-1369,  8.42
29,-1294,  7.35
29,-1234,  6.01
-140,-1234,  2.24
-625,-1121, -1.36
-770,-788,  0.10
-717,-395,  3.92
-473,-25,  9.13
-9,321, 16.92
-9,490, 20.61
130,490, 20.97
217,605, 24.79
180,711, 28.33
235,726, 29.97
264,835, 34.22
286,845, 36.18
249,832, 37.33
249,965, 42.23
261,965, 43.94
727,832, 44.87
1083,693, 47.47
1124,577, 50.68
1128,95, 44.24
944,-205, 40.75
726,-324, 40.26
726,-598, 35.57
558,-598, 36.61
579,-704, 35.03
525,-924, 30.03
555,-1397, 18.35
290,-1576, 12.09
266,-1628,  8.75
211,-1673,  5.22
211,-1588,  5.00
274,-1588,  3.08
140,-1587,  0.42
-218,-1524, -2.67
-362,-1381, -4.40
-643,-1157, -5.41
-732,-787, -2.81
-479,-393,  2.42
-479,-58,  6.70
-173,-58,  4.56
158,134,  9.29
289,248, 13.03
224,242, 13.44
202,266, 14.49
230,347, 17.21
486,328, 18.91
315,328, 20.09
281,380, 22.41
208,444, 24.69
314,411, 25.15
362,473, 28.29
258,462, 29.02
512,400, 29.87
512,398, 32.17
884,398, 36.64
852,237, 36.73
722,-64, 32.20
634,-131, 32.79
349,-286, 29.36
243,-372, 26.89
211,-222, 30.23
211,-300, 27.87
176,-300, 27.23
199,-297, 26.80
630,-180, 31.81
536,-358, 28.79
509,-626, 23.02
566,-852, 18.29
281,-1193,  8.63
281,-1191,  7.39
227,-1191,  5.79
189,-1143,  5.23
287,-1126,  4.50
228,-1090,  3.96
181,-1067,  2.87
300,-1061,  2.07
201,-1032,  1.30
201,-977,  1.26
180,-977, -0.24
256,-966, -1.01
165,-940, -1.90
107,-887, -2.37
81,-817, -2.47
5,-756, -3.12
-174,-664, -3.91
-174,-664, -6.93
40,-530, -5.24
2,-410, -3.93
149,-293, -1.67
294,-222,  0.39
182,-208,  0.43
249,-192,  0.93
249,-175,  1.47
251,-175,  1.61
284,-153,  2.51
245,-146,  2.82
197,-141,  2.82
272,-114,  3.82
205,-114,  3.77
225,-102,  4.16
225,-79,  4.84
265,-79,  5.18
236,-108,  4.61
200,-79,  5.29
225,-79,  5.41
230,-94,  5.16
225,-73,  5.80
237,-75,  5.94
237,-91,  5.71
233,-91,  5.85
226,-74,  6.39
237,-95,  6.03
259,-110,  5.92
237,-82,  6.78
279,-129,  5.97
399,-165,  6.07
399,-202,  6.09
259,-202,  6.21
162,-270,  4.00
306,-273,  4.22
259,-275,  4.19
330,-321,  3.42
297,-357,  2.65
332,-455,  0.43
332,-601, -3.17
335,-601, -3.17
255,-719, -6.69
254,-778, -8.85
201,-802,-10.49
232,-825,-11.95
228,-806,-12.37
185,-834,-14.22
185,-834,-15.38
257,-881,-17.34
226,-853,-17.59